{"C:\\Users\\flohu\\OneDrive\\Documents\\Projekte\\FoodForYou-Backend\\__tests__\\utils\\SuperTest.ts": {"path":"C:\\Users\\flohu\\OneDrive\\Documents\\Projekte\\FoodForYou-Backend\\__tests__\\utils\\SuperTest.ts","statementMap":{"0":{"start":{"line":1,"column":0},"end":{"line":1,"column":47}},"1":{"start":{"line":2,"column":0},"end":{"line":2,"column":32}},"2":{"start":{"line":4,"column":0},"end":{"line":4,"column":38}},"3":{"start":{"line":7,"column":22},"end":{"line":7,"column":38}},"4":{"start":{"line":8,"column":4},"end":{"line":8,"column":29}},"5":{"start":{"line":16,"column":4},"end":{"line":16,"column":44}},"6":{"start":{"line":17,"column":4},"end":{"line":22,"column":25}},"7":{"start":{"line":23,"column":4},"end":{"line":23,"column":33}},"8":{"start":{"line":27,"column":4},"end":{"line":27,"column":60}},"9":{"start":{"line":31,"column":4},"end":{"line":31,"column":21}},"10":{"start":{"line":35,"column":4},"end":{"line":38,"column":24}},"11":{"start":{"line":42,"column":4},"end":{"line":45,"column":24}},"12":{"start":{"line":49,"column":4},"end":{"line":49,"column":63}},"13":{"start":{"line":6,"column":0},"end":{"line":6,"column":21}}},"fnMap":{"0":{"name":"(anonymous_1)","decl":{"start":{"line":7,"column":2},"end":{"line":7,"column":22}},"loc":{"start":{"line":7,"column":38},"end":{"line":9,"column":3}}},"1":{"name":"(anonymous_2)","decl":{"start":{"line":15,"column":10},"end":{"line":15,"column":27}},"loc":{"start":{"line":15,"column":27},"end":{"line":24,"column":3}}},"2":{"name":"(anonymous_3)","decl":{"start":{"line":26,"column":9},"end":{"line":26,"column":12}},"loc":{"start":{"line":26,"column":24},"end":{"line":28,"column":3}}},"3":{"name":"(anonymous_4)","decl":{"start":{"line":30,"column":2},"end":{"line":30,"column":6}},"loc":{"start":{"line":30,"column":9},"end":{"line":32,"column":3}}},"4":{"name":"(anonymous_5)","decl":{"start":{"line":34,"column":9},"end":{"line":34,"column":13}},"loc":{"start":{"line":34,"column":36},"end":{"line":39,"column":3}}},"5":{"name":"(anonymous_6)","decl":{"start":{"line":41,"column":9},"end":{"line":41,"column":14}},"loc":{"start":{"line":41,"column":37},"end":{"line":46,"column":3}}},"6":{"name":"(anonymous_7)","decl":{"start":{"line":48,"column":9},"end":{"line":48,"column":15}},"loc":{"start":{"line":48,"column":27},"end":{"line":50,"column":3}}}},"branchMap":{"0":{"loc":{"start":{"line":38,"column":12},"end":{"line":38,"column":22}},"type":"binary-expr","locations":[{"start":{"line":38,"column":12},"end":{"line":38,"column":16}},{"start":{"line":38,"column":20},"end":{"line":38,"column":22}}]},"1":{"loc":{"start":{"line":45,"column":12},"end":{"line":45,"column":22}},"type":"binary-expr","locations":[{"start":{"line":45,"column":12},"end":{"line":45,"column":16}},{"start":{"line":45,"column":20},"end":{"line":45,"column":22}}]}},"s":{"0":5,"1":5,"2":5,"3":5,"4":5,"5":5,"6":5,"7":5,"8":25,"9":0,"10":7,"11":13,"12":9,"13":5},"f":{"0":5,"1":5,"2":25,"3":0,"4":7,"5":13,"6":9},"b":{"0":[7,0],"1":[13,0]}}
,"C:\\Users\\flohu\\OneDrive\\Documents\\Projekte\\FoodForYou-Backend\\__tests__\\utils\\index.ts": {"path":"C:\\Users\\flohu\\OneDrive\\Documents\\Projekte\\FoodForYou-Backend\\__tests__\\utils\\index.ts","statementMap":{"0":{"start":{"line":6,"column":32},"end":{"line":16,"column":27}},"1":{"start":{"line":11,"column":3},"end":{"line":16,"column":27}},"2":{"start":{"line":6,"column":13},"end":{"line":6,"column":32}},"3":{"start":{"line":19,"column":33},"end":{"line":25,"column":28}},"4":{"start":{"line":20,"column":3},"end":{"line":25,"column":28}},"5":{"start":{"line":19,"column":13},"end":{"line":19,"column":33}}},"fnMap":{"0":{"name":"(anonymous_0)","decl":{"start":{"line":6,"column":32},"end":{"line":6,"column":null}},"loc":{"start":{"line":11,"column":3},"end":{"line":16,"column":27}}},"1":{"name":"(anonymous_1)","decl":{"start":{"line":19,"column":33},"end":{"line":19,"column":36}},"loc":{"start":{"line":20,"column":3},"end":{"line":25,"column":28}}}},"branchMap":{"0":{"loc":{"start":{"line":7,"column":2},"end":{"line":7,"column":18}},"type":"default-arg","locations":[{"start":{"line":7,"column":16},"end":{"line":7,"column":18}}]},"1":{"loc":{"start":{"line":8,"column":2},"end":{"line":8,"column":16}},"type":"default-arg","locations":[{"start":{"line":8,"column":14},"end":{"line":8,"column":16}}]},"2":{"loc":{"start":{"line":9,"column":2},"end":{"line":9,"column":17}},"type":"default-arg","locations":[{"start":{"line":9,"column":15},"end":{"line":9,"column":17}}]}},"s":{"0":1,"1":14,"2":1,"3":1,"4":14,"5":1},"f":{"0":14,"1":14},"b":{"0":[3],"1":[9],"2":[12]}}
,"C:\\Users\\flohu\\OneDrive\\Documents\\Projekte\\FoodForYou-Backend\\src\\Server.ts": {"path":"C:\\Users\\flohu\\OneDrive\\Documents\\Projekte\\FoodForYou-Backend\\src\\Server.ts","statementMap":{"0":{"start":{"line":2,"column":0},"end":{"line":2,"column":63}},"1":{"start":{"line":3,"column":0},"end":{"line":3,"column":48}},"2":{"start":{"line":5,"column":0},"end":{"line":5,"column":57}},"3":{"start":{"line":6,"column":0},"end":{"line":6,"column":37}},"4":{"start":{"line":7,"column":0},"end":{"line":7,"column":33}},"5":{"start":{"line":9,"column":15},"end":{"line":9,"column":37}},"6":{"start":{"line":17,"column":39},"end":{"line":17,"column":52}},"7":{"start":{"line":15,"column":10},"end":{"line":15,"column":40}},"8":{"start":{"line":20,"column":4},"end":{"line":22,"column":null}},"9":{"start":{"line":21,"column":6},"end":{"line":21,"column":40}},"10":{"start":{"line":23,"column":4},"end":{"line":23,"column":26}},"11":{"start":{"line":27,"column":4},"end":{"line":27,"column":21}},"12":{"start":{"line":31,"column":4},"end":{"line":33,"column":7}},"13":{"start":{"line":32,"column":6},"end":{"line":32,"column":66}},"14":{"start":{"line":37,"column":4},"end":{"line":39,"column":7}},"15":{"start":{"line":38,"column":6},"end":{"line":38,"column":24}},"16":{"start":{"line":40,"column":4},"end":{"line":40,"column":16}},"17":{"start":{"line":44,"column":4},"end":{"line":47,"column":7}},"18":{"start":{"line":45,"column":30},"end":{"line":45,"column":49}},"19":{"start":{"line":46,"column":6},"end":{"line":46,"column":36}},"20":{"start":{"line":48,"column":4},"end":{"line":48,"column":16}},"21":{"start":{"line":52,"column":4},"end":{"line":52,"column":37}},"22":{"start":{"line":53,"column":4},"end":{"line":53,"column":71}},"23":{"start":{"line":54,"column":4},"end":{"line":54,"column":39}},"24":{"start":{"line":55,"column":4},"end":{"line":55,"column":16}},"25":{"start":{"line":11,"column":0},"end":{"line":11,"column":21}}},"fnMap":{"0":{"name":"(anonymous_7)","decl":{"start":{"line":17,"column":2},"end":{"line":17,"column":39}},"loc":{"start":{"line":17,"column":52},"end":{"line":17,"column":56}}},"1":{"name":"(anonymous_8)","decl":{"start":{"line":19,"column":9},"end":{"line":19,"column":15}},"loc":{"start":{"line":19,"column":40},"end":{"line":24,"column":3}}},"2":{"name":"(anonymous_9)","decl":{"start":{"line":26,"column":2},"end":{"line":26,"column":6}},"loc":{"start":{"line":26,"column":9},"end":{"line":28,"column":3}}},"3":{"name":"(anonymous_10)","decl":{"start":{"line":30,"column":9},"end":{"line":30,"column":12}},"loc":{"start":{"line":30,"column":12},"end":{"line":34,"column":3}}},"4":{"name":"(anonymous_11)","decl":{"start":{"line":31,"column":40},"end":{"line":31,"column":43}},"loc":{"start":{"line":31,"column":45},"end":{"line":33,"column":5}}},"5":{"name":"(anonymous_12)","decl":{"start":{"line":36,"column":9},"end":{"line":36,"column":29}},"loc":{"start":{"line":36,"column":58},"end":{"line":41,"column":3}}},"6":{"name":"(anonymous_13)","decl":{"start":{"line":37,"column":23},"end":{"line":37,"column":25}},"loc":{"start":{"line":37,"column":28},"end":{"line":39,"column":5}}},"7":{"name":"(anonymous_14)","decl":{"start":{"line":43,"column":9},"end":{"line":43,"column":26}},"loc":{"start":{"line":43,"column":66},"end":{"line":49,"column":3}}},"8":{"name":"(anonymous_15)","decl":{"start":{"line":44,"column":22},"end":{"line":44,"column":28}},"loc":{"start":{"line":44,"column":31},"end":{"line":47,"column":5}}},"9":{"name":"(anonymous_16)","decl":{"start":{"line":51,"column":9},"end":{"line":51,"column":24}},"loc":{"start":{"line":51,"column":24},"end":{"line":56,"column":3}}}},"branchMap":{"0":{"loc":{"start":{"line":20,"column":4},"end":{"line":22,"column":null}},"type":"if","locations":[{"start":{"line":20,"column":4},"end":{"line":22,"column":null}}]}},"s":{"0":5,"1":5,"2":5,"3":5,"4":5,"5":5,"6":5,"7":5,"8":5,"9":5,"10":5,"11":5,"12":0,"13":0,"14":5,"15":10,"16":5,"17":0,"18":0,"19":0,"20":0,"21":5,"22":5,"23":5,"24":5,"25":5},"f":{"0":5,"1":5,"2":5,"3":0,"4":0,"5":5,"6":10,"7":0,"8":0,"9":5},"b":{"0":[5]}}
,"C:\\Users\\flohu\\OneDrive\\Documents\\Projekte\\FoodForYou-Backend\\src\\api\\v2\\controllers\\AuthController.ts": {"path":"C:\\Users\\flohu\\OneDrive\\Documents\\Projekte\\FoodForYou-Backend\\src\\api\\v2\\controllers\\AuthController.ts","statementMap":{"0":{"start":{"line":3,"column":0},"end":{"line":3,"column":32}},"1":{"start":{"line":6,"column":0},"end":{"line":6,"column":50}},"2":{"start":{"line":7,"column":0},"end":{"line":7,"column":43}},"3":{"start":{"line":8,"column":0},"end":{"line":8,"column":51}},"4":{"start":{"line":11,"column":2},"end":{"line":11,"column":17}},"5":{"start":{"line":13,"column":2},"end":{"line":70,"column":4}},"6":{"start":{"line":73,"column":4},"end":{"line":75,"column":7}},"7":{"start":{"line":76,"column":4},"end":{"line":76,"column":67}},"8":{"start":{"line":80,"column":4},"end":{"line":82,"column":7}},"9":{"start":{"line":83,"column":4},"end":{"line":83,"column":67}},"10":{"start":{"line":87,"column":4},"end":{"line":87,"column":17}},"11":{"start":{"line":88,"column":4},"end":{"line":88,"column":24}},"12":{"start":{"line":92,"column":4},"end":{"line":92,"column":54}},"13":{"start":{"line":10,"column":0},"end":{"line":10,"column":21}}},"fnMap":{"0":{"name":"(anonymous_1)","decl":{"start":{"line":10,"column":0},"end":{"line":10,"column":21}},"loc":{"start":{"line":10,"column":0},"end":{"line":94,"column":1}}},"1":{"name":"(anonymous_2)","decl":{"start":{"line":17,"column":15},"end":{"line":17,"column":16}},"loc":{"start":{"line":17,"column":47},"end":{"line":17,"column":50}}},"2":{"name":"(anonymous_3)","decl":{"start":{"line":33,"column":15},"end":{"line":33,"column":16}},"loc":{"start":{"line":33,"column":47},"end":{"line":33,"column":50}}},"3":{"name":"(anonymous_4)","decl":{"start":{"line":49,"column":15},"end":{"line":49,"column":16}},"loc":{"start":{"line":49,"column":47},"end":{"line":49,"column":50}}},"4":{"name":"(anonymous_5)","decl":{"start":{"line":72,"column":10},"end":{"line":72,"column":29}},"loc":{"start":{"line":72,"column":57},"end":{"line":77,"column":3}}},"5":{"name":"(anonymous_6)","decl":{"start":{"line":79,"column":10},"end":{"line":79,"column":27}},"loc":{"start":{"line":79,"column":55},"end":{"line":84,"column":3}}},"6":{"name":"(anonymous_7)","decl":{"start":{"line":86,"column":10},"end":{"line":86,"column":22}},"loc":{"start":{"line":86,"column":50},"end":{"line":89,"column":3}}},"7":{"name":"(anonymous_8)","decl":{"start":{"line":91,"column":10},"end":{"line":91,"column":25}},"loc":{"start":{"line":91,"column":53},"end":{"line":93,"column":3}}}},"branchMap":{},"s":{"0":5,"1":5,"2":5,"3":5,"4":5,"5":5,"6":0,"7":0,"8":0,"9":0,"10":0,"11":0,"12":0,"13":5},"f":{"0":5,"1":0,"2":0,"3":0,"4":0,"5":0,"6":0,"7":0},"b":{}}
,"C:\\Users\\flohu\\OneDrive\\Documents\\Projekte\\FoodForYou-Backend\\src\\api\\v2\\controllers\\ImageController.ts": {"path":"C:\\Users\\flohu\\OneDrive\\Documents\\Projekte\\FoodForYou-Backend\\src\\api\\v2\\controllers\\ImageController.ts","statementMap":{"0":{"start":{"line":4,"column":0},"end":{"line":4,"column":50}},"1":{"start":{"line":5,"column":0},"end":{"line":5,"column":51}},"2":{"start":{"line":8,"column":0},"end":{"line":8,"column":45}},"3":{"start":{"line":33,"column":4},"end":{"line":33,"column":12}},"4":{"start":{"line":32,"column":22},"end":{"line":32,"column":45}},"5":{"start":{"line":11,"column":2},"end":{"line":11,"column":19}},"6":{"start":{"line":13,"column":2},"end":{"line":30,"column":4}},"7":{"start":{"line":34,"column":4},"end":{"line":34,"column":29}},"8":{"start":{"line":38,"column":26},"end":{"line":38,"column":61}},"9":{"start":{"line":39,"column":14},"end":{"line":44,"column":null}},"10":{"start":{"line":41,"column":58},"end":{"line":44,"column":8}},"11":{"start":{"line":46,"column":4},"end":{"line":46,"column":50}},"12":{"start":{"line":46,"column":17},"end":{"line":46,"column":50}},"13":{"start":{"line":47,"column":4},"end":{"line":47,"column":33}},"14":{"start":{"line":52,"column":4},"end":{"line":52,"column":50}},"15":{"start":{"line":52,"column":25},"end":{"line":52,"column":50}},"16":{"start":{"line":53,"column":26},"end":{"line":55,"column":null}},"17":{"start":{"line":57,"column":4},"end":{"line":57,"column":50}},"18":{"start":{"line":57,"column":17},"end":{"line":57,"column":50}},"19":{"start":{"line":58,"column":4},"end":{"line":58,"column":61}},"20":{"start":{"line":59,"column":4},"end":{"line":59,"column":36}},"21":{"start":{"line":63,"column":19},"end":{"line":63,"column":29}},"22":{"start":{"line":64,"column":26},"end":{"line":64,"column":66}},"23":{"start":{"line":65,"column":4},"end":{"line":65,"column":50}},"24":{"start":{"line":65,"column":17},"end":{"line":65,"column":50}},"25":{"start":{"line":66,"column":4},"end":{"line":66,"column":35}},"26":{"start":{"line":10,"column":0},"end":{"line":10,"column":21}}},"fnMap":{"0":{"name":"(anonymous_8)","decl":{"start":{"line":32,"column":2},"end":{"line":32,"column":22}},"loc":{"start":{"line":32,"column":45},"end":{"line":35,"column":3}}},"1":{"name":"(anonymous_9)","decl":{"start":{"line":37,"column":16},"end":{"line":37,"column":25}},"loc":{"start":{"line":37,"column":53},"end":{"line":48,"column":null}}},"2":{"name":"(anonymous_13)","decl":{"start":{"line":41,"column":38},"end":{"line":41,"column":39}},"loc":{"start":{"line":41,"column":58},"end":{"line":44,"column":8}}},"3":{"name":"(anonymous_14)","decl":{"start":{"line":51,"column":16},"end":{"line":51,"column":27}},"loc":{"start":{"line":51,"column":55},"end":{"line":60,"column":null}}},"4":{"name":"(anonymous_18)","decl":{"start":{"line":62,"column":16},"end":{"line":62,"column":31}},"loc":{"start":{"line":62,"column":59},"end":{"line":67,"column":null}}}},"branchMap":{"0":{"loc":{"start":{"line":46,"column":4},"end":{"line":46,"column":50}},"type":"if","locations":[{"start":{"line":46,"column":4},"end":{"line":46,"column":50}}]},"1":{"loc":{"start":{"line":52,"column":4},"end":{"line":52,"column":50}},"type":"if","locations":[{"start":{"line":52,"column":4},"end":{"line":52,"column":50}}]},"2":{"loc":{"start":{"line":52,"column":9},"end":{"line":52,"column":23}},"type":"cond-expr","locations":[{"start":{"line":52,"column":17},"end":{"line":52,"column":19}},{"start":{"line":52,"column":17},"end":{"line":52,"column":23}}]},"3":{"loc":{"start":{"line":52,"column":9},"end":{"line":52,"column":19}},"type":"binary-expr","locations":[{"start":{"line":52,"column":9},"end":{"line":52,"column":19}},{"start":{"line":52,"column":17},"end":{"line":52,"column":19}}]},"4":{"loc":{"start":{"line":57,"column":4},"end":{"line":57,"column":50}},"type":"if","locations":[{"start":{"line":57,"column":4},"end":{"line":57,"column":50}}]},"5":{"loc":{"start":{"line":58,"column":40},"end":{"line":58,"column":57}},"type":"cond-expr","locations":[{"start":{"line":58,"column":46},"end":{"line":58,"column":48}},{"start":{"line":58,"column":40},"end":{"line":58,"column":57}}]},"6":{"loc":{"start":{"line":58,"column":40},"end":{"line":58,"column":48}},"type":"binary-expr","locations":[{"start":{"line":58,"column":40},"end":{"line":58,"column":48}},{"start":{"line":58,"column":40},"end":{"line":58,"column":48}}]},"7":{"loc":{"start":{"line":65,"column":4},"end":{"line":65,"column":50}},"type":"if","locations":[{"start":{"line":65,"column":4},"end":{"line":65,"column":50}}]}},"s":{"0":5,"1":5,"2":5,"3":5,"4":5,"5":5,"6":5,"7":5,"8":1,"9":1,"10":10,"11":1,"12":0,"13":1,"14":0,"15":0,"16":0,"17":0,"18":0,"19":0,"20":0,"21":2,"22":2,"23":2,"24":1,"25":1,"26":5},"f":{"0":5,"1":1,"2":10,"3":0,"4":2},"b":{"0":[0],"1":[0],"2":[0,0],"3":[0,0],"4":[0],"5":[0,0],"6":[0,0],"7":[1]}}
,"C:\\Users\\flohu\\OneDrive\\Documents\\Projekte\\FoodForYou-Backend\\src\\api\\v2\\controllers\\MealController.ts": {"path":"C:\\Users\\flohu\\OneDrive\\Documents\\Projekte\\FoodForYou-Backend\\src\\api\\v2\\controllers\\MealController.ts","statementMap":{"0":{"start":{"line":2,"column":0},"end":{"line":2,"column":48}},"1":{"start":{"line":4,"column":0},"end":{"line":4,"column":51}},"2":{"start":{"line":5,"column":0},"end":{"line":5,"column":47}},"3":{"start":{"line":6,"column":0},"end":{"line":6,"column":50}},"4":{"start":{"line":7,"column":0},"end":{"line":7,"column":42}},"5":{"start":{"line":8,"column":0},"end":{"line":8,"column":43}},"6":{"start":{"line":52,"column":4},"end":{"line":52,"column":12}},"7":{"start":{"line":51,"column":22},"end":{"line":51,"column":43}},"8":{"start":{"line":13,"column":2},"end":{"line":13,"column":18}},"9":{"start":{"line":16,"column":2},"end":{"line":49,"column":4}},"10":{"start":{"line":53,"column":4},"end":{"line":53,"column":29}},"11":{"start":{"line":69,"column":8},"end":{"line":69,"column":41}},"12":{"start":{"line":71,"column":19},"end":{"line":81,"column":6}},"13":{"start":{"line":83,"column":27},"end":{"line":85,"column":48}},"14":{"start":{"line":87,"column":4},"end":{"line":87,"column":51}},"15":{"start":{"line":87,"column":16},"end":{"line":87,"column":51}},"16":{"start":{"line":88,"column":4},"end":{"line":88,"column":41}},"17":{"start":{"line":92,"column":19},"end":{"line":92,"column":29}},"18":{"start":{"line":93,"column":23},"end":{"line":93,"column":45}},"19":{"start":{"line":94,"column":26},"end":{"line":94,"column":65}},"20":{"start":{"line":95,"column":4},"end":{"line":95,"column":50}},"21":{"start":{"line":95,"column":15},"end":{"line":95,"column":50}},"22":{"start":{"line":96,"column":4},"end":{"line":96,"column":40}},"23":{"start":{"line":100,"column":26},"end":{"line":100,"column":62}},"24":{"start":{"line":101,"column":4},"end":{"line":101,"column":50}},"25":{"start":{"line":101,"column":15},"end":{"line":101,"column":50}},"26":{"start":{"line":102,"column":4},"end":{"line":102,"column":52}},"27":{"start":{"line":103,"column":4},"end":{"line":103,"column":43}},"28":{"start":{"line":107,"column":19},"end":{"line":107,"column":29}},"29":{"start":{"line":108,"column":26},"end":{"line":108,"column":66}},"30":{"start":{"line":109,"column":4},"end":{"line":109,"column":50}},"31":{"start":{"line":109,"column":15},"end":{"line":109,"column":50}},"32":{"start":{"line":110,"column":4},"end":{"line":110,"column":43}},"33":{"start":{"line":114,"column":19},"end":{"line":114,"column":29}},"34":{"start":{"line":115,"column":26},"end":{"line":115,"column":56}},"35":{"start":{"line":116,"column":4},"end":{"line":116,"column":50}},"36":{"start":{"line":116,"column":15},"end":{"line":116,"column":50}},"37":{"start":{"line":117,"column":4},"end":{"line":117,"column":43}},"38":{"start":{"line":12,"column":0},"end":{"line":12,"column":21}}},"fnMap":{"0":{"name":"(anonymous_8)","decl":{"start":{"line":51,"column":2},"end":{"line":51,"column":22}},"loc":{"start":{"line":51,"column":43},"end":{"line":54,"column":3}}},"1":{"name":"(anonymous_9)","decl":{"start":{"line":56,"column":16},"end":{"line":56,"column":24}},"loc":{"start":{"line":56,"column":52},"end":{"line":89,"column":null}}},"2":{"name":"(anonymous_13)","decl":{"start":{"line":91,"column":16},"end":{"line":91,"column":27}},"loc":{"start":{"line":91,"column":55},"end":{"line":97,"column":null}}},"3":{"name":"(anonymous_17)","decl":{"start":{"line":99,"column":16},"end":{"line":99,"column":26}},"loc":{"start":{"line":99,"column":54},"end":{"line":104,"column":null}}},"4":{"name":"(anonymous_21)","decl":{"start":{"line":106,"column":16},"end":{"line":106,"column":26}},"loc":{"start":{"line":106,"column":54},"end":{"line":111,"column":null}}},"5":{"name":"(anonymous_25)","decl":{"start":{"line":113,"column":16},"end":{"line":113,"column":26}},"loc":{"start":{"line":113,"column":54},"end":{"line":118,"column":null}}}},"branchMap":{"0":{"loc":{"start":{"line":83,"column":27},"end":{"line":85,"column":48}},"type":"cond-expr","locations":[{"start":{"line":84,"column":8},"end":{"line":84,"column":53}},{"start":{"line":85,"column":8},"end":{"line":85,"column":48}}]},"1":{"loc":{"start":{"line":87,"column":4},"end":{"line":87,"column":51}},"type":"if","locations":[{"start":{"line":87,"column":4},"end":{"line":87,"column":51}}]},"2":{"loc":{"start":{"line":95,"column":4},"end":{"line":95,"column":50}},"type":"if","locations":[{"start":{"line":95,"column":4},"end":{"line":95,"column":50}}]},"3":{"loc":{"start":{"line":101,"column":4},"end":{"line":101,"column":50}},"type":"if","locations":[{"start":{"line":101,"column":4},"end":{"line":101,"column":50}}]},"4":{"loc":{"start":{"line":109,"column":4},"end":{"line":109,"column":50}},"type":"if","locations":[{"start":{"line":109,"column":4},"end":{"line":109,"column":50}}]},"5":{"loc":{"start":{"line":116,"column":4},"end":{"line":116,"column":50}},"type":"if","locations":[{"start":{"line":116,"column":4},"end":{"line":116,"column":50}}]}},"s":{"0":5,"1":5,"2":5,"3":5,"4":5,"5":5,"6":5,"7":5,"8":5,"9":5,"10":5,"11":2,"12":2,"13":2,"14":2,"15":0,"16":2,"17":2,"18":2,"19":2,"20":2,"21":1,"22":1,"23":0,"24":0,"25":0,"26":0,"27":0,"28":3,"29":3,"30":3,"31":1,"32":2,"33":2,"34":2,"35":2,"36":1,"37":1,"38":5},"f":{"0":5,"1":2,"2":2,"3":0,"4":3,"5":2},"b":{"0":[1,1],"1":[0],"2":[1],"3":[0],"4":[1],"5":[1]}}
,"C:\\Users\\flohu\\OneDrive\\Documents\\Projekte\\FoodForYou-Backend\\src\\api\\v2\\controllers\\OrderController.ts": {"path":"C:\\Users\\flohu\\OneDrive\\Documents\\Projekte\\FoodForYou-Backend\\src\\api\\v2\\controllers\\OrderController.ts","statementMap":{"0":{"start":{"line":2,"column":0},"end":{"line":2,"column":48}},"1":{"start":{"line":4,"column":0},"end":{"line":4,"column":50}},"2":{"start":{"line":5,"column":0},"end":{"line":5,"column":42}},"3":{"start":{"line":7,"column":0},"end":{"line":7,"column":47}},"4":{"start":{"line":8,"column":0},"end":{"line":8,"column":44}},"5":{"start":{"line":9,"column":0},"end":{"line":9,"column":51}},"6":{"start":{"line":50,"column":4},"end":{"line":50,"column":12}},"7":{"start":{"line":49,"column":22},"end":{"line":49,"column":45}},"8":{"start":{"line":12,"column":2},"end":{"line":12,"column":19}},"9":{"start":{"line":14,"column":2},"end":{"line":47,"column":4}},"10":{"start":{"line":51,"column":4},"end":{"line":51,"column":29}},"11":{"start":{"line":67,"column":8},"end":{"line":67,"column":42}},"12":{"start":{"line":69,"column":19},"end":{"line":79,"column":6}},"13":{"start":{"line":81,"column":27},"end":{"line":83,"column":49}},"14":{"start":{"line":85,"column":4},"end":{"line":85,"column":51}},"15":{"start":{"line":85,"column":16},"end":{"line":85,"column":51}},"16":{"start":{"line":86,"column":4},"end":{"line":86,"column":41}},"17":{"start":{"line":90,"column":26},"end":{"line":90,"column":63}},"18":{"start":{"line":91,"column":4},"end":{"line":91,"column":50}},"19":{"start":{"line":91,"column":15},"end":{"line":91,"column":50}},"20":{"start":{"line":92,"column":4},"end":{"line":92,"column":52}},"21":{"start":{"line":93,"column":4},"end":{"line":93,"column":43}},"22":{"start":{"line":97,"column":19},"end":{"line":97,"column":29}},"23":{"start":{"line":98,"column":23},"end":{"line":98,"column":57}},"24":{"start":{"line":99,"column":26},"end":{"line":99,"column":66}},"25":{"start":{"line":100,"column":4},"end":{"line":100,"column":50}},"26":{"start":{"line":100,"column":15},"end":{"line":100,"column":50}},"27":{"start":{"line":101,"column":4},"end":{"line":101,"column":40}},"28":{"start":{"line":105,"column":19},"end":{"line":105,"column":29}},"29":{"start":{"line":106,"column":26},"end":{"line":106,"column":67}},"30":{"start":{"line":107,"column":4},"end":{"line":107,"column":50}},"31":{"start":{"line":107,"column":15},"end":{"line":107,"column":50}},"32":{"start":{"line":108,"column":4},"end":{"line":108,"column":43}},"33":{"start":{"line":112,"column":19},"end":{"line":112,"column":29}},"34":{"start":{"line":113,"column":26},"end":{"line":113,"column":57}},"35":{"start":{"line":114,"column":4},"end":{"line":114,"column":50}},"36":{"start":{"line":114,"column":15},"end":{"line":114,"column":50}},"37":{"start":{"line":115,"column":4},"end":{"line":115,"column":43}},"38":{"start":{"line":11,"column":0},"end":{"line":11,"column":21}}},"fnMap":{"0":{"name":"(anonymous_8)","decl":{"start":{"line":49,"column":2},"end":{"line":49,"column":22}},"loc":{"start":{"line":49,"column":45},"end":{"line":52,"column":3}}},"1":{"name":"(anonymous_9)","decl":{"start":{"line":54,"column":16},"end":{"line":54,"column":25}},"loc":{"start":{"line":54,"column":53},"end":{"line":87,"column":null}}},"2":{"name":"(anonymous_13)","decl":{"start":{"line":89,"column":16},"end":{"line":89,"column":27}},"loc":{"start":{"line":89,"column":55},"end":{"line":94,"column":null}}},"3":{"name":"(anonymous_17)","decl":{"start":{"line":96,"column":16},"end":{"line":96,"column":28}},"loc":{"start":{"line":96,"column":56},"end":{"line":102,"column":null}}},"4":{"name":"(anonymous_21)","decl":{"start":{"line":104,"column":16},"end":{"line":104,"column":27}},"loc":{"start":{"line":104,"column":55},"end":{"line":109,"column":null}}},"5":{"name":"(anonymous_25)","decl":{"start":{"line":111,"column":16},"end":{"line":111,"column":27}},"loc":{"start":{"line":111,"column":55},"end":{"line":116,"column":null}}}},"branchMap":{"0":{"loc":{"start":{"line":81,"column":27},"end":{"line":83,"column":49}},"type":"cond-expr","locations":[{"start":{"line":82,"column":8},"end":{"line":82,"column":54}},{"start":{"line":83,"column":8},"end":{"line":83,"column":49}}]},"1":{"loc":{"start":{"line":85,"column":4},"end":{"line":85,"column":51}},"type":"if","locations":[{"start":{"line":85,"column":4},"end":{"line":85,"column":51}}]},"2":{"loc":{"start":{"line":91,"column":4},"end":{"line":91,"column":50}},"type":"if","locations":[{"start":{"line":91,"column":4},"end":{"line":91,"column":50}}]},"3":{"loc":{"start":{"line":100,"column":4},"end":{"line":100,"column":50}},"type":"if","locations":[{"start":{"line":100,"column":4},"end":{"line":100,"column":50}}]},"4":{"loc":{"start":{"line":107,"column":4},"end":{"line":107,"column":50}},"type":"if","locations":[{"start":{"line":107,"column":4},"end":{"line":107,"column":50}}]},"5":{"loc":{"start":{"line":114,"column":4},"end":{"line":114,"column":50}},"type":"if","locations":[{"start":{"line":114,"column":4},"end":{"line":114,"column":50}}]}},"s":{"0":5,"1":5,"2":5,"3":5,"4":5,"5":5,"6":5,"7":5,"8":5,"9":5,"10":5,"11":1,"12":1,"13":1,"14":1,"15":0,"16":1,"17":0,"18":0,"19":0,"20":0,"21":0,"22":0,"23":0,"24":0,"25":0,"26":0,"27":0,"28":0,"29":0,"30":0,"31":0,"32":0,"33":0,"34":0,"35":0,"36":0,"37":0,"38":5},"f":{"0":5,"1":1,"2":0,"3":0,"4":0,"5":0},"b":{"0":[0,1],"1":[0],"2":[0],"3":[0],"4":[0],"5":[0]}}
,"C:\\Users\\flohu\\OneDrive\\Documents\\Projekte\\FoodForYou-Backend\\src\\api\\v2\\controllers\\RestaurantController.ts": {"path":"C:\\Users\\flohu\\OneDrive\\Documents\\Projekte\\FoodForYou-Backend\\src\\api\\v2\\controllers\\RestaurantController.ts","statementMap":{"0":{"start":{"line":2,"column":0},"end":{"line":2,"column":48}},"1":{"start":{"line":5,"column":0},"end":{"line":5,"column":50}},"2":{"start":{"line":6,"column":0},"end":{"line":6,"column":42}},"3":{"start":{"line":7,"column":0},"end":{"line":7,"column":49}},"4":{"start":{"line":9,"column":0},"end":{"line":9,"column":47}},"5":{"start":{"line":10,"column":0},"end":{"line":10,"column":51}},"6":{"start":{"line":51,"column":4},"end":{"line":51,"column":12}},"7":{"start":{"line":50,"column":22},"end":{"line":50,"column":49}},"8":{"start":{"line":13,"column":2},"end":{"line":13,"column":24}},"9":{"start":{"line":15,"column":2},"end":{"line":48,"column":4}},"10":{"start":{"line":52,"column":4},"end":{"line":52,"column":29}},"11":{"start":{"line":63,"column":8},"end":{"line":63,"column":47}},"12":{"start":{"line":65,"column":19},"end":{"line":70,"column":6}},"13":{"start":{"line":72,"column":32},"end":{"line":74,"column":48}},"14":{"start":{"line":76,"column":4},"end":{"line":76,"column":56}},"15":{"start":{"line":76,"column":21},"end":{"line":76,"column":56}},"16":{"start":{"line":77,"column":4},"end":{"line":77,"column":46}},"17":{"start":{"line":84,"column":19},"end":{"line":84,"column":29}},"18":{"start":{"line":85,"column":23},"end":{"line":85,"column":69}},"19":{"start":{"line":86,"column":32},"end":{"line":86,"column":71}},"20":{"start":{"line":87,"column":4},"end":{"line":87,"column":56}},"21":{"start":{"line":87,"column":21},"end":{"line":87,"column":56}},"22":{"start":{"line":88,"column":4},"end":{"line":88,"column":46}},"23":{"start":{"line":92,"column":32},"end":{"line":92,"column":68}},"24":{"start":{"line":93,"column":4},"end":{"line":93,"column":56}},"25":{"start":{"line":93,"column":21},"end":{"line":93,"column":56}},"26":{"start":{"line":94,"column":4},"end":{"line":94,"column":58}},"27":{"start":{"line":95,"column":4},"end":{"line":95,"column":43}},"28":{"start":{"line":99,"column":19},"end":{"line":99,"column":29}},"29":{"start":{"line":100,"column":32},"end":{"line":100,"column":72}},"30":{"start":{"line":101,"column":4},"end":{"line":101,"column":56}},"31":{"start":{"line":101,"column":21},"end":{"line":101,"column":56}},"32":{"start":{"line":102,"column":4},"end":{"line":102,"column":43}},"33":{"start":{"line":106,"column":19},"end":{"line":106,"column":29}},"34":{"start":{"line":107,"column":32},"end":{"line":107,"column":62}},"35":{"start":{"line":108,"column":4},"end":{"line":108,"column":56}},"36":{"start":{"line":108,"column":21},"end":{"line":108,"column":56}},"37":{"start":{"line":109,"column":4},"end":{"line":109,"column":43}},"38":{"start":{"line":12,"column":0},"end":{"line":12,"column":21}}},"fnMap":{"0":{"name":"(anonymous_8)","decl":{"start":{"line":50,"column":2},"end":{"line":50,"column":22}},"loc":{"start":{"line":50,"column":49},"end":{"line":53,"column":3}}},"1":{"name":"(anonymous_9)","decl":{"start":{"line":55,"column":16},"end":{"line":55,"column":30}},"loc":{"start":{"line":55,"column":58},"end":{"line":78,"column":null}}},"2":{"name":"(anonymous_13)","decl":{"start":{"line":80,"column":16},"end":{"line":80,"column":33}},"loc":{"start":{"line":82,"column":17},"end":{"line":89,"column":null}}},"3":{"name":"(anonymous_17)","decl":{"start":{"line":91,"column":16},"end":{"line":91,"column":32}},"loc":{"start":{"line":91,"column":60},"end":{"line":96,"column":null}}},"4":{"name":"(anonymous_21)","decl":{"start":{"line":98,"column":16},"end":{"line":98,"column":32}},"loc":{"start":{"line":98,"column":60},"end":{"line":103,"column":null}}},"5":{"name":"(anonymous_25)","decl":{"start":{"line":105,"column":16},"end":{"line":105,"column":32}},"loc":{"start":{"line":105,"column":60},"end":{"line":110,"column":null}}}},"branchMap":{"0":{"loc":{"start":{"line":72,"column":32},"end":{"line":74,"column":48}},"type":"cond-expr","locations":[{"start":{"line":73,"column":8},"end":{"line":73,"column":53}},{"start":{"line":74,"column":8},"end":{"line":74,"column":48}}]},"1":{"loc":{"start":{"line":76,"column":4},"end":{"line":76,"column":56}},"type":"if","locations":[{"start":{"line":76,"column":4},"end":{"line":76,"column":56}}]},"2":{"loc":{"start":{"line":87,"column":4},"end":{"line":87,"column":56}},"type":"if","locations":[{"start":{"line":87,"column":4},"end":{"line":87,"column":56}}]},"3":{"loc":{"start":{"line":93,"column":4},"end":{"line":93,"column":56}},"type":"if","locations":[{"start":{"line":93,"column":4},"end":{"line":93,"column":56}}]},"4":{"loc":{"start":{"line":101,"column":4},"end":{"line":101,"column":56}},"type":"if","locations":[{"start":{"line":101,"column":4},"end":{"line":101,"column":56}}]},"5":{"loc":{"start":{"line":108,"column":4},"end":{"line":108,"column":56}},"type":"if","locations":[{"start":{"line":108,"column":4},"end":{"line":108,"column":56}}]}},"s":{"0":6,"1":6,"2":6,"3":6,"4":6,"5":6,"6":6,"7":6,"8":6,"9":6,"10":6,"11":6,"12":6,"13":6,"14":6,"15":2,"16":4,"17":4,"18":4,"19":4,"20":4,"21":2,"22":2,"23":3,"24":3,"25":1,"26":2,"27":2,"28":6,"29":6,"30":6,"31":3,"32":3,"33":5,"34":5,"35":5,"36":3,"37":2,"38":6},"f":{"0":6,"1":6,"2":4,"3":3,"4":6,"5":5},"b":{"0":[3,3],"1":[2],"2":[2],"3":[1],"4":[3],"5":[3]}}
,"C:\\Users\\flohu\\OneDrive\\Documents\\Projekte\\FoodForYou-Backend\\src\\api\\v2\\controllers\\UserController.ts": {"path":"C:\\Users\\flohu\\OneDrive\\Documents\\Projekte\\FoodForYou-Backend\\src\\api\\v2\\controllers\\UserController.ts","statementMap":{"0":{"start":{"line":2,"column":0},"end":{"line":2,"column":48}},"1":{"start":{"line":4,"column":0},"end":{"line":4,"column":51}},"2":{"start":{"line":5,"column":0},"end":{"line":5,"column":50}},"3":{"start":{"line":7,"column":0},"end":{"line":7,"column":43}},"4":{"start":{"line":8,"column":0},"end":{"line":8,"column":53}},"5":{"start":{"line":9,"column":0},"end":{"line":9,"column":44}},"6":{"start":{"line":10,"column":0},"end":{"line":10,"column":null}},"7":{"start":{"line":15,"column":0},"end":{"line":15,"column":43}},"8":{"start":{"line":72,"column":4},"end":{"line":72,"column":12}},"9":{"start":{"line":71,"column":22},"end":{"line":71,"column":43}},"10":{"start":{"line":20,"column":2},"end":{"line":20,"column":18}},"11":{"start":{"line":22,"column":2},"end":{"line":69,"column":4}},"12":{"start":{"line":73,"column":4},"end":{"line":73,"column":29}},"13":{"start":{"line":78,"column":45},"end":{"line":78,"column":78}},"14":{"start":{"line":80,"column":27},"end":{"line":82,"column":48}},"15":{"start":{"line":84,"column":4},"end":{"line":84,"column":51}},"16":{"start":{"line":84,"column":16},"end":{"line":84,"column":51}},"17":{"start":{"line":85,"column":4},"end":{"line":85,"column":41}},"18":{"start":{"line":89,"column":26},"end":{"line":89,"column":62}},"19":{"start":{"line":90,"column":4},"end":{"line":90,"column":50}},"20":{"start":{"line":90,"column":15},"end":{"line":90,"column":50}},"21":{"start":{"line":91,"column":4},"end":{"line":91,"column":52}},"22":{"start":{"line":92,"column":4},"end":{"line":92,"column":43}},"23":{"start":{"line":96,"column":19},"end":{"line":96,"column":29}},"24":{"start":{"line":97,"column":23},"end":{"line":97,"column":56}},"25":{"start":{"line":98,"column":26},"end":{"line":98,"column":65}},"26":{"start":{"line":99,"column":4},"end":{"line":99,"column":50}},"27":{"start":{"line":99,"column":15},"end":{"line":99,"column":50}},"28":{"start":{"line":100,"column":4},"end":{"line":100,"column":40}},"29":{"start":{"line":104,"column":19},"end":{"line":104,"column":29}},"30":{"start":{"line":105,"column":26},"end":{"line":105,"column":66}},"31":{"start":{"line":106,"column":4},"end":{"line":106,"column":50}},"32":{"start":{"line":106,"column":15},"end":{"line":106,"column":50}},"33":{"start":{"line":107,"column":4},"end":{"line":107,"column":43}},"34":{"start":{"line":111,"column":19},"end":{"line":111,"column":29}},"35":{"start":{"line":112,"column":26},"end":{"line":112,"column":56}},"36":{"start":{"line":113,"column":4},"end":{"line":113,"column":50}},"37":{"start":{"line":113,"column":15},"end":{"line":113,"column":50}},"38":{"start":{"line":114,"column":4},"end":{"line":114,"column":43}},"39":{"start":{"line":121,"column":4},"end":{"line":124,"column":8}},"40":{"start":{"line":122,"column":6},"end":{"line":124,"column":8}},"41":{"start":{"line":125,"column":19},"end":{"line":128,"column":null}},"42":{"start":{"line":131,"column":26},"end":{"line":131,"column":68}},"43":{"start":{"line":132,"column":4},"end":{"line":132,"column":50}},"44":{"start":{"line":132,"column":15},"end":{"line":132,"column":50}},"45":{"start":{"line":135,"column":4},"end":{"line":135,"column":51}},"46":{"start":{"line":136,"column":4},"end":{"line":136,"column":43}},"47":{"start":{"line":141,"column":19},"end":{"line":141,"column":29}},"48":{"start":{"line":142,"column":20},"end":{"line":142,"column":29}},"49":{"start":{"line":144,"column":26},"end":{"line":144,"column":57}},"50":{"start":{"line":145,"column":4},"end":{"line":145,"column":50}},"51":{"start":{"line":145,"column":15},"end":{"line":145,"column":50}},"52":{"start":{"line":147,"column":4},"end":{"line":150,"column":null}},"53":{"start":{"line":148,"column":6},"end":{"line":150,"column":null}},"54":{"start":{"line":152,"column":4},"end":{"line":152,"column":68}},"55":{"start":{"line":153,"column":4},"end":{"line":153,"column":43}},"56":{"start":{"line":19,"column":0},"end":{"line":19,"column":21}}},"fnMap":{"0":{"name":"(anonymous_8)","decl":{"start":{"line":71,"column":2},"end":{"line":71,"column":22}},"loc":{"start":{"line":71,"column":43},"end":{"line":74,"column":3}}},"1":{"name":"(anonymous_9)","decl":{"start":{"line":77,"column":16},"end":{"line":77,"column":24}},"loc":{"start":{"line":77,"column":52},"end":{"line":86,"column":null}}},"2":{"name":"(anonymous_13)","decl":{"start":{"line":88,"column":16},"end":{"line":88,"column":26}},"loc":{"start":{"line":88,"column":54},"end":{"line":93,"column":null}}},"3":{"name":"(anonymous_17)","decl":{"start":{"line":95,"column":16},"end":{"line":95,"column":27}},"loc":{"start":{"line":95,"column":55},"end":{"line":101,"column":null}}},"4":{"name":"(anonymous_21)","decl":{"start":{"line":103,"column":16},"end":{"line":103,"column":26}},"loc":{"start":{"line":103,"column":54},"end":{"line":108,"column":null}}},"5":{"name":"(anonymous_25)","decl":{"start":{"line":110,"column":16},"end":{"line":110,"column":26}},"loc":{"start":{"line":110,"column":54},"end":{"line":115,"column":null}}},"6":{"name":"(anonymous_29)","decl":{"start":{"line":117,"column":16},"end":{"line":117,"column":32}},"loc":{"start":{"line":119,"column":17},"end":{"line":137,"column":null}}},"7":{"name":"(anonymous_33)","decl":{"start":{"line":140,"column":16},"end":{"line":140,"column":26}},"loc":{"start":{"line":140,"column":54},"end":{"line":154,"column":null}}}},"branchMap":{"0":{"loc":{"start":{"line":80,"column":27},"end":{"line":82,"column":48}},"type":"cond-expr","locations":[{"start":{"line":81,"column":8},"end":{"line":81,"column":53}},{"start":{"line":82,"column":8},"end":{"line":82,"column":48}}]},"1":{"loc":{"start":{"line":84,"column":4},"end":{"line":84,"column":51}},"type":"if","locations":[{"start":{"line":84,"column":4},"end":{"line":84,"column":51}}]},"2":{"loc":{"start":{"line":90,"column":4},"end":{"line":90,"column":50}},"type":"if","locations":[{"start":{"line":90,"column":4},"end":{"line":90,"column":50}}]},"3":{"loc":{"start":{"line":99,"column":4},"end":{"line":99,"column":50}},"type":"if","locations":[{"start":{"line":99,"column":4},"end":{"line":99,"column":50}}]},"4":{"loc":{"start":{"line":106,"column":4},"end":{"line":106,"column":50}},"type":"if","locations":[{"start":{"line":106,"column":4},"end":{"line":106,"column":50}}]},"5":{"loc":{"start":{"line":113,"column":4},"end":{"line":113,"column":50}},"type":"if","locations":[{"start":{"line":113,"column":4},"end":{"line":113,"column":50}}]},"6":{"loc":{"start":{"line":121,"column":4},"end":{"line":124,"column":8}},"type":"if","locations":[{"start":{"line":121,"column":4},"end":{"line":124,"column":8}}]},"7":{"loc":{"start":{"line":121,"column":8},"end":{"line":121,"column":75}},"type":"binary-expr","locations":[{"start":{"line":121,"column":8},"end":{"line":121,"column":25}},{"start":{"line":121,"column":29},"end":{"line":121,"column":50}},{"start":{"line":121,"column":54},"end":{"line":121,"column":75}}]},"8":{"loc":{"start":{"line":132,"column":4},"end":{"line":132,"column":50}},"type":"if","locations":[{"start":{"line":132,"column":4},"end":{"line":132,"column":50}}]},"9":{"loc":{"start":{"line":145,"column":4},"end":{"line":145,"column":50}},"type":"if","locations":[{"start":{"line":145,"column":4},"end":{"line":145,"column":50}}]},"10":{"loc":{"start":{"line":147,"column":4},"end":{"line":150,"column":null}},"type":"if","locations":[{"start":{"line":147,"column":4},"end":{"line":150,"column":null}}]}},"s":{"0":5,"1":5,"2":5,"3":5,"4":5,"5":5,"6":5,"7":5,"8":5,"9":5,"10":5,"11":5,"12":5,"13":3,"14":3,"15":3,"16":1,"17":2,"18":1,"19":1,"20":0,"21":1,"22":1,"23":2,"24":2,"25":2,"26":2,"27":1,"28":1,"29":3,"30":3,"31":3,"32":1,"33":2,"34":2,"35":2,"36":2,"37":1,"38":1,"39":0,"40":0,"41":0,"42":0,"43":0,"44":0,"45":0,"46":0,"47":3,"48":3,"49":3,"50":3,"51":1,"52":2,"53":1,"54":1,"55":1,"56":5},"f":{"0":5,"1":3,"2":1,"3":2,"4":3,"5":2,"6":0,"7":3},"b":{"0":[2,1],"1":[1],"2":[0],"3":[1],"4":[1],"5":[1],"6":[0],"7":[0,0,0],"8":[0],"9":[1],"10":[1]}}
,"C:\\Users\\flohu\\OneDrive\\Documents\\Projekte\\FoodForYou-Backend\\src\\api\\v2\\controllers\\index.ts": {"path":"C:\\Users\\flohu\\OneDrive\\Documents\\Projekte\\FoodForYou-Backend\\src\\api\\v2\\controllers\\index.ts","statementMap":{"0":{"start":{"line":1,"column":0},"end":{"line":1,"column":7}},"1":{"start":{"line":9,"column":2},"end":{"line":1,"column":46}},"2":{"start":{"line":2,"column":0},"end":{"line":2,"column":7}},"3":{"start":{"line":10,"column":2},"end":{"line":2,"column":46}},"4":{"start":{"line":3,"column":0},"end":{"line":3,"column":7}},"5":{"start":{"line":11,"column":2},"end":{"line":3,"column":58}},"6":{"start":{"line":4,"column":0},"end":{"line":4,"column":7}},"7":{"start":{"line":12,"column":2},"end":{"line":4,"column":48}},"8":{"start":{"line":5,"column":0},"end":{"line":5,"column":7}},"9":{"start":{"line":13,"column":2},"end":{"line":5,"column":46}},"10":{"start":{"line":6,"column":0},"end":{"line":6,"column":7}},"11":{"start":{"line":14,"column":2},"end":{"line":6,"column":48}}},"fnMap":{},"branchMap":{},"s":{"0":5,"1":5,"2":5,"3":5,"4":5,"5":5,"6":5,"7":5,"8":5,"9":5,"10":5,"11":5},"f":{},"b":{}}
,"C:\\Users\\flohu\\OneDrive\\Documents\\Projekte\\FoodForYou-Backend\\src\\api\\v2\\controllers\\base\\HttpController.ts": {"path":"C:\\Users\\flohu\\OneDrive\\Documents\\Projekte\\FoodForYou-Backend\\src\\api\\v2\\controllers\\base\\HttpController.ts","statementMap":{"0":{"start":{"line":1,"column":0},"end":{"line":1,"column":66}},"1":{"start":{"line":4,"column":0},"end":{"line":4,"column":46}},"2":{"start":{"line":11,"column":10},"end":{"line":11,"column":28}},"3":{"start":{"line":14,"column":4},"end":{"line":26,"column":7}},"4":{"start":{"line":15,"column":6},"end":{"line":19,"column":null}},"5":{"start":{"line":16,"column":8},"end":{"line":18,"column":11}},"6":{"start":{"line":17,"column":10},"end":{"line":17,"column":42}},"7":{"start":{"line":20,"column":6},"end":{"line":25,"column":8}},"8":{"start":{"line":23,"column":64},"end":{"line":23,"column":70}},"9":{"start":{"line":27,"column":4},"end":{"line":27,"column":23}},"10":{"start":{"line":31,"column":4},"end":{"line":31,"column":72}},"11":{"start":{"line":31,"column":42},"end":{"line":31,"column":72}},"12":{"start":{"line":32,"column":4},"end":{"line":32,"column":52}},"13":{"start":{"line":43,"column":4},"end":{"line":47,"column":7}},"14":{"start":{"line":51,"column":4},"end":{"line":55,"column":7}},"15":{"start":{"line":53,"column":6},"end":{"line":53,"column":50}},"16":{"start":{"line":54,"column":6},"end":{"line":54,"column":19}},"17":{"start":{"line":6,"column":0},"end":{"line":6,"column":30}}},"fnMap":{"0":{"name":"(anonymous_1)","decl":{"start":{"line":6,"column":0},"end":{"line":6,"column":30}},"loc":{"start":{"line":6,"column":0},"end":{"line":57,"column":1}}},"1":{"name":"(anonymous_2)","decl":{"start":{"line":13,"column":9},"end":{"line":13,"column":18}},"loc":{"start":{"line":13,"column":18},"end":{"line":28,"column":3}}},"2":{"name":"(anonymous_3)","decl":{"start":{"line":14,"column":24},"end":{"line":14,"column":29}},"loc":{"start":{"line":14,"column":32},"end":{"line":26,"column":5}}},"3":{"name":"(anonymous_4)","decl":{"start":{"line":16,"column":38},"end":{"line":16,"column":40}},"loc":{"start":{"line":16,"column":43},"end":{"line":18,"column":9}}},"4":{"name":"(anonymous_5)","decl":{"start":{"line":23,"column":11},"end":{"line":23,"column":12}},"loc":{"start":{"line":23,"column":64},"end":{"line":23,"column":70}}},"5":{"name":"(anonymous_6)","decl":{"start":{"line":30,"column":12},"end":{"line":30,"column":23}},"loc":{"start":{"line":30,"column":65},"end":{"line":33,"column":3}}},"6":{"name":"(anonymous_7)","decl":{"start":{"line":35,"column":12},"end":{"line":35,"column":21}},"loc":{"start":{"line":41,"column":5},"end":{"line":48,"column":3}}},"7":{"name":"(anonymous_8)","decl":{"start":{"line":50,"column":12},"end":{"line":50,"column":24}},"loc":{"start":{"line":50,"column":48},"end":{"line":56,"column":3}}},"8":{"name":"(anonymous_9)","decl":{"start":{"line":51,"column":34},"end":{"line":51,"column":39}},"loc":{"start":{"line":51,"column":42},"end":{"line":55,"column":5}}}},"branchMap":{"0":{"loc":{"start":{"line":15,"column":6},"end":{"line":19,"column":null}},"type":"if","locations":[{"start":{"line":15,"column":6},"end":{"line":19,"column":null}}]},"1":{"loc":{"start":{"line":22,"column":8},"end":{"line":23,"column":71}},"type":"binary-expr","locations":[{"start":{"line":22,"column":8},"end":{"line":22,"column":23}},{"start":{"line":23,"column":11},"end":{"line":23,"column":70}}]},"2":{"loc":{"start":{"line":31,"column":4},"end":{"line":31,"column":72}},"type":"if","locations":[{"start":{"line":31,"column":4},"end":{"line":31,"column":72}}]},"3":{"loc":{"start":{"line":31,"column":8},"end":{"line":31,"column":40}},"type":"binary-expr","locations":[{"start":{"line":31,"column":8},"end":{"line":31,"column":22}},{"start":{"line":31,"column":26},"end":{"line":31,"column":40}}]},"4":{"loc":{"start":{"line":32,"column":22},"end":{"line":32,"column":35}},"type":"binary-expr","locations":[{"start":{"line":32,"column":22},"end":{"line":32,"column":28}},{"start":{"line":32,"column":32},"end":{"line":32,"column":35}}]},"5":{"loc":{"start":{"line":37,"column":4},"end":{"line":40,"column":null}},"type":"default-arg","locations":[{"start":{"line":37,"column":22},"end":{"line":40,"column":null}}]}},"s":{"0":6,"1":6,"2":31,"3":30,"4":160,"5":40,"6":55,"7":160,"8":6,"9":30,"10":30,"11":15,"12":15,"13":21,"14":26,"15":130,"16":130,"17":6},"f":{"0":31,"1":30,"2":160,"3":55,"4":6,"5":30,"6":21,"7":26,"8":130},"b":{"0":[40],"1":[160,60],"2":[15],"3":[30,27],"4":[15,15],"5":[0]}}
,"C:\\Users\\flohu\\OneDrive\\Documents\\Projekte\\FoodForYou-Backend\\src\\api\\v2\\interfaces\\types\\index.ts": {"path":"C:\\Users\\flohu\\OneDrive\\Documents\\Projekte\\FoodForYou-Backend\\src\\api\\v2\\interfaces\\types\\index.ts","statementMap":{"0":{"start":{"line":4,"column":0},"end":{"line":4,"column":null}},"1":{"start":{"line":5,"column":2},"end":{"line":5,"column":null}},"2":{"start":{"line":6,"column":2},"end":{"line":6,"column":null}},"3":{"start":{"line":7,"column":2},"end":{"line":7,"column":null}},"4":{"start":{"line":8,"column":2},"end":{"line":8,"column":null}},"5":{"start":{"line":9,"column":2},"end":{"line":9,"column":null}},"6":{"start":{"line":10,"column":2},"end":{"line":10,"column":null}},"7":{"start":{"line":11,"column":2},"end":{"line":11,"column":null}},"8":{"start":{"line":12,"column":2},"end":{"line":12,"column":null}},"9":{"start":{"line":13,"column":2},"end":{"line":13,"column":null}},"10":{"start":{"line":16,"column":0},"end":{"line":16,"column":null}},"11":{"start":{"line":17,"column":2},"end":{"line":17,"column":null}},"12":{"start":{"line":18,"column":2},"end":{"line":18,"column":null}},"13":{"start":{"line":19,"column":2},"end":{"line":19,"column":null}},"14":{"start":{"line":20,"column":2},"end":{"line":20,"column":null}},"15":{"start":{"line":21,"column":2},"end":{"line":21,"column":null}},"16":{"start":{"line":22,"column":2},"end":{"line":22,"column":null}},"17":{"start":{"line":23,"column":2},"end":{"line":23,"column":null}},"18":{"start":{"line":24,"column":2},"end":{"line":24,"column":null}},"19":{"start":{"line":25,"column":2},"end":{"line":25,"column":null}},"20":{"start":{"line":26,"column":2},"end":{"line":26,"column":null}},"21":{"start":{"line":27,"column":2},"end":{"line":27,"column":null}},"22":{"start":{"line":28,"column":2},"end":{"line":28,"column":null}},"23":{"start":{"line":29,"column":2},"end":{"line":29,"column":null}},"24":{"start":{"line":30,"column":2},"end":{"line":30,"column":null}},"25":{"start":{"line":45,"column":0},"end":{"line":45,"column":null}},"26":{"start":{"line":46,"column":2},"end":{"line":46,"column":null}},"27":{"start":{"line":47,"column":2},"end":{"line":47,"column":null}},"28":{"start":{"line":48,"column":2},"end":{"line":48,"column":null}},"29":{"start":{"line":49,"column":2},"end":{"line":49,"column":null}},"30":{"start":{"line":50,"column":2},"end":{"line":50,"column":null}},"31":{"start":{"line":51,"column":2},"end":{"line":51,"column":null}},"32":{"start":{"line":52,"column":2},"end":{"line":52,"column":null}},"33":{"start":{"line":53,"column":2},"end":{"line":53,"column":null}},"34":{"start":{"line":54,"column":2},"end":{"line":54,"column":null}},"35":{"start":{"line":55,"column":2},"end":{"line":55,"column":null}}},"fnMap":{"0":{"name":"(anonymous_0)","decl":{"start":{"line":4,"column":0},"end":{"line":4,"column":12}},"loc":{"start":{"line":4,"column":23},"end":{"line":14,"column":1}}},"1":{"name":"(anonymous_1)","decl":{"start":{"line":16,"column":0},"end":{"line":16,"column":12}},"loc":{"start":{"line":16,"column":23},"end":{"line":31,"column":1}}},"2":{"name":"(anonymous_2)","decl":{"start":{"line":45,"column":0},"end":{"line":45,"column":12}},"loc":{"start":{"line":45,"column":19},"end":{"line":56,"column":1}}}},"branchMap":{"0":{"loc":{"start":{"line":4,"column":12},"end":{"line":4,"column":null}},"type":"binary-expr","locations":[{"start":{"line":4,"column":12},"end":{"line":4,"column":23}},{"start":{"line":4,"column":12},"end":{"line":4,"column":null}}]},"1":{"loc":{"start":{"line":16,"column":12},"end":{"line":16,"column":null}},"type":"binary-expr","locations":[{"start":{"line":16,"column":12},"end":{"line":16,"column":23}},{"start":{"line":16,"column":12},"end":{"line":16,"column":null}}]},"2":{"loc":{"start":{"line":45,"column":12},"end":{"line":45,"column":null}},"type":"binary-expr","locations":[{"start":{"line":45,"column":12},"end":{"line":45,"column":19}},{"start":{"line":45,"column":12},"end":{"line":45,"column":null}}]}},"s":{"0":13,"1":13,"2":13,"3":13,"4":13,"5":13,"6":13,"7":13,"8":13,"9":13,"10":13,"11":13,"12":13,"13":13,"14":13,"15":13,"16":13,"17":13,"18":13,"19":13,"20":13,"21":13,"22":13,"23":13,"24":13,"25":13,"26":13,"27":13,"28":13,"29":13,"30":13,"31":13,"32":13,"33":13,"34":13,"35":13},"f":{"0":13,"1":13,"2":13},"b":{"0":[13,13],"1":[13,13],"2":[13,13]}}
,"C:\\Users\\flohu\\OneDrive\\Documents\\Projekte\\FoodForYou-Backend\\src\\api\\v2\\lib\\cloudinary.ts": {"path":"C:\\Users\\flohu\\OneDrive\\Documents\\Projekte\\FoodForYou-Backend\\src\\api\\v2\\lib\\cloudinary.ts","statementMap":{"0":{"start":{"line":1,"column":0},"end":{"line":1,"column":46}},"1":{"start":{"line":3,"column":0},"end":{"line":3,"column":null}},"2":{"start":{"line":9,"column":0},"end":{"line":14,"column":3}},"3":{"start":{"line":16,"column":0},"end":{"line":16,"column":26}}},"fnMap":{},"branchMap":{},"s":{"0":13,"1":13,"2":13,"3":13},"f":{},"b":{}}
,"C:\\Users\\flohu\\OneDrive\\Documents\\Projekte\\FoodForYou-Backend\\src\\api\\v2\\lib\\index.ts": {"path":"C:\\Users\\flohu\\OneDrive\\Documents\\Projekte\\FoodForYou-Backend\\src\\api\\v2\\lib\\index.ts","statementMap":{"0":{"start":{"line":1,"column":0},"end":{"line":1,"column":7}},"1":{"start":{"line":4,"column":9},"end":{"line":1,"column":38}},"2":{"start":{"line":2,"column":0},"end":{"line":2,"column":7}},"3":{"start":{"line":4,"column":21},"end":{"line":2,"column":44}}},"fnMap":{},"branchMap":{},"s":{"0":13,"1":13,"2":13,"3":13},"f":{},"b":{}}
,"C:\\Users\\flohu\\OneDrive\\Documents\\Projekte\\FoodForYou-Backend\\src\\api\\v2\\lib\\passport.ts": {"path":"C:\\Users\\flohu\\OneDrive\\Documents\\Projekte\\FoodForYou-Backend\\src\\api\\v2\\lib\\passport.ts","statementMap":{"0":{"start":{"line":2,"column":0},"end":{"line":2,"column":69}},"1":{"start":{"line":3,"column":0},"end":{"line":3,"column":65}},"2":{"start":{"line":4,"column":0},"end":{"line":4,"column":59}},"3":{"start":{"line":5,"column":0},"end":{"line":5,"column":28}},"4":{"start":{"line":7,"column":0},"end":{"line":7,"column":33}},"5":{"start":{"line":8,"column":0},"end":{"line":8,"column":null}},"6":{"start":{"line":16,"column":19},"end":{"line":113,"column":1}},"7":{"start":{"line":17,"column":2},"end":{"line":46,"column":4}},"8":{"start":{"line":24,"column":57},"end":{"line":44,"column":null}},"9":{"start":{"line":25,"column":21},"end":{"line":25,"column":77}},"10":{"start":{"line":26,"column":8},"end":{"line":26,"column":42}},"11":{"start":{"line":26,"column":18},"end":{"line":26,"column":42}},"12":{"start":{"line":28,"column":8},"end":{"line":43,"column":null}},"13":{"start":{"line":29,"column":26},"end":{"line":39,"column":12}},"14":{"start":{"line":40,"column":10},"end":{"line":40,"column":37}},"15":{"start":{"line":42,"column":10},"end":{"line":42,"column":47}},"16":{"start":{"line":48,"column":2},"end":{"line":78,"column":4}},"17":{"start":{"line":57,"column":57},"end":{"line":76,"column":null}},"18":{"start":{"line":58,"column":21},"end":{"line":58,"column":77}},"19":{"start":{"line":59,"column":8},"end":{"line":59,"column":42}},"20":{"start":{"line":59,"column":18},"end":{"line":59,"column":42}},"21":{"start":{"line":60,"column":8},"end":{"line":75,"column":null}},"22":{"start":{"line":61,"column":26},"end":{"line":71,"column":12}},"23":{"start":{"line":72,"column":10},"end":{"line":72,"column":37}},"24":{"start":{"line":74,"column":10},"end":{"line":74,"column":47}},"25":{"start":{"line":80,"column":2},"end":{"line":103,"column":4}},"26":{"start":{"line":83,"column":38},"end":{"line":101,"column":null}},"27":{"start":{"line":84,"column":21},"end":{"line":84,"column":50}},"28":{"start":{"line":85,"column":8},"end":{"line":86,"column":76}},"29":{"start":{"line":86,"column":10},"end":{"line":86,"column":76}},"30":{"start":{"line":88,"column":8},"end":{"line":92,"column":13}},"31":{"start":{"line":90,"column":10},"end":{"line":92,"column":13}},"32":{"start":{"line":94,"column":8},"end":{"line":100,"column":null}},"33":{"start":{"line":95,"column":10},"end":{"line":96,"column":36}},"34":{"start":{"line":96,"column":12},"end":{"line":96,"column":36}},"35":{"start":{"line":97,"column":10},"end":{"line":97,"column":66}},"36":{"start":{"line":99,"column":10},"end":{"line":99,"column":27}},"37":{"start":{"line":105,"column":2},"end":{"line":107,"column":5}},"38":{"start":{"line":106,"column":4},"end":{"line":106,"column":32}},"39":{"start":{"line":109,"column":2},"end":{"line":112,"column":5}},"40":{"start":{"line":109,"column":46},"end":{"line":112,"column":4}},"41":{"start":{"line":110,"column":17},"end":{"line":110,"column":40}},"42":{"start":{"line":111,"column":4},"end":{"line":111,"column":21}},"43":{"start":{"line":115,"column":0},"end":{"line":115,"column":26}}},"fnMap":{"0":{"name":"(anonymous_8)","decl":{"start":{"line":16,"column":19},"end":{"line":16,"column":20}},"loc":{"start":{"line":16,"column":48},"end":{"line":113,"column":1}}},"1":{"name":"(anonymous_9)","decl":{"start":{"line":24,"column":6},"end":{"line":24,"column":13}},"loc":{"start":{"line":24,"column":57},"end":{"line":44,"column":null}}},"2":{"name":"(anonymous_10)","decl":{"start":{"line":24,"column":57},"end":{"line":24,"column":null}},"loc":{"start":{"line":24,"column":57},"end":{"line":44,"column":7}}},"3":{"name":"(anonymous_11)","decl":{"start":{"line":57,"column":6},"end":{"line":57,"column":13}},"loc":{"start":{"line":57,"column":57},"end":{"line":76,"column":null}}},"4":{"name":"(anonymous_12)","decl":{"start":{"line":57,"column":57},"end":{"line":57,"column":null}},"loc":{"start":{"line":57,"column":57},"end":{"line":76,"column":7}}},"5":{"name":"(anonymous_13)","decl":{"start":{"line":83,"column":6},"end":{"line":83,"column":13}},"loc":{"start":{"line":83,"column":38},"end":{"line":101,"column":null}}},"6":{"name":"(anonymous_14)","decl":{"start":{"line":83,"column":38},"end":{"line":83,"column":null}},"loc":{"start":{"line":83,"column":38},"end":{"line":101,"column":7}}},"7":{"name":"(anonymous_15)","decl":{"start":{"line":105,"column":25},"end":{"line":105,"column":26}},"loc":{"start":{"line":105,"column":40},"end":{"line":107,"column":3}}},"8":{"name":"(anonymous_16)","decl":{"start":{"line":109,"column":27},"end":{"line":109,"column":34}},"loc":{"start":{"line":109,"column":46},"end":{"line":112,"column":4}}},"9":{"name":"(anonymous_17)","decl":{"start":{"line":109,"column":46},"end":{"line":109,"column":null}},"loc":{"start":{"line":109,"column":46},"end":{"line":112,"column":3}}}},"branchMap":{"0":{"loc":{"start":{"line":25,"column":49},"end":{"line":25,"column":74}},"type":"cond-expr","locations":[{"start":{"line":25,"column":63},"end":{"line":25,"column":66}},{"start":{"line":25,"column":63},"end":{"line":25,"column":74}}]},"1":{"loc":{"start":{"line":25,"column":49},"end":{"line":25,"column":66}},"type":"binary-expr","locations":[{"start":{"line":25,"column":49},"end":{"line":25,"column":66}},{"start":{"line":25,"column":63},"end":{"line":25,"column":66}}]},"2":{"loc":{"start":{"line":26,"column":8},"end":{"line":26,"column":42}},"type":"if","locations":[{"start":{"line":26,"column":8},"end":{"line":26,"column":42}}]},"3":{"loc":{"start":{"line":32,"column":23},"end":{"line":32,"column":46}},"type":"cond-expr","locations":[{"start":{"line":32,"column":35},"end":{"line":32,"column":37}},{"start":{"line":32,"column":35},"end":{"line":32,"column":46}}]},"4":{"loc":{"start":{"line":32,"column":23},"end":{"line":32,"column":37}},"type":"binary-expr","locations":[{"start":{"line":32,"column":23},"end":{"line":32,"column":37}},{"start":{"line":32,"column":35},"end":{"line":32,"column":37}}]},"5":{"loc":{"start":{"line":33,"column":22},"end":{"line":33,"column":46}},"type":"cond-expr","locations":[{"start":{"line":33,"column":34},"end":{"line":33,"column":36}},{"start":{"line":33,"column":34},"end":{"line":33,"column":46}}]},"6":{"loc":{"start":{"line":33,"column":22},"end":{"line":33,"column":36}},"type":"binary-expr","locations":[{"start":{"line":33,"column":22},"end":{"line":33,"column":36}},{"start":{"line":33,"column":34},"end":{"line":33,"column":36}}]},"7":{"loc":{"start":{"line":34,"column":19},"end":{"line":34,"column":44}},"type":"cond-expr","locations":[{"start":{"line":34,"column":33},"end":{"line":34,"column":36}},{"start":{"line":34,"column":33},"end":{"line":34,"column":44}}]},"8":{"loc":{"start":{"line":34,"column":19},"end":{"line":34,"column":36}},"type":"binary-expr","locations":[{"start":{"line":34,"column":19},"end":{"line":34,"column":36}},{"start":{"line":34,"column":33},"end":{"line":34,"column":36}}]},"9":{"loc":{"start":{"line":58,"column":49},"end":{"line":58,"column":74}},"type":"cond-expr","locations":[{"start":{"line":58,"column":63},"end":{"line":58,"column":66}},{"start":{"line":58,"column":63},"end":{"line":58,"column":74}}]},"10":{"loc":{"start":{"line":58,"column":49},"end":{"line":58,"column":66}},"type":"binary-expr","locations":[{"start":{"line":58,"column":49},"end":{"line":58,"column":66}},{"start":{"line":58,"column":63},"end":{"line":58,"column":66}}]},"11":{"loc":{"start":{"line":59,"column":8},"end":{"line":59,"column":42}},"type":"if","locations":[{"start":{"line":59,"column":8},"end":{"line":59,"column":42}}]},"12":{"loc":{"start":{"line":64,"column":23},"end":{"line":64,"column":46}},"type":"cond-expr","locations":[{"start":{"line":64,"column":35},"end":{"line":64,"column":37}},{"start":{"line":64,"column":35},"end":{"line":64,"column":46}}]},"13":{"loc":{"start":{"line":64,"column":23},"end":{"line":64,"column":37}},"type":"binary-expr","locations":[{"start":{"line":64,"column":23},"end":{"line":64,"column":37}},{"start":{"line":64,"column":35},"end":{"line":64,"column":37}}]},"14":{"loc":{"start":{"line":65,"column":22},"end":{"line":65,"column":46}},"type":"cond-expr","locations":[{"start":{"line":65,"column":34},"end":{"line":65,"column":36}},{"start":{"line":65,"column":34},"end":{"line":65,"column":46}}]},"15":{"loc":{"start":{"line":65,"column":22},"end":{"line":65,"column":36}},"type":"binary-expr","locations":[{"start":{"line":65,"column":22},"end":{"line":65,"column":36}},{"start":{"line":65,"column":34},"end":{"line":65,"column":36}}]},"16":{"loc":{"start":{"line":66,"column":19},"end":{"line":66,"column":44}},"type":"cond-expr","locations":[{"start":{"line":66,"column":33},"end":{"line":66,"column":36}},{"start":{"line":66,"column":33},"end":{"line":66,"column":44}}]},"17":{"loc":{"start":{"line":66,"column":19},"end":{"line":66,"column":36}},"type":"binary-expr","locations":[{"start":{"line":66,"column":19},"end":{"line":66,"column":36}},{"start":{"line":66,"column":33},"end":{"line":66,"column":36}}]},"18":{"loc":{"start":{"line":85,"column":8},"end":{"line":86,"column":76}},"type":"if","locations":[{"start":{"line":85,"column":8},"end":{"line":86,"column":76}}]},"19":{"loc":{"start":{"line":88,"column":8},"end":{"line":92,"column":13}},"type":"if","locations":[{"start":{"line":88,"column":8},"end":{"line":92,"column":13}}]},"20":{"loc":{"start":{"line":95,"column":10},"end":{"line":96,"column":36}},"type":"if","locations":[{"start":{"line":95,"column":10},"end":{"line":96,"column":36}}]}},"s":{"0":13,"1":13,"2":13,"3":13,"4":13,"5":13,"6":13,"7":0,"8":0,"9":0,"10":0,"11":0,"12":0,"13":0,"14":0,"15":0,"16":0,"17":0,"18":0,"19":0,"20":0,"21":0,"22":0,"23":0,"24":0,"25":0,"26":0,"27":0,"28":0,"29":0,"30":0,"31":0,"32":0,"33":0,"34":0,"35":0,"36":0,"37":0,"38":0,"39":0,"40":0,"41":0,"42":0,"43":13},"f":{"0":0,"1":0,"2":0,"3":0,"4":0,"5":0,"6":0,"7":0,"8":0,"9":0},"b":{"0":[0,0],"1":[0,0],"2":[0],"3":[0,0],"4":[0,0],"5":[0,0],"6":[0,0],"7":[0,0],"8":[0,0],"9":[0,0],"10":[0,0],"11":[0],"12":[0,0],"13":[0,0],"14":[0,0],"15":[0,0],"16":[0,0],"17":[0,0],"18":[0],"19":[0],"20":[0]}}
,"C:\\Users\\flohu\\OneDrive\\Documents\\Projekte\\FoodForYou-Backend\\src\\api\\v2\\middlewares\\index.ts": {"path":"C:\\Users\\flohu\\OneDrive\\Documents\\Projekte\\FoodForYou-Backend\\src\\api\\v2\\middlewares\\index.ts","statementMap":{"0":{"start":{"line":1,"column":0},"end":{"line":1,"column":7}},"1":{"start":{"line":5,"column":9},"end":{"line":1,"column":35}},"2":{"start":{"line":2,"column":0},"end":{"line":2,"column":36}},"3":{"start":{"line":5,"column":19},"end":{"line":5,"column":28}},"4":{"start":{"line":3,"column":0},"end":{"line":3,"column":7}},"5":{"start":{"line":5,"column":30},"end":{"line":3,"column":35}}},"fnMap":{},"branchMap":{},"s":{"0":6,"1":6,"2":6,"3":6,"4":6,"5":6},"f":{},"b":{}}
,"C:\\Users\\flohu\\OneDrive\\Documents\\Projekte\\FoodForYou-Backend\\src\\api\\v2\\middlewares\\multer.ts": {"path":"C:\\Users\\flohu\\OneDrive\\Documents\\Projekte\\FoodForYou-Backend\\src\\api\\v2\\middlewares\\multer.ts","statementMap":{"0":{"start":{"line":1,"column":0},"end":{"line":1,"column":28}},"1":{"start":{"line":3,"column":0},"end":{"line":11,"column":3}},"2":{"start":{"line":6,"column":4},"end":{"line":7,"column":57}},"3":{"start":{"line":7,"column":6},"end":{"line":7,"column":57}},"4":{"start":{"line":9,"column":4},"end":{"line":9,"column":19}}},"fnMap":{"0":{"name":"(anonymous_1)","decl":{"start":{"line":5,"column":14},"end":{"line":5,"column":15}},"loc":{"start":{"line":5,"column":33},"end":{"line":10,"column":3}}}},"branchMap":{"0":{"loc":{"start":{"line":6,"column":4},"end":{"line":7,"column":57}},"type":"if","locations":[{"start":{"line":6,"column":4},"end":{"line":7,"column":57}}]}},"s":{"0":6,"1":6,"2":0,"3":0,"4":0},"f":{"0":0},"b":{"0":[0]}}
,"C:\\Users\\flohu\\OneDrive\\Documents\\Projekte\\FoodForYou-Backend\\src\\api\\v2\\middlewares\\user.ts": {"path":"C:\\Users\\flohu\\OneDrive\\Documents\\Projekte\\FoodForYou-Backend\\src\\api\\v2\\middlewares\\user.ts","statementMap":{"0":{"start":{"line":3,"column":26},"end":{"line":8,"column":1}},"1":{"start":{"line":4,"column":2},"end":{"line":6,"column":null}},"2":{"start":{"line":5,"column":4},"end":{"line":5,"column":18}},"3":{"start":{"line":7,"column":2},"end":{"line":7,"column":61}},"4":{"start":{"line":3,"column":13},"end":{"line":3,"column":26}},"5":{"start":{"line":10,"column":29},"end":{"line":19,"column":1}},"6":{"start":{"line":15,"column":2},"end":{"line":17,"column":null}},"7":{"start":{"line":16,"column":4},"end":{"line":16,"column":65}},"8":{"start":{"line":18,"column":2},"end":{"line":18,"column":9}},"9":{"start":{"line":10,"column":13},"end":{"line":10,"column":29}},"10":{"start":{"line":21,"column":31},"end":{"line":30,"column":1}},"11":{"start":{"line":26,"column":2},"end":{"line":28,"column":null}},"12":{"start":{"line":27,"column":4},"end":{"line":27,"column":18}},"13":{"start":{"line":29,"column":2},"end":{"line":29,"column":65}},"14":{"start":{"line":21,"column":13},"end":{"line":21,"column":31}},"15":{"start":{"line":32,"column":34},"end":{"line":41,"column":1}},"16":{"start":{"line":37,"column":2},"end":{"line":39,"column":null}},"17":{"start":{"line":38,"column":4},"end":{"line":38,"column":70}},"18":{"start":{"line":40,"column":2},"end":{"line":40,"column":9}},"19":{"start":{"line":32,"column":13},"end":{"line":32,"column":34}}},"fnMap":{"0":{"name":"(anonymous_0)","decl":{"start":{"line":3,"column":26},"end":{"line":3,"column":27}},"loc":{"start":{"line":3,"column":78},"end":{"line":8,"column":1}}},"1":{"name":"(anonymous_1)","decl":{"start":{"line":10,"column":29},"end":{"line":10,"column":null}},"loc":{"start":{"line":14,"column":4},"end":{"line":19,"column":1}}},"2":{"name":"(anonymous_2)","decl":{"start":{"line":21,"column":31},"end":{"line":21,"column":null}},"loc":{"start":{"line":25,"column":4},"end":{"line":30,"column":1}}},"3":{"name":"(anonymous_3)","decl":{"start":{"line":32,"column":34},"end":{"line":32,"column":null}},"loc":{"start":{"line":36,"column":4},"end":{"line":41,"column":1}}}},"branchMap":{"0":{"loc":{"start":{"line":4,"column":2},"end":{"line":6,"column":null}},"type":"if","locations":[{"start":{"line":4,"column":2},"end":{"line":6,"column":null}}]},"1":{"loc":{"start":{"line":4,"column":6},"end":{"line":4,"column":26}},"type":"cond-expr","locations":[{"start":{"line":4,"column":14},"end":{"line":4,"column":16}},{"start":{"line":4,"column":14},"end":{"line":4,"column":26}}]},"2":{"loc":{"start":{"line":4,"column":6},"end":{"line":4,"column":16}},"type":"binary-expr","locations":[{"start":{"line":4,"column":6},"end":{"line":4,"column":16}},{"start":{"line":4,"column":14},"end":{"line":4,"column":16}}]},"3":{"loc":{"start":{"line":15,"column":2},"end":{"line":17,"column":null}},"type":"if","locations":[{"start":{"line":15,"column":2},"end":{"line":17,"column":null}}]},"4":{"loc":{"start":{"line":15,"column":6},"end":{"line":15,"column":26}},"type":"cond-expr","locations":[{"start":{"line":15,"column":14},"end":{"line":15,"column":16}},{"start":{"line":15,"column":14},"end":{"line":15,"column":26}}]},"5":{"loc":{"start":{"line":15,"column":6},"end":{"line":15,"column":16}},"type":"binary-expr","locations":[{"start":{"line":15,"column":6},"end":{"line":15,"column":16}},{"start":{"line":15,"column":14},"end":{"line":15,"column":16}}]},"6":{"loc":{"start":{"line":26,"column":2},"end":{"line":28,"column":null}},"type":"if","locations":[{"start":{"line":26,"column":2},"end":{"line":28,"column":null}}]},"7":{"loc":{"start":{"line":37,"column":2},"end":{"line":39,"column":null}},"type":"if","locations":[{"start":{"line":37,"column":2},"end":{"line":39,"column":null}}]}},"s":{"0":6,"1":0,"2":0,"3":0,"4":6,"5":6,"6":4,"7":0,"8":4,"9":6,"10":6,"11":0,"12":0,"13":0,"14":6,"15":6,"16":0,"17":0,"18":0,"19":6},"f":{"0":0,"1":4,"2":0,"3":0},"b":{"0":[0],"1":[0,0],"2":[0,0],"3":[0],"4":[4,0],"5":[4,4],"6":[0],"7":[0]}}
,"C:\\Users\\flohu\\OneDrive\\Documents\\Projekte\\FoodForYou-Backend\\src\\api\\v2\\middlewares\\validator.ts": {"path":"C:\\Users\\flohu\\OneDrive\\Documents\\Projekte\\FoodForYou-Backend\\src\\api\\v2\\middlewares\\validator.ts","statementMap":{"0":{"start":{"line":2,"column":0},"end":{"line":2,"column":70}},"1":{"start":{"line":4,"column":19},"end":{"line":13,"column":2}},"2":{"start":{"line":6,"column":4},"end":{"line":11,"column":6}},"3":{"start":{"line":15,"column":0},"end":{"line":25,"column":4}},"4":{"start":{"line":16,"column":2},"end":{"line":25,"column":4}},"5":{"start":{"line":16,"column":60},"end":{"line":25,"column":4}},"6":{"start":{"line":17,"column":4},"end":{"line":17,"column":74}},"7":{"start":{"line":17,"column":52},"end":{"line":17,"column":71}},"8":{"start":{"line":18,"column":19},"end":{"line":18,"column":34}},"9":{"start":{"line":19,"column":4},"end":{"line":23,"column":null}},"10":{"start":{"line":20,"column":6},"end":{"line":22,"column":78}},"11":{"start":{"line":24,"column":4},"end":{"line":24,"column":11}}},"fnMap":{"0":{"name":"(anonymous_7)","decl":{"start":{"line":5,"column":13},"end":{"line":5,"column":14}},"loc":{"start":{"line":5,"column":49},"end":{"line":12,"column":3}}},"1":{"name":"(anonymous_8)","decl":{"start":{"line":15,"column":15},"end":{"line":15,"column":16}},"loc":{"start":{"line":16,"column":2},"end":{"line":25,"column":4}}},"2":{"name":"(anonymous_9)","decl":{"start":{"line":16,"column":2},"end":{"line":16,"column":9}},"loc":{"start":{"line":16,"column":60},"end":{"line":25,"column":4}}},"3":{"name":"(anonymous_10)","decl":{"start":{"line":16,"column":60},"end":{"line":16,"column":null}},"loc":{"start":{"line":16,"column":60},"end":{"line":25,"column":3}}},"4":{"name":"(anonymous_11)","decl":{"start":{"line":17,"column":38},"end":{"line":17,"column":48}},"loc":{"start":{"line":17,"column":52},"end":{"line":17,"column":71}}}},"branchMap":{"0":{"loc":{"start":{"line":19,"column":4},"end":{"line":23,"column":null}},"type":"if","locations":[{"start":{"line":19,"column":4},"end":{"line":23,"column":null}}]}},"s":{"0":6,"1":6,"2":42,"3":6,"4":105,"5":48,"6":48,"7":270,"8":48,"9":48,"10":17,"11":31},"f":{"0":42,"1":105,"2":48,"3":48,"4":270},"b":{"0":[17]}}
,"C:\\Users\\flohu\\OneDrive\\Documents\\Projekte\\FoodForYou-Backend\\src\\api\\v2\\models\\index.ts": {"path":"C:\\Users\\flohu\\OneDrive\\Documents\\Projekte\\FoodForYou-Backend\\src\\api\\v2\\models\\index.ts","statementMap":{"0":{"start":{"line":1,"column":0},"end":{"line":1,"column":7}},"1":{"start":{"line":6,"column":9},"end":{"line":1,"column":26}},"2":{"start":{"line":2,"column":0},"end":{"line":2,"column":7}},"3":{"start":{"line":6,"column":15},"end":{"line":2,"column":26}},"4":{"start":{"line":3,"column":0},"end":{"line":3,"column":7}},"5":{"start":{"line":6,"column":21},"end":{"line":3,"column":38}},"6":{"start":{"line":4,"column":0},"end":{"line":4,"column":7}},"7":{"start":{"line":6,"column":33},"end":{"line":4,"column":28}}},"fnMap":{},"branchMap":{},"s":{"0":13,"1":13,"2":13,"3":13,"4":13,"5":13,"6":13,"7":13},"f":{},"b":{}}
,"C:\\Users\\flohu\\OneDrive\\Documents\\Projekte\\FoodForYou-Backend\\src\\api\\v2\\models\\meal.ts": {"path":"C:\\Users\\flohu\\OneDrive\\Documents\\Projekte\\FoodForYou-Backend\\src\\api\\v2\\models\\meal.ts","statementMap":{"0":{"start":{"line":1,"column":0},"end":{"line":1,"column":48}},"1":{"start":{"line":2,"column":0},"end":{"line":2,"column":36}},"2":{"start":{"line":5,"column":0},"end":{"line":5,"column":59}},"3":{"start":{"line":6,"column":0},"end":{"line":6,"column":52}},"4":{"start":{"line":8,"column":17},"end":{"line":8,"column":45}},"5":{"start":{"line":10,"column":13},"end":{"line":44,"column":2}},"6":{"start":{"line":46,"column":0},"end":{"line":60,"column":3}},"7":{"start":{"line":47,"column":2},"end":{"line":47,"column":64}},"8":{"start":{"line":48,"column":2},"end":{"line":48,"column":54}},"9":{"start":{"line":50,"column":2},"end":{"line":50,"column":62}},"10":{"start":{"line":51,"column":2},"end":{"line":57,"column":4}},"11":{"start":{"line":52,"column":63},"end":{"line":56,"column":6}},"12":{"start":{"line":53,"column":19},"end":{"line":53,"column":68}},"13":{"start":{"line":54,"column":6},"end":{"line":54,"column":33}},"14":{"start":{"line":54,"column":15},"end":{"line":54,"column":33}},"15":{"start":{"line":55,"column":6},"end":{"line":55,"column":52}},"16":{"start":{"line":59,"column":2},"end":{"line":59,"column":9}},"17":{"start":{"line":62,"column":0},"end":{"line":91,"column":3}},"18":{"start":{"line":63,"column":17},"end":{"line":63,"column":40}},"19":{"start":{"line":65,"column":2},"end":{"line":67,"column":null}},"20":{"start":{"line":66,"column":4},"end":{"line":66,"column":68}},"21":{"start":{"line":69,"column":2},"end":{"line":77,"column":null}},"22":{"start":{"line":70,"column":4},"end":{"line":76,"column":6}},"23":{"start":{"line":71,"column":67},"end":{"line":75,"column":8}},"24":{"start":{"line":72,"column":21},"end":{"line":72,"column":70}},"25":{"start":{"line":73,"column":8},"end":{"line":73,"column":35}},"26":{"start":{"line":73,"column":17},"end":{"line":73,"column":35}},"27":{"start":{"line":74,"column":8},"end":{"line":74,"column":54}},"28":{"start":{"line":79,"column":2},"end":{"line":79,"column":35}},"29":{"start":{"line":79,"column":21},"end":{"line":79,"column":35}},"30":{"start":{"line":81,"column":2},"end":{"line":85,"column":null}},"31":{"start":{"line":82,"column":4},"end":{"line":82,"column":32}},"32":{"start":{"line":83,"column":4},"end":{"line":83,"column":27}},"33":{"start":{"line":84,"column":4},"end":{"line":84,"column":18}},"34":{"start":{"line":87,"column":2},"end":{"line":87,"column":61}},"35":{"start":{"line":88,"column":2},"end":{"line":88,"column":51}},"36":{"start":{"line":90,"column":2},"end":{"line":90,"column":9}},"37":{"start":{"line":93,"column":0},"end":{"line":93,"column":42}}},"fnMap":{"0":{"name":"(anonymous_8)","decl":{"start":{"line":46,"column":17},"end":{"line":46,"column":33}},"loc":{"start":{"line":46,"column":37},"end":{"line":60,"column":2}}},"1":{"name":"(anonymous_10)","decl":{"start":{"line":52,"column":20},"end":{"line":52,"column":27}},"loc":{"start":{"line":52,"column":63},"end":{"line":56,"column":6}}},"2":{"name":"(anonymous_11)","decl":{"start":{"line":52,"column":63},"end":{"line":52,"column":null}},"loc":{"start":{"line":52,"column":63},"end":{"line":56,"column":5}}},"3":{"name":"(anonymous_12)","decl":{"start":{"line":62,"column":29},"end":{"line":62,"column":45}},"loc":{"start":{"line":62,"column":49},"end":{"line":91,"column":2}}},"4":{"name":"(anonymous_14)","decl":{"start":{"line":71,"column":24},"end":{"line":71,"column":31}},"loc":{"start":{"line":71,"column":67},"end":{"line":75,"column":8}}},"5":{"name":"(anonymous_15)","decl":{"start":{"line":71,"column":67},"end":{"line":71,"column":null}},"loc":{"start":{"line":71,"column":67},"end":{"line":75,"column":7}}}},"branchMap":{"0":{"loc":{"start":{"line":47,"column":24},"end":{"line":47,"column":63}},"type":"cond-expr","locations":[{"start":{"line":47,"column":33},"end":{"line":47,"column":35}},{"start":{"line":47,"column":33},"end":{"line":47,"column":63}}]},"1":{"loc":{"start":{"line":47,"column":24},"end":{"line":47,"column":35}},"type":"binary-expr","locations":[{"start":{"line":47,"column":24},"end":{"line":47,"column":35}},{"start":{"line":47,"column":33},"end":{"line":47,"column":35}}]},"2":{"loc":{"start":{"line":48,"column":19},"end":{"line":48,"column":53}},"type":"cond-expr","locations":[{"start":{"line":48,"column":28},"end":{"line":48,"column":30}},{"start":{"line":48,"column":28},"end":{"line":48,"column":53}}]},"3":{"loc":{"start":{"line":48,"column":19},"end":{"line":48,"column":30}},"type":"binary-expr","locations":[{"start":{"line":48,"column":19},"end":{"line":48,"column":30}},{"start":{"line":48,"column":28},"end":{"line":48,"column":30}}]},"4":{"loc":{"start":{"line":54,"column":6},"end":{"line":54,"column":33}},"type":"if","locations":[{"start":{"line":54,"column":6},"end":{"line":54,"column":33}}]},"5":{"loc":{"start":{"line":65,"column":2},"end":{"line":67,"column":null}},"type":"if","locations":[{"start":{"line":65,"column":2},"end":{"line":67,"column":null}}]},"6":{"loc":{"start":{"line":65,"column":6},"end":{"line":65,"column":28}},"type":"cond-expr","locations":[{"start":{"line":65,"column":24},"end":{"line":65,"column":26}},{"start":{"line":65,"column":24},"end":{"line":65,"column":28}}]},"7":{"loc":{"start":{"line":65,"column":6},"end":{"line":65,"column":26}},"type":"binary-expr","locations":[{"start":{"line":65,"column":6},"end":{"line":65,"column":26}},{"start":{"line":65,"column":24},"end":{"line":65,"column":26}}]},"8":{"loc":{"start":{"line":65,"column":6},"end":{"line":65,"column":24}},"type":"cond-expr","locations":[{"start":{"line":65,"column":12},"end":{"line":65,"column":14}},{"start":{"line":65,"column":6},"end":{"line":65,"column":24}}]},"9":{"loc":{"start":{"line":65,"column":6},"end":{"line":65,"column":14}},"type":"binary-expr","locations":[{"start":{"line":65,"column":6},"end":{"line":65,"column":14}},{"start":{"line":65,"column":6},"end":{"line":65,"column":14}}]},"10":{"loc":{"start":{"line":69,"column":2},"end":{"line":77,"column":null}},"type":"if","locations":[{"start":{"line":69,"column":2},"end":{"line":77,"column":null}}]},"11":{"loc":{"start":{"line":69,"column":6},"end":{"line":69,"column":50}},"type":"binary-expr","locations":[{"start":{"line":69,"column":6},"end":{"line":69,"column":20}},{"start":{"line":69,"column":24},"end":{"line":69,"column":50}}]},"12":{"loc":{"start":{"line":69,"column":6},"end":{"line":69,"column":20}},"type":"cond-expr","locations":[{"start":{"line":69,"column":12},"end":{"line":69,"column":14}},{"start":{"line":69,"column":6},"end":{"line":69,"column":20}}]},"13":{"loc":{"start":{"line":69,"column":6},"end":{"line":69,"column":14}},"type":"binary-expr","locations":[{"start":{"line":69,"column":6},"end":{"line":69,"column":14}},{"start":{"line":69,"column":6},"end":{"line":69,"column":14}}]},"14":{"loc":{"start":{"line":69,"column":24},"end":{"line":69,"column":46}},"type":"cond-expr","locations":[{"start":{"line":69,"column":38},"end":{"line":69,"column":40}},{"start":{"line":69,"column":38},"end":{"line":69,"column":46}}]},"15":{"loc":{"start":{"line":69,"column":24},"end":{"line":69,"column":40}},"type":"binary-expr","locations":[{"start":{"line":69,"column":24},"end":{"line":69,"column":40}},{"start":{"line":69,"column":38},"end":{"line":69,"column":40}}]},"16":{"loc":{"start":{"line":69,"column":24},"end":{"line":69,"column":38}},"type":"cond-expr","locations":[{"start":{"line":69,"column":30},"end":{"line":69,"column":32}},{"start":{"line":69,"column":24},"end":{"line":69,"column":38}}]},"17":{"loc":{"start":{"line":69,"column":24},"end":{"line":69,"column":32}},"type":"binary-expr","locations":[{"start":{"line":69,"column":24},"end":{"line":69,"column":32}},{"start":{"line":69,"column":24},"end":{"line":69,"column":32}}]},"18":{"loc":{"start":{"line":73,"column":8},"end":{"line":73,"column":35}},"type":"if","locations":[{"start":{"line":73,"column":8},"end":{"line":73,"column":35}}]},"19":{"loc":{"start":{"line":79,"column":2},"end":{"line":79,"column":35}},"type":"if","locations":[{"start":{"line":79,"column":2},"end":{"line":79,"column":35}}]},"20":{"loc":{"start":{"line":79,"column":7},"end":{"line":79,"column":19}},"type":"cond-expr","locations":[{"start":{"line":79,"column":13},"end":{"line":79,"column":15}},{"start":{"line":79,"column":7},"end":{"line":79,"column":19}}]},"21":{"loc":{"start":{"line":79,"column":7},"end":{"line":79,"column":15}},"type":"binary-expr","locations":[{"start":{"line":79,"column":7},"end":{"line":79,"column":15}},{"start":{"line":79,"column":7},"end":{"line":79,"column":15}}]},"22":{"loc":{"start":{"line":81,"column":2},"end":{"line":85,"column":null}},"type":"if","locations":[{"start":{"line":81,"column":2},"end":{"line":85,"column":null}}]},"23":
[...]
:51,"column":22}},"loc":{"start":{"line":51,"column":39},"end":{"line":63,"column":null}}},"1":{"name":"(anonymous_8)","decl":{"start":{"line":51,"column":39},"end":{"line":51,"column":null}},"loc":{"start":{"line":51,"column":39},"end":{"line":63,"column":7}}},"2":{"name":"(anonymous_9)","decl":{"start":{"line":53,"column":31},"end":{"line":53,"column":33}},"loc":{"start":{"line":53,"column":36},"end":{"line":57,"column":11}}},"3":{"name":"(anonymous_10)","decl":{"start":{"line":108,"column":15},"end":{"line":108,"column":21}},"loc":{"start":{"line":108,"column":29},"end":{"line":112,"column":null}}},"4":{"name":"(anonymous_11)","decl":{"start":{"line":108,"column":29},"end":{"line":108,"column":null}},"loc":{"start":{"line":108,"column":29},"end":{"line":112,"column":7}}},"5":{"name":"(anonymous_12)","decl":{"start":{"line":136,"column":15},"end":{"line":136,"column":21}},"loc":{"start":{"line":136,"column":29},"end":{"line":140,"column":null}}},"6":{"name":"(anonymous_13)","decl":{"start":{"line":136,"column":29},"end":{"line":136,"column":null}},"loc":{"start":{"line":136,"column":29},"end":{"line":140,"column":7}}},"7":{"name":"(anonymous_14)","decl":{"start":{"line":167,"column":15},"end":{"line":167,"column":21}},"loc":{"start":{"line":167,"column":29},"end":{"line":171,"column":null}}},"8":{"name":"(anonymous_15)","decl":{"start":{"line":167,"column":29},"end":{"line":167,"column":null}},"loc":{"start":{"line":167,"column":29},"end":{"line":171,"column":7}}},"9":{"name":"(anonymous_16)","decl":{"start":{"line":193,"column":15},"end":{"line":193,"column":21}},"loc":{"start":{"line":193,"column":29},"end":{"line":197,"column":null}}},"10":{"name":"(anonymous_17)","decl":{"start":{"line":193,"column":29},"end":{"line":193,"column":null}},"loc":{"start":{"line":193,"column":29},"end":{"line":197,"column":7}}},"11":{"name":"(anonymous_18)","decl":{"start":{"line":234,"column":15},"end":{"line":234,"column":20}},"loc":{"start":{"line":234,"column":23},"end":{"line":238,"column":7}}}},"branchMap":{"0":{"loc":{"start":{"line":54,"column":12},"end":{"line":55,"column":76}},"type":"if","locations":[{"start":{"line":54,"column":12},"end":{"line":55,"column":76}}]},"1":{"loc":{"start":{"line":60,"column":8},"end":{"line":61,"column":64}},"type":"if","locations":[{"start":{"line":60,"column":8},"end":{"line":61,"column":64}}]},"2":{"loc":{"start":{"line":110,"column":8},"end":{"line":110,"column":59}},"type":"if","locations":[{"start":{"line":110,"column":8},"end":{"line":110,"column":59}}]},"3":{"loc":{"start":{"line":138,"column":8},"end":{"line":138,"column":59}},"type":"if","locations":[{"start":{"line":138,"column":8},"end":{"line":138,"column":59}}]},"4":{"loc":{"start":{"line":169,"column":8},"end":{"line":169,"column":59}},"type":"if","locations":[{"start":{"line":169,"column":8},"end":{"line":169,"column":59}}]},"5":{"loc":{"start":{"line":195,"column":8},"end":{"line":195,"column":59}},"type":"if","locations":[{"start":{"line":195,"column":8},"end":{"line":195,"column":59}}]},"6":{"loc":{"start":{"line":236,"column":8},"end":{"line":236,"column":72}},"type":"if","locations":[{"start":{"line":236,"column":8},"end":{"line":236,"column":72}}]}},"s":{"0":6,"1":6,"2":6,"3":6,"4":0,"5":0,"6":0,"7":0,"8":0,"9":0,"10":0,"11":0,"12":6,"13":0,"14":0,"15":0,"16":0,"17":0,"18":0,"19":0,"20":0,"21":0,"22":0,"23":6,"24":0,"25":0,"26":0,"27":0,"28":0,"29":0,"30":0,"31":0,"32":0,"33":0,"34":0,"35":0,"36":0,"37":0,"38":6},"f":{"0":0,"1":0,"2":0,"3":0,"4":0,"5":0,"6":0,"7":0,"8":0,"9":0,"10":0,"11":0},"b":{"0":[0],"1":[0],"2":[0],"3":[0],"4":[0],"5":[0],"6":[0]}}
,"C:\\Users\\flohu\\OneDrive\\Documents\\Projekte\\FoodForYou-Backend\\src\\api\\v2\\validators\\restaurantValidator.ts": {"path":"C:\\Users\\flohu\\OneDrive\\Documents\\Projekte\\FoodForYou-Backend\\src\\api\\v2\\validators\\restaurantValidator.ts","statementMap":{"0":{"start":{"line":3,"column":25},"end":{"line":10,"column":2}},"1":{"start":{"line":12,"column":26},"end":{"line":48,"column":2}},"2":{"start":{"line":50,"column":29},"end":{"line":79,"column":2}},"3":{"start":{"line":81,"column":29},"end":{"line":117,"column":2}},"4":{"start":{"line":119,"column":0},"end":{"line":124,"column":2}}},"fnMap":{},"branchMap":{},"s":{"0":6,"1":6,"2":6,"3":6,"4":6},"f":{},"b":{}}
,"C:\\Users\\flohu\\OneDrive\\Documents\\Projekte\\FoodForYou-Backend\\src\\api\\v2\\validators\\userValidator.ts": {"path":"C:\\Users\\flohu\\OneDrive\\Documents\\Projekte\\FoodForYou-Backend\\src\\api\\v2\\validators\\userValidator.ts","statementMap":{"0":{"start":{"line":3,"column":0},"end":{"line":3,"column":33}},"1":{"start":{"line":6,"column":25},"end":{"line":13,"column":2}},"2":{"start":{"line":15,"column":29},"end":{"line":63,"column":2}},"3":{"start":{"line":39,"column":29},"end":{"line":43,"column":null}},"4":{"start":{"line":40,"column":42},"end":{"line":40,"column":78}},"5":{"start":{"line":41,"column":8},"end":{"line":41,"column":74}},"6":{"start":{"line":41,"column":25},"end":{"line":41,"column":74}},"7":{"start":{"line":42,"column":8},"end":{"line":42,"column":20}},"8":{"start":{"line":65,"column":29},"end":{"line":138,"column":2}},"9":{"start":{"line":95,"column":29},"end":{"line":101,"column":null}},"10":{"start":{"line":96,"column":42},"end":{"line":98,"column":10}},"11":{"start":{"line":99,"column":8},"end":{"line":99,"column":74}},"12":{"start":{"line":99,"column":25},"end":{"line":99,"column":74}},"13":{"start":{"line":100,"column":8},"end":{"line":100,"column":20}},"14":{"start":{"line":140,"column":35},"end":{"line":146,"column":2}},"15":{"start":{"line":148,"column":0},"end":{"line":153,"column":2}}},"fnMap":{"0":{"name":"(anonymous_7)","decl":{"start":{"line":39,"column":15},"end":{"line":39,"column":21}},"loc":{"start":{"line":39,"column":29},"end":{"line":43,"column":null}}},"1":{"name":"(anonymous_8)","decl":{"start":{"line":39,"column":29},"end":{"line":39,"column":null}},"loc":{"start":{"line":39,"column":29},"end":{"line":43,"column":7}}},"2":{"name":"(anonymous_9)","decl":{"start":{"line":95,"column":15},"end":{"line":95,"column":21}},"loc":{"start":{"line":95,"column":29},"end":{"line":101,"column":null}}},"3":{"name":"(anonymous_10)","decl":{"start":{"line":95,"column":29},"end":{"line":95,"column":null}},"loc":{"start":{"line":95,"column":29},"end":{"line":101,"column":7}}}},"branchMap":{"0":{"loc":{"start":{"line":41,"column":8},"end":{"line":41,"column":74}},"type":"if","locations":[{"start":{"line":41,"column":8},"end":{"line":41,"column":74}}]},"1":{"loc":{"start":{"line":99,"column":8},"end":{"line":99,"column":74}},"type":"if","locations":[{"start":{"line":99,"column":8},"end":{"line":99,"column":74}}]}},"s":{"0":6,"1":6,"2":6,"3":2,"4":2,"5":2,"6":0,"7":2,"8":6,"9":0,"10":0,"11":0,"12":0,"13":0,"14":6,"15":6},"f":{"0":2,"1":2,"2":0,"3":0},"b":{"0":[0],"1":[0]}}
,"C:\\Users\\flohu\\OneDrive\\Documents\\Projekte\\FoodForYou-Backend\\src\\config\\Database.ts": {"path":"C:\\Users\\flohu\\OneDrive\\Documents\\Projekte\\FoodForYou-Backend\\src\\config\\Database.ts","statementMap":{"0":{"start":{"line":1,"column":0},"end":{"line":1,"column":52}},"1":{"start":{"line":2,"column":0},"end":{"line":2,"column":30}},"2":{"start":{"line":4,"column":15},"end":{"line":4,"column":37}},"3":{"start":{"line":8,"column":21},"end":{"line":8,"column":43}},"4":{"start":{"line":9,"column":11},"end":{"line":9,"column":34}},"5":{"start":{"line":13,"column":4},"end":{"line":19,"column":null}},"6":{"start":{"line":14,"column":6},"end":{"line":14,"column":64}},"7":{"start":{"line":15,"column":6},"end":{"line":15,"column":51}},"8":{"start":{"line":17,"column":6},"end":{"line":17,"column":41}},"9":{"start":{"line":18,"column":6},"end":{"line":18,"column":22}},"10":{"start":{"line":23,"column":4},"end":{"line":23,"column":26}},"11":{"start":{"line":6,"column":0},"end":{"line":6,"column":21}}},"fnMap":{"0":{"name":"(anonymous_8)","decl":{"start":{"line":7,"column":2},"end":{"line":7,"column":null}},"loc":{"start":{"line":9,"column":34},"end":{"line":10,"column":6}}},"1":{"name":"(anonymous_9)","decl":{"start":{"line":12,"column":15},"end":{"line":12,"column":19}},"loc":{"start":{"line":12,"column":19},"end":{"line":20,"column":null}}},"2":{"name":"(anonymous_11)","decl":{"start":{"line":22,"column":9},"end":{"line":22,"column":15}},"loc":{"start":{"line":22,"column":35},"end":{"line":24,"column":3}}}},"branchMap":{},"s":{"0":4,"1":4,"2":4,"3":4,"4":4,"5":4,"6":4,"7":4,"8":0,"9":0,"10":4,"11":4},"f":{"0":4,"1":4,"2":4},"b":{}}
,"C:\\Users\\flohu\\OneDrive\\Documents\\Projekte\\FoodForYou-Backend\\src\\config\\Logger.ts": {"path":"C:\\Users\\flohu\\OneDrive\\Documents\\Projekte\\FoodForYou-Backend\\src\\config\\Logger.ts","statementMap":{"0":{"start":{"line":4,"column":10},"end":{"line":4,"column":29}},"1":{"start":{"line":9,"column":4},"end":{"line":12,"column":6}},"2":{"start":{"line":16,"column":4},"end":{"line":16,"column":29}},"3":{"start":{"line":20,"column":4},"end":{"line":20,"column":22}},"4":{"start":{"line":24,"column":17},"end":{"line":24,"column":55}},"5":{"start":{"line":25,"column":4},"end":{"line":25,"column":59}},"6":{"start":{"line":26,"column":4},"end":{"line":26,"column":80}},"7":{"start":{"line":27,"column":4},"end":{"line":27,"column":25}},"8":{"start":{"line":31,"column":4},"end":{"line":31,"column":26}},"9":{"start":{"line":3,"column":0},"end":{"line":3,"column":21}}},"fnMap":{"0":{"name":"(anonymous_0)","decl":{"start":{"line":8,"column":2},"end":{"line":8,"column":14}},"loc":{"start":{"line":8,"column":30},"end":{"line":13,"column":3}}},"1":{"name":"(anonymous_1)","decl":{"start":{"line":15,"column":2},"end":{"line":15,"column":6}},"loc":{"start":{"line":15,"column":11},"end":{"line":17,"column":3}}},"2":{"name":"(anonymous_2)","decl":{"start":{"line":19,"column":2},"end":{"line":19,"column":6}},"loc":{"start":{"line":19,"column":10},"end":{"line":21,"column":3}}},"3":{"name":"(anonymous_3)","decl":{"start":{"line":23,"column":9},"end":{"line":23,"column":12}},"loc":{"start":{"line":23,"column":60},"end":{"line":28,"column":3}}},"4":{"name":"(anonymous_4)","decl":{"start":{"line":30,"column":10},"end":{"line":30,"column":17}},"loc":{"start":{"line":30,"column":28},"end":{"line":32,"column":3}}}},"branchMap":{"0":{"loc":{"start":{"line":25,"column":40},"end":{"line":25,"column":55}},"type":"binary-expr","locations":[{"start":{"line":25,"column":40},"end":{"line":25,"column":44}},{"start":{"line":25,"column":48},"end":{"line":25,"column":55}}]},"1":{"loc":{"start":{"line":26,"column":49},"end":{"line":26,"column":64}},"type":"binary-expr","locations":[{"start":{"line":26,"column":49},"end":{"line":26,"column":53}},{"start":{"line":26,"column":57},"end":{"line":26,"column":64}}]}},"s":{"0":9,"1":9,"2":0,"3":0,"4":4,"5":4,"6":4,"7":4,"8":4,"9":5},"f":{"0":9,"1":0,"2":0,"3":4,"4":4},"b":{"0":[4,0],"1":[4,0]}}
,"C:\\Users\\flohu\\OneDrive\\Documents\\Projekte\\FoodForYou-Backend\\src\\config\\Mailer.ts": {"path":"C:\\Users\\flohu\\OneDrive\\Documents\\Projekte\\FoodForYou-Backend\\src\\config\\Mailer.ts","statementMap":{"0":{"start":{"line":1,"column":0},"end":{"line":1,"column":71}},"1":{"start":{"line":2,"column":0},"end":{"line":2,"column":36}},"2":{"start":{"line":6,"column":19},"end":{"line":6,"column":30}},"3":{"start":{"line":32,"column":21},"end":{"line":32,"column":38}},"4":{"start":{"line":33,"column":21},"end":{"line":33,"column":42}},"5":{"start":{"line":34,"column":21},"end":{"line":34,"column":42}},"6":{"start":{"line":9,"column":10},"end":{"line":13,"column":4}},"7":{"start":{"line":17,"column":10},"end":{"line":29,"column":25}},"8":{"start":{"line":36,"column":4},"end":{"line":38,"column":7}},"9":{"start":{"line":39,"column":4},"end":{"line":39,"column":23}},"10":{"start":{"line":43,"column":4},"end":{"line":43,"column":66}},"11":{"start":{"line":47,"column":4},"end":{"line":58,"column":null}},"12":{"start":{"line":48,"column":6},"end":{"line":55,"column":9}},"13":{"start":{"line":57,"column":6},"end":{"line":57,"column":23}},"14":{"start":{"line":8,"column":0},"end":{"line":8,"column":21}}},"fnMap":{"0":{"name":"(anonymous_8)","decl":{"start":{"line":31,"column":2},"end":{"line":31,"column":null}},"loc":{"start":{"line":34,"column":42},"end":{"line":40,"column":3}}},"1":{"name":"(anonymous_9)","decl":{"start":{"line":42,"column":16},"end":{"line":42,"column":27}},"loc":{"start":{"line":42,"column":27},"end":{"line":44,"column":null}}},"2":{"name":"(anonymous_11)","decl":{"start":{"line":46,"column":15},"end":{"line":46,"column":31}},"loc":{"start":{"line":46,"column":58},"end":{"line":59,"column":null}}}},"branchMap":{},"s":{"0":5,"1":5,"2":5,"3":0,"4":0,"5":0,"6":0,"7":0,"8":0,"9":0,"10":0,"11":0,"12":0,"13":0,"14":5},"f":{"0":0,"1":0,"2":0},"b":{}}
,"C:\\Users\\flohu\\OneDrive\\Documents\\Projekte\\FoodForYou-Backend\\src\\config\\constants.ts": {"path":"C:\\Users\\flohu\\OneDrive\\Documents\\Projekte\\FoodForYou-Backend\\src\\config\\constants.ts","statementMap":{"0":{"start":{"line":1,"column":0},"end":{"line":1,"column":23}},"1":{"start":{"line":7,"column":17},"end":{"line":15,"column":1}},"2":{"start":{"line":8,"column":2},"end":{"line":10,"column":null}},"3":{"start":{"line":9,"column":4},"end":{"line":9,"column":42}},"4":{"start":{"line":11,"column":2},"end":{"line":13,"column":null}},"5":{"start":{"line":12,"column":4},"end":{"line":12,"column":54}},"6":{"start":{"line":14,"column":2},"end":{"line":14,"column":45}},"7":{"start":{"line":18,"column":13},"end":{"line":28,"column":null}},"8":{"start":{"line":30,"column":13},"end":{"line":30,"column":64}},"9":{"start":{"line":31,"column":13},"end":{"line":31,"column":39}}},"fnMap":{"0":{"name":"(anonymous_0)","decl":{"start":{"line":7,"column":17},"end":{"line":7,"column":20}},"loc":{"start":{"line":7,"column":22},"end":{"line":15,"column":1}}}},"branchMap":{"0":{"loc":{"start":{"line":8,"column":2},"end":{"line":10,"column":null}},"type":"if","locations":[{"start":{"line":8,"column":2},"end":{"line":10,"column":null}}]},"1":{"loc":{"start":{"line":9,"column":11},"end":{"line":9,"column":41}},"type":"binary-expr","locations":[{"start":{"line":9,"column":11},"end":{"line":9,"column":35}},{"start":{"line":9,"column":39},"end":{"line":9,"column":41}}]},"2":{"loc":{"start":{"line":11,"column":2},"end":{"line":13,"column":null}},"type":"if","locations":[{"start":{"line":11,"column":2},"end":{"line":13,"column":null}}]},"3":{"loc":{"start":{"line":12,"column":11},"end":{"line":12,"column":53}},"type":"binary-expr","locations":[{"start":{"line":12,"column":11},"end":{"line":12,"column":47}},{"start":{"line":12,"column":51},"end":{"line":12,"column":53}}]},"4":{"loc":{"start":{"line":14,"column":9},"end":{"line":14,"column":44}},"type":"binary-expr","locations":[{"start":{"line":14,"column":9},"end":{"line":14,"column":38}},{"start":{"line":14,"column":42},"end":{"line":14,"column":44}}]},"5":{"loc":{"start":{"line":30,"column":20},"end":{"line":30,"column":63}},"type":"cond-expr","locations":[{"start":{"line":30,"column":39},"end":{"line":30,"column":56}},{"start":{"line":30,"column":59},"end":{"line":30,"column":63}}]}},"s":{"0":13,"1":13,"2":13,"3":0,"4":13,"5":0,"6":13,"7":13,"8":13,"9":13},"f":{"0":13},"b":{"0":[0],"1":[0,0],"2":[0],"3":[0,0],"4":[13,0],"5":[13,0]}}
,"C:\\Users\\flohu\\OneDrive\\Documents\\Projekte\\FoodForYou-Backend\\src\\config\\docs\\basicInfo.ts": {"path":"C:\\Users\\flohu\\OneDrive\\Documents\\Projekte\\FoodForYou-Backend\\src\\config\\docs\\basicInfo.ts","statementMap":{"0":{"start":{"line":1,"column":0},"end":{"line":17,"column":2}}},"fnMap":{},"branchMap":{},"s":{"0":5},"f":{},"b":{}}
,"C:\\Users\\flohu\\OneDrive\\Documents\\Projekte\\FoodForYou-Backend\\src\\config\\docs\\components.ts": {"path":"C:\\Users\\flohu\\OneDrive\\Documents\\Projekte\\FoodForYou-Backend\\src\\config\\docs\\components.ts","statementMap":{"0":{"start":{"line":1,"column":0},"end":{"line":1,"column":56}},"1":{"start":{"line":3,"column":0},"end":{"line":389,"column":2}}},"fnMap":{},"branchMap":{},"s":{"0":5,"1":5},"f":{},"b":{}}
,"C:\\Users\\flohu\\OneDrive\\Documents\\Projekte\\FoodForYou-Backend\\src\\config\\docs\\index.ts": {"path":"C:\\Users\\flohu\\OneDrive\\Documents\\Projekte\\FoodForYou-Backend\\src\\config\\docs\\index.ts","statementMap":{"0":{"start":{"line":1,"column":0},"end":{"line":1,"column":36}},"1":{"start":{"line":2,"column":0},"end":{"line":2,"column":38}},"2":{"start":{"line":3,"column":0},"end":{"line":3,"column":30}},"3":{"start":{"line":4,"column":0},"end":{"line":4,"column":26}},"4":{"start":{"line":5,"column":0},"end":{"line":5,"column":36}},"5":{"start":{"line":6,"column":0},"end":{"line":6,"column":40}},"6":{"start":{"line":7,"column":0},"end":{"line":7,"column":38}},"7":{"start":{"line":8,"column":0},"end":{"line":8,"column":38}},"8":{"start":{"line":9,"column":0},"end":{"line":9,"column":50}},"9":{"start":{"line":10,"column":0},"end":{"line":10,"column":40}},"10":{"start":{"line":12,"column":0},"end":{"line":34,"column":null}}},"fnMap":{},"branchMap":{},"s":{"0":5,"1":5,"2":5,"3":5,"4":5,"5":5,"6":5,"7":5,"8":5,"9":5,"10":5},"f":{},"b":{}}
,"C:\\Users\\flohu\\OneDrive\\Documents\\Projekte\\FoodForYou-Backend\\src\\config\\docs\\server.ts": {"path":"C:\\Users\\flohu\\OneDrive\\Documents\\Projekte\\FoodForYou-Backend\\src\\config\\docs\\server.ts","statementMap":{"0":{"start":{"line":1,"column":0},"end":{"line":8,"column":2}}},"fnMap":{},"branchMap":{},"s":{"0":5},"f":{},"b":{}}
,"C:\\Users\\flohu\\OneDrive\\Documents\\Projekte\\FoodForYou-Backend\\src\\config\\docs\\tags.ts": {"path":"C:\\Users\\flohu\\OneDrive\\Documents\\Projekte\\FoodForYou-Backend\\src\\config\\docs\\tags.ts","statementMap":{"0":{"start":{"line":1,"column":0},"end":{"line":22,"column":2}}},"fnMap":{},"branchMap":{},"s":{"0":5},"f":{},"b":{}}
,"C:\\Users\\flohu\\OneDrive\\Documents\\Projekte\\FoodForYou-Backend\\src\\config\\docs\\endpoints\\auth.ts": {"path":"C:\\Users\\flohu\\OneDrive\\Documents\\Projekte\\FoodForYou-Backend\\src\\config\\docs\\endpoints\\auth.ts","statementMap":{"0":{"start":{"line":1,"column":0},"end":{"line":80,"column":2}}},"fnMap":{},"branchMap":{},"s":{"0":5},"f":{},"b":{}}
,"C:\\Users\\flohu\\OneDrive\\Documents\\Projekte\\FoodForYou-Backend\\src\\config\\docs\\endpoints\\images.ts": {"path":"C:\\Users\\flohu\\OneDrive\\Documents\\Projekte\\FoodForYou-Backend\\src\\config\\docs\\endpoints\\images.ts","statementMap":{"0":{"start":{"line":1,"column":0},"end":{"line":161,"column":2}}},"fnMap":{},"branchMap":{},"s":{"0":5},"f":{},"b":{}}
,"C:\\Users\\flohu\\OneDrive\\Documents\\Projekte\\FoodForYou-Backend\\src\\config\\docs\\endpoints\\meals.ts": {"path":"C:\\Users\\flohu\\OneDrive\\Documents\\Projekte\\FoodForYou-Backend\\src\\config\\docs\\endpoints\\meals.ts","statementMap":{"0":{"start":{"line":1,"column":0},"end":{"line":465,"column":2}}},"fnMap":{},"branchMap":{},"s":{"0":5},"f":{},"b":{}}
,"C:\\Users\\flohu\\OneDrive\\Documents\\Projekte\\FoodForYou-Backend\\src\\config\\docs\\endpoints\\orders.ts": {"path":"C:\\Users\\flohu\\OneDrive\\Documents\\Projekte\\FoodForYou-Backend\\src\\config\\docs\\endpoints\\orders.ts","statementMap":{"0":{"start":{"line":1,"column":0},"end":{"line":447,"column":2}}},"fnMap":{},"branchMap":{},"s":{"0":5},"f":{},"b":{}}
,"C:\\Users\\flohu\\OneDrive\\Documents\\Projekte\\FoodForYou-Backend\\src\\config\\docs\\endpoints\\restaurants.ts": {"path":"C:\\Users\\flohu\\OneDrive\\Documents\\Projekte\\FoodForYou-Backend\\src\\config\\docs\\endpoints\\restaurants.ts","statementMap":{"0":{"start":{"line":1,"column":0},"end":{"line":329,"column":2}}},"fnMap":{},"branchMap":{},"s":{"0":5},"f":{},"b":{}}
,"C:\\Users\\flohu\\OneDrive\\Documents\\Projekte\\FoodForYou-Backend\\src\\config\\docs\\endpoints\\users.ts": {"path":"C:\\Users\\flohu\\OneDrive\\Documents\\Projekte\\FoodForYou-Backend\\src\\config\\docs\\endpoints\\users.ts","statementMap":{"0":{"start":{"line":1,"column":0},"end":{"line":475,"column":2}}},"fnMap":{},"branchMap":{},"s":{"0":5},"f":{},"b":{}}
}
