TN:
SF:__tests__\utils\SuperTest.ts
FN:11,(anonymous_1)
FN:19,(anonymous_2)
FN:38,(anonymous_3)
FN:42,(anonymous_4)
FN:46,(anonymous_5)
FN:53,(anonymous_6)
FN:60,(anonymous_7)
FNF:7
FNH:6
FNDA:6,(anonymous_1)
FNDA:6,(anonymous_2)
FNDA:31,(anonymous_3)
FNDA:0,(anonymous_4)
FNDA:12,(anonymous_5)
FNDA:13,(anonymous_6)
FNDA:11,(anonymous_7)
DA:1,6
DA:2,6
DA:3,6
DA:4,6
DA:5,6
DA:6,6
DA:8,6
DA:10,6
DA:11,6
DA:12,6
DA:20,6
DA:21,6
DA:22,6
DA:35,6
DA:39,31
DA:43,0
DA:47,12
DA:54,13
DA:61,11
LF:19
LH:18
BRDA:50,0,0,12
BRDA:50,0,1,0
BRDA:57,1,0,13
BRDA:57,1,1,0
BRF:4
BRH:2
end_of_record
TN:
SF:__tests__\utils\index.ts
FN:6,(anonymous_0)
FN:22,(anonymous_1)
FNF:2
FNH:2
FNDA:65,(anonymous_0)
FNDA:65,(anonymous_1)
DA:6,5
DA:11,65
DA:22,5
DA:23,65
LF:4
LH:4
BRDA:7,0,0,17
BRDA:8,1,0,42
BRDA:9,2,0,58
BRF:3
BRH:3
end_of_record
TN:
SF:src\Server.ts
FN:17,(anonymous_7)
FN:19,(anonymous_8)
FN:26,(anonymous_9)
FN:30,(anonymous_10)
FN:31,(anonymous_11)
FN:36,(anonymous_12)
FN:37,(anonymous_13)
FN:43,(anonymous_14)
FN:44,(anonymous_15)
FN:51,(anonymous_16)
FNF:10
FNH:6
FNDA:6,(anonymous_7)
FNDA:6,(anonymous_8)
FNDA:6,(anonymous_9)
FNDA:0,(anonymous_10)
FNDA:0,(anonymous_11)
FNDA:6,(anonymous_12)
FNDA:30,(anonymous_13)
FNDA:0,(anonymous_14)
FNDA:0,(anonymous_15)
FNDA:6,(anonymous_16)
DA:2,6
DA:3,6
DA:5,6
DA:6,6
DA:7,6
DA:9,6
DA:11,6
DA:15,6
DA:17,6
DA:20,6
DA:21,6
DA:23,6
DA:27,6
DA:31,0
DA:32,0
DA:37,6
DA:38,30
DA:40,6
DA:44,0
DA:45,0
DA:46,0
DA:48,0
DA:52,6
DA:53,6
DA:54,6
DA:55,6
LF:26
LH:20
BRDA:20,0,0,6
BRF:1
BRH:1
end_of_record
TN:
SF:src\api\v2\controllers\AuthController.ts
FN:10,(anonymous_1)
FN:17,(anonymous_2)
FN:33,(anonymous_3)
FN:49,(anonymous_4)
FN:72,(anonymous_5)
FN:79,(anonymous_6)
FN:86,(anonymous_7)
FN:87,(anonymous_8)
FN:92,(anonymous_9)
FNF:9
FNH:1
FNDA:6,(anonymous_1)
FNDA:0,(anonymous_2)
FNDA:0,(anonymous_3)
FNDA:0,(anonymous_4)
FNDA:0,(anonymous_5)
FNDA:0,(anonymous_6)
FNDA:0,(anonymous_7)
FNDA:0,(anonymous_8)
FNDA:0,(anonymous_9)
DA:3,6
DA:6,6
DA:7,6
DA:8,6
DA:10,6
DA:11,6
DA:13,6
DA:73,0
DA:76,0
DA:80,0
DA:83,0
DA:87,0
DA:88,0
DA:93,0
LF:14
LH:7
BRF:0
BRH:0
end_of_record
TN:
SF:src\api\v2\controllers\ImageController.ts
FN:31,(anonymous_8)
FN:36,(anonymous_9)
FN:43,(anonymous_13)
FN:51,(anonymous_17)
FNF:4
FNH:4
FNDA:7,(anonymous_8)
FNDA:3,(anonymous_9)
FNDA:2,(anonymous_13)
FNDA:4,(anonymous_17)
DA:4,7
DA:5,7
DA:7,7
DA:9,7
DA:10,7
DA:12,7
DA:31,7
DA:32,7
DA:33,7
DA:37,3
DA:38,3
DA:39,2
DA:44,2
DA:45,2
DA:46,2
DA:47,1
DA:48,1
DA:52,4
DA:53,4
DA:54,4
DA:55,2
LF:21
LH:21
BRDA:38,0,0,1
BRDA:44,1,0,0
BRDA:44,2,0,0
BRDA:44,2,1,2
BRDA:44,3,0,2
BRDA:44,3,1,2
BRDA:46,4,0,1
BRDA:47,5,0,0
BRDA:47,5,1,1
BRDA:47,6,0,1
BRDA:47,6,1,1
BRDA:54,7,0,2
BRF:12
BRH:9
end_of_record
TN:
SF:src\api\v2\controllers\MealController.ts
FN:51,(anonymous_8)
FN:56,(anonymous_9)
FN:91,(anonymous_13)
FN:99,(anonymous_17)
FN:106,(anonymous_21)
FN:113,(anonymous_25)
FNF:6
FNH:6
FNDA:7,(anonymous_8)
FNDA:6,(anonymous_9)
FNDA:4,(anonymous_13)
FNDA:3,(anonymous_17)
FNDA:6,(anonymous_21)
FNDA:5,(anonymous_25)
DA:2,7
DA:4,7
DA:5,7
DA:6,7
DA:7,7
DA:8,7
DA:12,7
DA:13,7
DA:16,7
DA:51,7
DA:52,7
DA:53,7
DA:69,6
DA:71,6
DA:83,6
DA:87,6
DA:88,4
DA:92,4
DA:93,4
DA:94,4
DA:95,4
DA:96,2
DA:100,3
DA:101,3
DA:102,2
DA:103,2
DA:107,6
DA:108,6
DA:109,6
DA:110,3
DA:114,5
DA:115,5
DA:116,5
DA:117,2
LF:34
LH:34
BRDA:83,0,0,3
BRDA:83,0,1,3
BRDA:87,1,0,2
BRDA:95,2,0,2
BRDA:101,3,0,1
BRDA:109,4,0,3
BRDA:116,5,0,3
BRF:7
BRH:7
end_of_record
TN:
SF:src\api\v2\controllers\OrderController.ts
FN:49,(anonymous_8)
FN:54,(anonymous_9)
FN:89,(anonymous_13)
FN:96,(anonymous_17)
FN:104,(anonymous_21)
FN:111,(anonymous_25)
FNF:6
FNH:6
FNDA:7,(anonymous_8)
FNDA:5,(anonymous_9)
FNDA:2,(anonymous_13)
FNDA:2,(anonymous_17)
FNDA:3,(anonymous_21)
FNDA:3,(anonymous_25)
DA:2,7
DA:4,7
DA:5,7
DA:7,7
DA:8,7
DA:9,7
DA:11,7
DA:12,7
DA:14,7
DA:49,7
DA:50,7
DA:51,7
DA:67,5
DA:69,5
DA:81,5
DA:85,5
DA:86,3
DA:90,2
DA:91,2
DA:92,1
DA:93,1
DA:97,2
DA:98,2
DA:99,2
DA:100,2
DA:101,1
DA:105,3
DA:106,3
DA:107,3
DA:108,1
DA:112,3
DA:113,3
DA:114,3
DA:115,1
LF:34
LH:34
BRDA:81,0,0,2
BRDA:81,0,1,3
BRDA:85,1,0,2
BRDA:91,2,0,1
BRDA:100,3,0,1
BRDA:107,4,0,2
BRDA:114,5,0,2
BRF:7
BRH:7
end_of_record
TN:
SF:src\api\v2\controllers\RestaurantController.ts
FN:50,(anonymous_8)
FN:55,(anonymous_9)
FN:80,(anonymous_13)
FN:91,(anonymous_17)
FN:98,(anonymous_21)
FN:105,(anonymous_25)
FNF:6
FNH:6
FNDA:7,(anonymous_8)
FNDA:6,(anonymous_9)
FNDA:4,(anonymous_13)
FNDA:3,(anonymous_17)
FNDA:6,(anonymous_21)
FNDA:5,(anonymous_25)
DA:2,7
DA:5,7
DA:6,7
DA:7,7
DA:9,7
DA:10,7
DA:12,7
DA:13,7
DA:15,7
DA:50,7
DA:51,7
DA:52,7
DA:63,6
DA:65,6
DA:72,6
DA:76,6
DA:77,4
DA:84,4
DA:85,4
DA:86,4
DA:87,4
DA:88,2
DA:92,3
DA:93,3
DA:94,2
DA:95,2
DA:99,6
DA:100,6
DA:101,6
DA:102,3
DA:106,5
DA:107,5
DA:108,5
DA:109,2
LF:34
LH:34
BRDA:72,0,0,3
BRDA:72,0,1,3
BRDA:76,1,0,2
BRDA:87,2,0,2
BRDA:93,3,0,1
BRDA:101,4,0,3
BRDA:108,5,0,3
BRF:7
BRH:7
end_of_record
TN:
SF:src\api\v2\controllers\UserController.ts
FN:65,(anonymous_8)
FN:71,(anonymous_9)
FN:82,(anonymous_13)
FN:89,(anonymous_17)
FN:97,(anonymous_21)
FN:104,(anonymous_25)
FN:111,(anonymous_29)
FN:121,(anonymous_33)
FNF:8
FNH:8
FNDA:7,(anonymous_8)
FNDA:5,(anonymous_9)
FNDA:3,(anonymous_13)
FNDA:4,(anonymous_17)
FNDA:6,(anonymous_21)
FNDA:5,(anonymous_25)
FNDA:3,(anonymous_29)
FNDA:10,(anonymous_33)
DA:2,7
DA:4,7
DA:5,7
DA:7,7
DA:8,7
DA:13,7
DA:14,7
DA:16,7
DA:65,7
DA:66,7
DA:67,7
DA:72,5
DA:74,5
DA:78,5
DA:79,2
DA:83,3
DA:84,3
DA:85,2
DA:86,2
DA:90,4
DA:91,4
DA:92,4
DA:93,4
DA:94,2
DA:98,6
DA:99,6
DA:100,6
DA:101,3
DA:105,5
DA:106,5
DA:107,5
DA:108,2
DA:115,3
DA:116,3
DA:117,3
DA:118,2
DA:122,10
DA:123,10
DA:124,10
DA:125,10
DA:126,3
LF:41
LH:41
BRDA:74,0,0,2
BRDA:74,0,1,3
BRDA:78,1,0,3
BRDA:84,2,0,1
BRDA:93,3,0,2
BRDA:100,4,0,3
BRDA:107,5,0,3
BRDA:117,6,0,1
BRDA:125,7,0,7
BRF:9
BRH:9
end_of_record
TN:
SF:src\api\v2\controllers\index.ts
FNF:0
FNH:0
DA:1,6
DA:2,6
DA:3,6
DA:4,6
DA:5,6
DA:6,6
DA:9,6
DA:10,6
DA:11,6
DA:12,6
DA:13,6
DA:14,6
LF:12
LH:12
BRF:0
BRH:0
end_of_record
TN:
SF:src\api\v2\controllers\base\HttpController.ts
FN:6,(anonymous_1)
FN:13,(anonymous_2)
FN:14,(anonymous_3)
FN:16,(anonymous_4)
FN:23,(anonymous_5)
FN:30,(anonymous_6)
FN:35,(anonymous_7)
FN:50,(anonymous_8)
FN:51,(anonymous_9)
FNF:9
FNH:9
FNDA:41,(anonymous_1)
FNDA:36,(anonymous_2)
FNDA:192,(anonymous_3)
FNDA:66,(anonymous_4)
FNDA:8,(anonymous_5)
FNDA:54,(anonymous_6)
FNDA:54,(anonymous_7)
FNDA:35,(anonymous_8)
FNDA:175,(anonymous_9)
DA:1,11
DA:4,11
DA:6,11
DA:11,41
DA:14,36
DA:15,192
DA:16,48
DA:17,66
DA:20,192
DA:23,8
DA:27,36
DA:31,54
DA:32,24
DA:43,54
DA:51,35
DA:53,175
DA:54,175
LF:17
LH:17
BRDA:15,0,0,48
BRDA:22,1,0,192
BRDA:22,1,1,72
BRDA:31,2,0,30
BRDA:31,3,0,54
BRDA:31,3,1,46
BRDA:32,4,0,24
BRDA:32,4,1,24
BRDA:37,5,0,0
BRF:9
BRH:8
end_of_record
TN:
SF:src\api\v2\interfaces\types\index.ts
FN:4,(anonymous_0)
FN:16,(anonymous_1)
FN:45,(anonymous_2)
FNF:3
FNH:3
FNDA:29,(anonymous_0)
FNDA:29,(anonymous_1)
FNDA:29,(anonymous_2)
DA:4,29
DA:5,29
DA:6,29
DA:7,29
DA:8,29
DA:9,29
DA:10,29
DA:11,29
DA:12,29
DA:13,29
DA:16,29
DA:17,29
DA:18,29
DA:19,29
DA:20,29
DA:21,29
DA:22,29
DA:23,29
DA:24,29
DA:25,29
DA:26,29
DA:27,29
DA:28,29
DA:29,29
DA:30,29
DA:45,29
DA:46,29
DA:47,29
DA:48,29
DA:49,29
DA:50,29
DA:51,29
DA:52,29
DA:53,29
DA:54,29
DA:55,29
LF:36
LH:36
BRDA:4,0,0,29
BRDA:4,0,1,29
BRDA:16,1,0,29
BRDA:16,1,1,29
BRDA:45,2,0,29
BRDA:45,2,1,29
BRF:6
BRH:6
end_of_record
TN:
SF:src\api\v2\lib\cloudinary.ts
FNF:0
FNH:0
DA:1,29
DA:3,29
DA:9,29
DA:16,29
LF:4
LH:4
BRF:0
BRH:0
end_of_record
TN:
SF:src\api\v2\lib\index.ts
FNF:0
FNH:0
DA:1,29
DA:2,29
DA:4,29
LF:3
LH:3
BRF:0
BRH:0
end_of_record
TN:
SF:src\api\v2\lib\passport.ts
FN:16,(anonymous_8)
FN:24,(anonymous_9)
FN:24,(anonymous_10)
FN:57,(anonymous_11)
FN:57,(anonymous_12)
FN:83,(anonymous_13)
FN:83,(anonymous_14)
FN:105,(anonymous_15)
FN:109,(anonymous_16)
FN:109,(anonymous_17)
FNF:10
FNH:4
FNDA:6,(anonymous_8)
FNDA:0,(anonymous_9)
FNDA:0,(anonymous_10)
FNDA:0,(anonymous_11)
FNDA:0,(anonymous_12)
FNDA:5,(anonymous_13)
FNDA:5,(anonymous_14)
FNDA:2,(anonymous_15)
FNDA:0,(anonymous_16)
FNDA:0,(anonymous_17)
DA:2,29
DA:3,29
DA:4,29
DA:5,29
DA:7,29
DA:8,29
DA:16,29
DA:17,6
DA:24,0
DA:25,0
DA:26,0
DA:28,0
DA:29,0
DA:40,0
DA:42,0
DA:48,6
DA:57,0
DA:58,0
DA:59,0
DA:60,0
DA:61,0
DA:72,0
DA:74,0
DA:80,6
DA:83,5
DA:84,5
DA:85,5
DA:86,1
DA:88,4
DA:90,1
DA:94,3
DA:95,3
DA:96,2
DA:97,1
DA:99,0
DA:105,6
DA:106,2
DA:109,6
DA:110,0
DA:111,0
DA:115,29
LF:41
LH:24
BRDA:25,0,0,0
BRDA:25,0,1,0
BRDA:25,1,0,0
BRDA:25,1,1,0
BRDA:26,2,0,0
BRDA:32,3,0,0
BRDA:32,3,1,0
BRDA:32,4,0,0
BRDA:32,4,1,0
BRDA:33,5,0,0
BRDA:33,5,1,0
BRDA:33,6,0,0
BRDA:33,6,1,0
BRDA:34,7,0,0
BRDA:34,7,1,0
BRDA:34,8,0,0
BRDA:34,8,1,0
BRDA:58,9,0,0
BRDA:58,9,1,0
BRDA:58,10,0,0
BRDA:58,10,1,0
BRDA:59,11,0,0
BRDA:64,12,0,0
BRDA:64,12,1,0
BRDA:64,13,0,0
BRDA:64,13,1,0
BRDA:65,14,0,0
BRDA:65,14,1,0
BRDA:65,15,0,0
BRDA:65,15,1,0
BRDA:66,16,0,0
BRDA:66,16,1,0
BRDA:66,17,0,0
BRDA:66,17,1,0
BRDA:85,18,0,1
BRDA:88,19,0,1
BRDA:95,20,0,2
BRF:37
BRH:3
end_of_record
TN:
SF:src\api\v2\middlewares\index.ts
FNF:0
FNH:0
DA:1,11
DA:2,11
DA:3,11
DA:5,11
LF:4
LH:4
BRF:0
BRH:0
end_of_record
TN:
SF:src\api\v2\middlewares\multer.ts
FN:5,(anonymous_1)
FNF:1
FNH:0
FNDA:0,(anonymous_1)
DA:1,11
DA:3,11
DA:6,0
DA:7,0
DA:9,0
LF:5
LH:2
BRDA:6,0,0,0
BRF:1
BRH:0
end_of_record
TN:
SF:src\api\v2\middlewares\user.ts
FN:3,(anonymous_0)
FN:10,(anonymous_1)
FN:21,(anonymous_2)
FN:32,(anonymous_3)
FNF:4
FNH:3
FNDA:0,(anonymous_0)
FNDA:10,(anonymous_1)
FNDA:2,(anonymous_2)
FNDA:5,(anonymous_3)
DA:3,11
DA:4,0
DA:5,0
DA:7,0
DA:10,11
DA:15,10
DA:16,0
DA:18,10
DA:21,11
DA:26,2
DA:27,0
DA:29,2
DA:32,11
DA:37,5
DA:38,0
DA:40,5
LF:16
LH:10
BRDA:4,0,0,0
BRDA:4,1,0,0
BRDA:4,1,1,0
BRDA:4,2,0,0
BRDA:4,2,1,0
BRDA:15,3,0,0
BRDA:15,4,0,10
BRDA:15,4,1,0
BRDA:15,5,0,10
BRDA:15,5,1,10
BRDA:26,6,0,0
BRDA:37,7,0,0
BRF:12
BRH:3
end_of_record
TN:
SF:src\api\v2\middlewares\validator.ts
FN:5,(anonymous_7)
FN:15,(anonymous_8)
FN:16,(anonymous_9)
FN:16,(anonymous_10)
FN:17,(anonymous_11)
FNF:5
FNH:5
FNDA:43,(anonymous_7)
FNDA:140,(anonymous_8)
FNDA:52,(anonymous_9)
FNDA:52,(anonymous_10)
FNDA:278,(anonymous_11)
DA:2,11
DA:4,11
DA:6,43
DA:15,11
DA:16,140
DA:17,278
DA:18,52
DA:19,52
DA:20,17
DA:24,35
LF:10
LH:10
BRDA:19,0,0,17
BRF:1
BRH:1
end_of_record
TN:
SF:src\api\v2\models\index.ts
FNF:0
FNH:0
DA:1,29
DA:2,29
DA:3,29
DA:4,29
DA:6,29
LF:5
LH:5
BRF:0
BRH:0
end_of_record
TN:
SF:src\api\v2\models\meal.ts
FN:46,(anonymous_8)
FN:52,(anonymous_10)
FN:52,(anonymous_11)
FN:62,(anonymous_12)
FN:71,(anonymous_14)
FN:71,(anonymous_15)
FNF:6
FNH:2
FNDA:19,(anonymous_8)
FNDA:0,(anonymous_10)
FNDA:0,(anonymous_11)
FNDA:3,(anonymous_12)
FNDA:0,(anonymous_14)
FNDA:0,(anonymous_15)
DA:1,29
DA:2,29
DA:5,29
DA:6,29
DA:8,29
DA:10,29
DA:46,29
DA:47,19
DA:48,19
DA:50,19
DA:51,19
DA:52,0
DA:53,0
DA:54,0
DA:55,0
DA:59,19
DA:62,29
DA:63,3
DA:65,3
DA:66,0
DA:69,3
DA:70,0
DA:71,0
DA:72,0
DA:73,0
DA:74,0
DA:79,3
DA:81,1
DA:82,0
DA:83,0
DA:84,0
DA:87,1
DA:88,1
DA:90,1
DA:93,29
LF:35
LH:22
BRDA:47,0,0,0
BRDA:47,0,1,19
BRDA:47,1,0,19
BRDA:47,1,1,19
BRDA:48,2,0,0
BRDA:48,2,1,19
BRDA:48,3,0,19
BRDA:48,3,1,19
BRDA:54,4,0,0
BRDA:65,5,0,0
BRDA:65,6,0,3
BRDA:65,6,1,0
BRDA:65,7,0,3
BRDA:65,7,1,3
BRDA:65,8,0,0
BRDA:65,8,1,3
BRDA:65,9,0,3
BRDA:65,9,1,3
BRDA:69,10,0,0
BRDA:69,11,0,3
BRDA:69,11,1,0
BRDA:69,12,0,0
BRDA:69,12,1,3
BRDA:69,13,0,3
BRDA:69,13,1,3
BRDA:69,14,0,0
BRDA:69,14,1,0
BRDA:69,15,0,0
BRDA:69,15,1,0
BRDA:69,16,0,0
BRDA:69,16,1,0
BRDA:69,17,0,0
BRDA:69,17,1,0
BRDA:73,18,0,0
BRDA:79,19,0,2
BRDA:79,20,0,0
BRDA:79,20,1,3
BRDA:79,21,0,3
BRDA:79,21,1,3
BRDA:81,22,0,0
BRDA:81,23,0,0
BRDA:81,23,1,1
BRDA:81,24,0,1
BRDA:81,24,1,1
BRF:44
BRH:23
end_of_record
TN:
SF:src\api\v2\models\order.ts
FN:38,(anonymous_7)
FN:40,(anonymous_8)
FN:48,(anonymous_9)
FN:49,(anonymous_11)
FN:49,(anonymous_12)
FN:58,(anonymous_13)
FN:71,(anonymous_15)
FN:76,(anonymous_16)
FN:76,(anonymous_17)
FNF:9
FNH:5
FNDA:1,(anonymous_7)
FNDA:1,(anonymous_8)
FNDA:16,(anonymous_9)
FNDA:16,(anonymous_11)
FNDA:16,(anonymous_12)
FNDA:0,(anonymous_13)
FNDA:0,(anonymous_15)
FNDA:0,(anonymous_16)
FNDA:0,(anonymous_17)
DA:1,29
DA:3,29
DA:7,29
DA:38,29
DA:39,1
DA:40,1
DA:41,1
DA:42,1
DA:45,1
DA:48,29
DA:49,16
DA:50,16
DA:51,16
DA:52,1
DA:55,1
DA:58,29
DA:59,0
DA:60,0
DA:61,0
DA:63,0
DA:64,0
DA:67,0
DA:69,0
DA:71,0
DA:72,0
DA:73,0
DA:76,0
DA:77,0
DA:78,0
DA:79,0
DA:82,0
DA:85,29
LF:32
LH:17
BRDA:51,0,0,15
BRDA:60,1,0,0
BRDA:60,1,1,0
BRDA:60,2,0,0
BRDA:60,2,1,0
BRDA:61,3,0,0
BRDA:61,3,1,0
BRDA:61,4,0,0
BRDA:61,4,1,0
BRDA:63,5,0,0
BRDA:63,6,0,0
BRDA:63,6,1,0
BRDA:63,7,0,0
BRDA:63,7,1,0
BRDA:63,8,0,0
BRDA:63,8,1,0
BRDA:63,9,0,0
BRDA:63,9,1,0
BRDA:67,10,0,0
BRDA:69,11,0,0
BRDA:69,12,0,0
BRDA:69,12,1,0
BRDA:78,13,0,0
BRF:23
BRH:1
end_of_record
TN:
SF:src\api\v2\models\restaurant.ts
FNF:0
FNH:0
DA:1,29
DA:5,29
DA:12,29
LF:3
LH:3
BRF:0
BRH:0
end_of_record
TN:
SF:src\api\v2\models\user.ts
FN:21,(anonymous_0)
FNF:1
FNH:1
FNDA:3,(anonymous_0)
DA:1,29
DA:6,29
DA:21,29
DA:22,3
DA:29,29
LF:5
LH:5
BRF:0
BRH:0
end_of_record
TN:
SF:src\api\v2\repositories\MealRepository.ts
FN:6,(anonymous_1)
FNF:1
FNH:1
FNDA:8,(anonymous_1)
DA:1,27
DA:2,27
DA:5,27
DA:7,8
LF:4
LH:4
BRF:0
BRH:0
end_of_record
TN:
SF:src\api\v2\repositories\OrderRepository.ts
FN:6,(anonymous_1)
FNF:1
FNH:1
FNDA:8,(anonymous_1)
DA:1,27
DA:3,27
DA:5,27
DA:7,8
LF:4
LH:4
BRF:0
BRH:0
end_of_record
TN:
SF:src\api\v2\repositories\RestaurantRepository.ts
FN:6,(anonymous_1)
FNF:1
FNH:1
FNDA:8,(anonymous_1)
DA:2,27
DA:3,27
DA:5,27
DA:7,8
LF:4
LH:4
BRF:0
BRH:0
end_of_record
TN:
SF:src\api\v2\repositories\UserRepository.ts
FN:8,(anonymous_1)
FNF:1
FNH:1
FNDA:8,(anonymous_1)
DA:3,27
DA:4,27
DA:7,27
DA:9,8
LF:4
LH:4
BRF:0
BRH:0
end_of_record
TN:
SF:src\api\v2\repositories\index.ts
FNF:0
FNH:0
DA:1,18
DA:2,18
DA:3,18
DA:4,18
DA:7,18
DA:8,18
DA:9,18
DA:10,18
LF:8
LH:8
BRF:0
BRH:0
end_of_record
TN:
SF:src\api\v2\repositories\base\BaseRepository.ts
FN:8,(anonymous_8)
FN:10,(anonymous_9)
FN:17,(anonymous_11)
FN:24,(anonymous_13)
FN:35,(anonymous_15)
FN:39,(anonymous_17)
FN:46,(anonymous_19)
FN:50,(anonymous_21)
FNF:8
FNH:8
FNDA:32,(anonymous_8)
FNDA:8,(anonymous_9)
FNDA:22,(anonymous_11)
FNDA:8,(anonymous_13)
FNDA:7,(anonymous_15)
FNDA:19,(anonymous_17)
FNDA:14,(anonymous_19)
FNDA:63,(anonymous_21)
DA:1,27
DA:5,27
DA:8,32
DA:11,8
DA:21,22
DA:29,8
DA:36,7
DA:43,19
DA:47,14
DA:51,63
LF:10
LH:10
BRDA:13,0,0,8
BRDA:13,0,1,8
BRDA:14,1,0,8
BRDA:14,1,1,8
BRDA:31,2,0,8
BRDA:31,2,1,8
BRDA:32,3,0,8
BRDA:32,3,1,8
BRF:8
BRH:8
end_of_record
TN:
SF:src\api\v2\routes\index.ts
FN:53,(anonymous_0)
FNF:1
FNH:0
FNDA:0,(anonymous_0)
DA:1,6
DA:3,6
DA:11,6
DA:18,6
DA:24,6
DA:26,6
DA:29,6
DA:33,6
DA:37,6
DA:40,6
DA:42,6
DA:44,6
DA:46,6
DA:47,6
DA:48,6
DA:49,6
DA:50,6
DA:51,6
DA:53,6
DA:54,0
DA:57,6
LF:21
LH:20
BRF:0
BRH:0
end_of_record
TN:
SF:src\api\v2\services\ImageService.ts
FN:8,(anonymous_7)
FN:10,(anonymous_8)
FN:15,(anonymous_10)
FN:33,(anonymous_11)
FN:42,(anonymous_13)
FN:64,(anonymous_15)
FNF:6
FNH:6
FNDA:36,(anonymous_7)
FNDA:3,(anonymous_8)
FNDA:10,(anonymous_10)
FNDA:4,(anonymous_11)
FNDA:2,(anonymous_13)
FNDA:2,(anonymous_15)
DA:5,30
DA:7,30
DA:8,36
DA:11,3
DA:12,3
DA:13,2
DA:15,10
DA:20,2
DA:22,1
DA:34,4
DA:35,4
DA:36,2
DA:38,2
DA:46,2
DA:47,2
DA:51,1
DA:53,1
DA:68,2
DA:69,2
DA:73,1
DA:75,1
LF:21
LH:21
BRF:0
BRH:0
end_of_record
TN:
SF:src\api\v2\services\MealService.ts
FN:10,(anonymous_8)
FN:12,(anonymous_9)
FN:39,(anonymous_11)
FN:61,(anonymous_13)
FN:122,(anonymous_15)
FN:138,(anonymous_17)
FN:167,(anonymous_19)
FNF:7
FNH:7
FNDA:7,(anonymous_8)
FNDA:4,(anonymous_9)
FNDA:3,(anonymous_11)
FNDA:3,(anonymous_13)
FNDA:3,(anonymous_15)
FNDA:6,(anonymous_17)
FNDA:5,(anonymous_19)
DA:6,15
DA:7,15
DA:9,15
DA:10,7
DA:13,4
DA:14,4
DA:15,4
DA:16,3
DA:17,1
DA:25,2
DA:27,1
DA:43,3
DA:44,3
DA:48,2
DA:50,1
DA:76,3
DA:91,3
DA:92,0
DA:95,3
DA:96,0
DA:99,3
DA:100,0
DA:103,3
DA:104,3
DA:109,2
DA:111,1
DA:123,3
DA:124,3
DA:125,2
DA:127,1
DA:142,6
DA:143,6
DA:144,6
DA:145,5
DA:146,2
DA:154,3
DA:156,1
DA:168,5
DA:169,5
DA:170,5
DA:171,4
DA:172,2
DA:180,2
DA:182,1
LF:44
LH:41
BRDA:15,0,0,4
BRDA:15,0,1,0
BRDA:15,1,0,4
BRDA:15,1,1,4
BRDA:16,2,0,1
BRDA:45,3,0,3
BRDA:45,3,1,3
BRDA:45,4,0,3
BRDA:45,4,1,0
BRDA:45,5,0,3
BRDA:45,5,1,3
BRDA:46,6,0,3
BRDA:46,6,1,0
BRDA:46,7,0,3
BRDA:46,7,1,3
BRDA:78,8,0,3
BRDA:78,8,1,3
BRDA:79,9,0,3
BRDA:79,9,1,3
BRDA:81,10,0,3
BRDA:81,10,1,2
BRDA:82,11,0,3
BRDA:82,11,1,3
BRDA:82,12,0,3
BRDA:82,12,1,0
BRDA:82,13,0,3
BRDA:82,13,1,3
BRDA:84,14,0,3
BRDA:84,14,1,1
BRDA:87,15,0,3
BRDA:87,15,1,3
BRDA:91,16,0,0
BRDA:91,17,0,3
BRDA:91,17,1,0
BRDA:92,18,0,0
BRDA:92,18,1,0
BRDA:92,19,0,0
BRDA:92,19,1,0
BRDA:92,20,0,0
BRDA:92,20,1,0
BRDA:95,21,0,0
BRDA:99,22,0,0
BRDA:106,23,0,3
BRDA:106,23,1,3
BRDA:106,24,0,3
BRDA:106,24,1,0
BRDA:106,25,0,3
BRDA:106,25,1,3
BRDA:107,26,0,3
BRDA:107,26,1,0
BRDA:107,27,0,3
BRDA:107,27,1,3
BRDA:145,28,0,2
BRDA:171,29,0,2
BRF:54
BRH:38
end_of_record
TN:
SF:src\api\v2\services\OrderService.ts
FN:10,(anonymous_8)
FN:12,(anonymous_9)
FN:31,(anonymous_11)
FN:57,(anonymous_13)
FN:111,(anonymous_15)
FN:132,(anonymous_17)
FN:161,(anonymous_19)
FNF:7
FNH:7
FNDA:7,(anonymous_8)
FNDA:3,(anonymous_9)
FNDA:2,(anonymous_11)
FNDA:2,(anonymous_13)
FNDA:2,(anonymous_15)
FNDA:3,(anonymous_17)
FNDA:3,(anonymous_19)
DA:6,15
DA:7,15
DA:9,15
DA:10,7
DA:16,3
DA:17,3
DA:18,2
DA:20,1
DA:32,2
DA:33,2
DA:34,2
DA:35,1
DA:36,0
DA:44,1
DA:46,1
DA:72,2
DA:81,2
DA:82,2
DA:83,2
DA:84,2
DA:85,0
DA:88,0
DA:89,0
DA:92,2
DA:93,2
DA:98,1
DA:100,1
DA:112,2
DA:113,2
DA:119,1
DA:121,1
DA:136,3
DA:137,3
DA:138,3
DA:139,2
DA:140,1
DA:148,1
DA:150,1
DA:162,3
DA:163,3
DA:164,3
DA:165,2
DA:166,1
DA:174,1
DA:176,1
LF:45
LH:41
BRDA:17,0,0,3
BRDA:17,0,1,3
BRDA:17,1,0,3
BRDA:17,1,1,0
BRDA:17,2,0,3
BRDA:17,2,1,3
BRDA:34,3,0,2
BRDA:34,3,1,0
BRDA:34,4,0,2
BRDA:34,4,1,2
BRDA:35,5,0,0
BRDA:73,6,0,2
BRDA:73,6,1,0
BRDA:75,7,0,2
BRDA:75,7,1,2
BRDA:76,8,0,2
BRDA:76,8,1,2
BRDA:78,9,0,2
BRDA:78,9,1,2
BRDA:78,10,0,2
BRDA:78,10,1,0
BRDA:78,11,0,2
BRDA:78,11,1,2
BRDA:81,12,0,0
BRDA:82,13,0,0
BRDA:83,14,0,0
BRDA:84,15,0,0
BRDA:84,16,0,2
BRDA:84,16,1,2
BRDA:88,17,0,0
BRDA:89,18,0,0
BRDA:95,19,0,2
BRDA:95,19,1,2
BRDA:96,20,0,2
BRDA:96,20,1,0
BRDA:96,21,0,2
BRDA:96,21,1,2
BRDA:139,22,0,1
BRDA:165,23,0,1
BRF:39
BRH:27
end_of_record
TN:
SF:src\api\v2\services\RestaurantService.ts
FN:10,(anonymous_8)
FN:12,(anonymous_9)
FN:34,(anonymous_11)
FN:66,(anonymous_13)
FN:100,(anonymous_15)
FN:116,(anonymous_17)
FN:145,(anonymous_19)
FNF:7
FNH:7
FNDA:7,(anonymous_8)
FNDA:3,(anonymous_9)
FNDA:4,(anonymous_11)
FNDA:3,(anonymous_13)
FNDA:3,(anonymous_15)
FNDA:6,(anonymous_17)
FNDA:5,(anonymous_19)
DA:6,15
DA:7,15
DA:9,15
DA:10,7
DA:16,3
DA:17,3
DA:21,2
DA:23,1
DA:38,4
DA:39,4
DA:40,4
DA:44,3
DA:45,1
DA:53,2
DA:55,1
DA:71,3
DA:79,3
DA:81,3
DA:82,3
DA:87,2
DA:89,1
DA:101,3
DA:102,3
DA:103,2
DA:105,1
DA:120,6
DA:121,6
DA:122,6
DA:123,5
DA:124,2
DA:132,3
DA:134,1
DA:146,5
DA:147,5
DA:148,5
DA:149,4
DA:150,2
DA:158,2
DA:160,1
LF:39
LH:39
BRDA:18,0,0,3
BRDA:18,0,1,3
BRDA:18,1,0,3
BRDA:18,1,1,0
BRDA:18,2,0,3
BRDA:18,2,1,3
BRDA:19,3,0,3
BRDA:19,3,1,0
BRDA:19,4,0,3
BRDA:19,4,1,3
BRDA:42,5,0,4
BRDA:42,5,1,0
BRDA:42,6,0,4
BRDA:42,6,1,4
BRDA:44,7,0,1
BRDA:72,8,0,3
BRDA:72,8,1,3
BRDA:73,9,0,3
BRDA:73,9,1,3
BRDA:75,10,0,3
BRDA:75,10,1,1
BRDA:79,11,0,1
BRDA:84,12,0,3
BRDA:84,12,1,3
BRDA:85,13,0,3
BRDA:85,13,1,0
BRDA:85,14,0,3
BRDA:85,14,1,3
BRDA:123,15,0,2
BRDA:149,16,0,2
BRF:30
BRH:26
end_of_record
TN:
SF:src\api\v2\services\UserService.ts
FN:17,(anonymous_8)
FN:19,(anonymous_9)
FN:36,(anonymous_11)
FN:62,(anonymous_13)
FN:90,(anonymous_15)
FN:120,(anonymous_17)
FN:149,(anonymous_19)
FN:175,(anonymous_21)
FN:198,(anonymous_23)
FNF:9
FNH:9
FNDA:7,(anonymous_8)
FNDA:3,(anonymous_9)
FNDA:12,(anonymous_11)
FNDA:2,(anonymous_13)
FNDA:3,(anonymous_15)
FNDA:8,(anonymous_17)
FNDA:5,(anonymous_19)
FNDA:5,(anonymous_21)
FNDA:10,(anonymous_23)
DA:1,15
DA:2,15
DA:6,15
DA:7,15
DA:8,15
DA:9,15
DA:16,15
DA:17,7
DA:20,3
DA:21,3
DA:23,2
DA:25,1
DA:37,12
DA:38,12
DA:39,12
DA:40,11
DA:41,4
DA:49,7
DA:51,1
DA:66,2
DA:67,2
DA:68,2
DA:69,2
DA:77,0
DA:79,0
DA:91,3
DA:92,3
DA:93,3
DA:94,3
DA:95,3
DA:107,2
DA:109,1
DA:124,8
DA:125,8
DA:126,8
DA:127,7
DA:128,2
DA:136,5
DA:138,1
DA:150,5
DA:151,5
DA:152,5
DA:153,4
DA:154,2
DA:162,2
DA:164,1
DA:176,5
DA:177,0
DA:181,5
DA:187,5
DA:188,5
DA:189,4
DA:190,2
DA:192,1
DA:195,2
DA:202,10
DA:203,10
DA:204,9
DA:206,6
DA:207,3
DA:209,3
DA:211,1
DA:214,3
LF:63
LH:60
BRDA:21,0,0,3
BRDA:21,0,1,3
BRDA:21,1,0,3
BRDA:21,1,1,0
BRDA:21,2,0,3
BRDA:21,2,1,3
BRDA:39,3,0,12
BRDA:39,3,1,0
BRDA:39,4,0,12
BRDA:39,4,1,12
BRDA:40,5,0,4
BRDA:67,6,0,2
BRDA:67,6,1,0
BRDA:67,7,0,2
BRDA:67,7,1,2
BRDA:68,8,0,2
BRDA:127,9,0,2
BRDA:153,10,0,2
BRDA:176,11,0,0
BRDA:176,12,0,5
BRDA:176,12,1,5
BRDA:176,12,2,5
BRDA:189,13,0,2
BRDA:204,14,0,3
BRDA:206,15,0,3
BRF:25
BRH:21
end_of_record
TN:
SF:src\api\v2\services\index.ts
FNF:0
FNH:0
DA:1,15
DA:2,15
DA:3,15
DA:4,15
DA:5,15
DA:8,15
DA:9,15
DA:10,15
DA:11,15
DA:12,15
LF:10
LH:10
BRF:0
BRH:0
end_of_record
TN:
SF:src\api\v2\utils\HttpError.ts
FN:6,(anonymous_0)
FN:21,(anonymous_1)
FN:25,(anonymous_2)
FN:29,(anonymous_3)
FN:33,(anonymous_4)
FN:37,(anonymous_5)
FNF:6
FNH:3
FNDA:94,(anonymous_0)
FNDA:0,(anonymous_1)
FNDA:185,(anonymous_2)
FNDA:91,(anonymous_3)
FNDA:0,(anonymous_4)
FNDA:0,(anonymous_5)
DA:3,31
DA:7,94
DA:8,94
DA:9,94
DA:10,94
DA:13,94
DA:14,94
DA:15,0
DA:17,94
DA:22,0
DA:26,185
DA:30,91
DA:34,0
DA:38,0
LF:14
LH:10
BRDA:10,0,0,94
BRDA:11,1,0,94
BRDA:14,2,0,0
BRDA:14,2,1,94
BRF:4
BRH:3
end_of_record
TN:
SF:src\api\v2\utils\index.ts
FN:5,(anonymous_1)
FN:6,(anonymous_2)
FN:9,(anonymous_3)
FN:10,(anonymous_4)
FNF:4
FNH:4
FNDA:19,(anonymous_1)
FNDA:97,(anonymous_2)
FNDA:2,(anonymous_3)
FNDA:3,(anonymous_4)
DA:1,31
DA:3,31
DA:5,31
DA:6,97
DA:9,31
DA:10,3
LF:6
LH:6
BRDA:10,0,0,3
BRDA:10,0,1,3
BRF:2
BRH:2
end_of_record
TN:
SF:src\api\v2\validators\index.ts
FNF:0
FNH:0
DA:1,10
DA:2,10
DA:3,10
DA:4,10
DA:6,10
LF:5
LH:5
BRF:0
BRH:0
end_of_record
TN:
SF:src\api\v2\validators\mealValidator.ts
FN:72,(anonymous_7)
FN:72,(anonymous_8)
FN:93,(anonymous_9)
FN:93,(anonymous_10)
FN:216,(anonymous_11)
FN:216,(anonymous_12)
FN:236,(anonymous_13)
FN:236,(anonymous_14)
FN:332,(anonymous_15)
FN:333,(anonymous_16)
FNF:10
FNH:4
FNDA:3,(anonymous_7)
FNDA:3,(anonymous_8)
FNDA:0,(anonymous_9)
FNDA:0,(anonymous_10)
FNDA:0,(anonymous_11)
FNDA:0,(anonymous_12)
FNDA:0,(anonymous_13)
FNDA:0,(anonymous_14)
FNDA:1,(anonymous_15)
FNDA:1,(anonymous_16)
DA:3,10
DA:6,10
DA:7,10
DA:8,10
DA:10,10
DA:19,10
DA:72,3
DA:73,3
DA:74,3
DA:75,1
DA:93,0
DA:94,0
DA:95,0
DA:96,0
DA:97,0
DA:98,0
DA:99,0
DA:154,10
DA:216,0
DA:217,0
DA:218,0
DA:219,0
DA:236,0
DA:237,0
DA:238,0
DA:239,0
DA:240,0
DA:241,0
DA:242,0
DA:296,10
DA:333,1
DA:334,1
DA:335,1
DA:338,0
DA:344,10
LF:35
LH:16
BRDA:74,0,0,2
BRDA:94,1,0,0
BRDA:94,2,0,0
BRDA:94,2,1,0
BRDA:98,3,0,0
BRDA:218,4,0,0
BRDA:237,5,0,0
BRDA:237,6,0,0
BRDA:237,6,1,0
BRDA:241,7,0,0
BRDA:334,8,0,1
BRF:11
BRH:2
end_of_record
TN:
SF:src\api\v2\validators\orderValidator.ts
FN:51,(anonymous_7)
FN:51,(anonymous_8)
FN:53,(anonymous_9)
FN:108,(anonymous_10)
FN:108,(anonymous_11)
FN:136,(anonymous_12)
FN:136,(anonymous_13)
FN:167,(anonymous_14)
FN:167,(anonymous_15)
FN:193,(anonymous_16)
FN:193,(anonymous_17)
FN:234,(anonymous_18)
FNF:12
FNH:0
FNDA:0,(anonymous_7)
FNDA:0,(anonymous_8)
FNDA:0,(anonymous_9)
FNDA:0,(anonymous_10)
FNDA:0,(anonymous_11)
FNDA:0,(anonymous_12)
FNDA:0,(anonymous_13)
FNDA:0,(anonymous_14)
FNDA:0,(anonymous_15)
FNDA:0,(anonymous_16)
FNDA:0,(anonymous_17)
FNDA:0,(anonymous_18)
DA:3,10
DA:4,10
DA:6,10
DA:15,10
DA:51,0
DA:52,0
DA:54,0
DA:55,0
DA:56,0
DA:60,0
DA:61,0
DA:62,0
DA:89,10
DA:108,0
DA:109,0
DA:110,0
DA:111,0
DA:136,0
DA:137,0
DA:138,0
DA:139,0
DA:149,10
DA:167,0
DA:168,0
DA:169,0
DA:170,0
DA:193,0
DA:194,0
DA:195,0
DA:196,0
DA:235,0
DA:236,0
DA:237,0
DA:254,10
LF:34
LH:7
BRDA:54,0,0,0
BRDA:60,1,0,0
BRDA:110,2,0,0
BRDA:138,3,0,0
BRDA:169,4,0,0
BRDA:195,5,0,0
BRDA:236,6,0,0
BRF:7
BRH:0
end_of_record
TN:
SF:src\api\v2\validators\restaurantValidator.ts
FNF:0
FNH:0
DA:3,10
DA:12,10
DA:50,10
DA:81,10
DA:119,10
LF:5
LH:5
BRF:0
BRH:0
end_of_record
TN:
SF:src\api\v2\validators\userValidator.ts
FN:39,(anonymous_7)
FN:39,(anonymous_8)
FN:95,(anonymous_9)
FN:95,(anonymous_10)
FNF:4
FNH:2
FNDA:2,(anonymous_7)
FNDA:2,(anonymous_8)
FNDA:0,(anonymous_9)
FNDA:0,(anonymous_10)
DA:3,10
DA:6,10
DA:15,10
DA:39,2
DA:40,2
DA:41,2
DA:42,2
DA:65,10
DA:95,0
DA:96,0
DA:99,0
DA:100,0
DA:140,10
DA:148,10
LF:14
LH:10
BRDA:41,0,0,0
BRDA:99,1,0,0
BRF:2
BRH:0
end_of_record
TN:
SF:src\config\Database.ts
FN:7,(anonymous_8)
FN:12,(anonymous_9)
FN:22,(anonymous_11)
FNF:3
FNH:3
FNDA:5,(anonymous_8)
FNDA:5,(anonymous_9)
FNDA:5,(anonymous_11)
DA:1,5
DA:2,5
DA:4,5
DA:6,5
DA:8,5
DA:9,5
DA:13,5
DA:14,5
DA:15,5
DA:17,0
DA:18,0
DA:23,5
LF:12
LH:10
BRF:0
BRH:0
end_of_record
TN:
SF:src\config\Logger.ts
FN:8,(anonymous_0)
FN:15,(anonymous_1)
FN:19,(anonymous_2)
FN:23,(anonymous_3)
FN:30,(anonymous_4)
FNF:5
FNH:3
FNDA:11,(anonymous_0)
FNDA:0,(anonymous_1)
FNDA:0,(anonymous_2)
FNDA:5,(anonymous_3)
FNDA:5,(anonymous_4)
DA:3,6
DA:4,11
DA:9,11
DA:16,0
DA:20,0
DA:24,5
DA:25,5
DA:26,5
DA:27,5
DA:31,5
LF:10
LH:8
BRDA:25,0,0,5
BRDA:25,0,1,0
BRDA:26,1,0,5
BRDA:26,1,1,0
BRF:4
BRH:2
end_of_record
TN:
SF:src\config\Mailer.ts
FN:31,(anonymous_8)
FN:42,(anonymous_9)
FN:46,(anonymous_11)
FNF:3
FNH:3
FNDA:2,(anonymous_8)
FNDA:2,(anonymous_9)
FNDA:1,(anonymous_11)
DA:1,15
DA:2,15
DA:6,15
DA:8,15
DA:9,2
DA:17,2
DA:32,2
DA:33,2
DA:34,2
DA:36,2
DA:39,2
DA:43,2
DA:47,1
DA:48,1
DA:57,0
LF:15
LH:14
BRF:0
BRH:0
end_of_record
TN:
SF:src\config\constants.ts
FN:7,(anonymous_0)
FNF:1
FNH:1
FNDA:29,(anonymous_0)
DA:1,29
DA:7,29
DA:8,29
DA:9,0
DA:11,29
DA:12,0
DA:14,29
DA:18,29
DA:30,29
DA:31,29
LF:10
LH:8
BRDA:8,0,0,0
BRDA:9,1,0,0
BRDA:9,1,1,0
BRDA:11,2,0,0
BRDA:12,3,0,0
BRDA:12,3,1,0
BRDA:14,4,0,29
BRDA:14,4,1,0
BRDA:30,5,0,29
BRDA:30,5,1,0
BRF:10
BRH:2
end_of_record
TN:
SF:src\config\docs\basicInfo.ts
FNF:0
FNH:0
DA:1,6
LF:1
LH:1
BRF:0
BRH:0
end_of_record
TN:
SF:src\config\docs\components.ts
FNF:0
FNH:0
DA:1,6
DA:3,6
LF:2
LH:2
BRF:0
BRH:0
end_of_record
TN:
SF:src\config\docs\index.ts
FNF:0
FNH:0
DA:1,6
DA:2,6
DA:3,6
DA:4,6
DA:5,6
DA:6,6
DA:7,6
DA:8,6
DA:9,6
DA:10,6
DA:12,6
LF:11
LH:11
BRF:0
BRH:0
end_of_record
TN:
SF:src\config\docs\server.ts
FNF:0
FNH:0
DA:1,6
LF:1
LH:1
BRF:0
BRH:0
end_of_record
TN:
SF:src\config\docs\tags.ts
FNF:0
FNH:0
DA:1,6
LF:1
LH:1
BRF:0
BRH:0
end_of_record
TN:
SF:src\config\docs\endpoints\auth.ts
FNF:0
FNH:0
DA:1,6
LF:1
LH:1
BRF:0
BRH:0
end_of_record
TN:
SF:src\config\docs\endpoints\images.ts
FNF:0
FNH:0
DA:1,6
LF:1
LH:1
BRF:0
BRH:0
end_of_record
TN:
SF:src\config\docs\endpoints\meals.ts
FNF:0
FNH:0
DA:1,6
LF:1
LH:1
BRF:0
BRH:0
end_of_record
TN:
SF:src\config\docs\endpoints\orders.ts
FNF:0
FNH:0
DA:1,6
LF:1
LH:1
BRF:0
BRH:0
end_of_record
TN:
SF:src\config\docs\endpoints\restaurants.ts
FNF:0
FNH:0
DA:1,6
LF:1
LH:1
BRF:0
BRH:0
end_of_record
TN:
SF:src\config\docs\endpoints\users.ts
FNF:0
FNH:0
DA:1,6
LF:1
LH:1
BRF:0
BRH:0
end_of_record
