TN:
SF:__tests__\utils\SuperTest.ts
FN:7,(anonymous_1)
FN:15,(anonymous_2)
FN:26,(anonymous_3)
FN:30,(anonymous_4)
FN:34,(anonymous_5)
FN:41,(anonymous_6)
FN:48,(anonymous_7)
FNF:7
FNH:6
FNDA:5,(anonymous_1)
FNDA:5,(anonymous_2)
FNDA:25,(anonymous_3)
FNDA:0,(anonymous_4)
FNDA:7,(anonymous_5)
FNDA:13,(anonymous_6)
FNDA:9,(anonymous_7)
DA:1,5
DA:2,5
DA:4,5
DA:6,5
DA:7,5
DA:8,5
DA:16,5
DA:17,5
DA:23,5
DA:27,25
DA:31,0
DA:35,7
DA:42,13
DA:49,9
LF:14
LH:13
BRDA:38,0,0,7
BRDA:38,0,1,0
BRDA:45,1,0,13
BRDA:45,1,1,0
BRF:4
BRH:2
end_of_record
TN:
SF:__tests__\utils\index.ts
FN:6,(anonymous_0)
FN:19,(anonymous_1)
FNF:2
FNH:2
FNDA:14,(anonymous_0)
FNDA:14,(anonymous_1)
DA:6,1
DA:11,14
DA:19,1
DA:20,14
LF:4
LH:4
BRDA:7,0,0,3
BRDA:8,1,0,9
BRDA:9,2,0,12
BRF:3
BRH:3
end_of_record
TN:
SF:src\Server.ts
FN:17,(anonymous_7)
FN:19,(anonymous_8)
FN:26,(anonymous_9)
FN:30,(anonymous_10)
FN:31,(anonymous_11)
FN:36,(anonymous_12)
FN:37,(anonymous_13)
FN:43,(anonymous_14)
FN:44,(anonymous_15)
FN:51,(anonymous_16)
FNF:10
FNH:6
FNDA:5,(anonymous_7)
FNDA:5,(anonymous_8)
FNDA:5,(anonymous_9)
FNDA:0,(anonymous_10)
FNDA:0,(anonymous_11)
FNDA:5,(anonymous_12)
FNDA:10,(anonymous_13)
FNDA:0,(anonymous_14)
FNDA:0,(anonymous_15)
FNDA:5,(anonymous_16)
DA:2,5
DA:3,5
DA:5,5
DA:6,5
DA:7,5
DA:9,5
DA:11,5
DA:15,5
DA:17,5
DA:20,5
DA:21,5
DA:23,5
DA:27,5
DA:31,0
DA:32,0
DA:37,5
DA:38,10
DA:40,5
DA:44,0
DA:45,0
DA:46,0
DA:48,0
DA:52,5
DA:53,5
DA:54,5
DA:55,5
LF:26
LH:20
BRDA:20,0,0,5
BRF:1
BRH:1
end_of_record
TN:
SF:src\api\v2\controllers\AuthController.ts
FN:10,(anonymous_1)
FN:17,(anonymous_2)
FN:33,(anonymous_3)
FN:49,(anonymous_4)
FN:72,(anonymous_5)
FN:79,(anonymous_6)
FN:86,(anonymous_7)
FN:91,(anonymous_8)
FNF:8
FNH:1
FNDA:5,(anonymous_1)
FNDA:0,(anonymous_2)
FNDA:0,(anonymous_3)
FNDA:0,(anonymous_4)
FNDA:0,(anonymous_5)
FNDA:0,(anonymous_6)
FNDA:0,(anonymous_7)
FNDA:0,(anonymous_8)
DA:3,5
DA:6,5
DA:7,5
DA:8,5
DA:10,5
DA:11,5
DA:13,5
DA:73,0
DA:76,0
DA:80,0
DA:83,0
DA:87,0
DA:88,0
DA:92,0
LF:14
LH:7
BRF:0
BRH:0
end_of_record
TN:
SF:src\api\v2\controllers\ImageController.ts
FN:32,(anonymous_8)
FN:37,(anonymous_9)
FN:41,(anonymous_13)
FN:51,(anonymous_14)
FN:62,(anonymous_18)
FNF:5
FNH:4
FNDA:5,(anonymous_8)
FNDA:1,(anonymous_9)
FNDA:10,(anonymous_13)
FNDA:0,(anonymous_14)
FNDA:2,(anonymous_18)
DA:4,5
DA:5,5
DA:8,5
DA:10,5
DA:11,5
DA:13,5
DA:32,5
DA:33,5
DA:34,5
DA:38,1
DA:39,1
DA:41,10
DA:46,1
DA:47,1
DA:52,0
DA:53,0
DA:57,0
DA:58,0
DA:59,0
DA:63,2
DA:64,2
DA:65,2
DA:66,1
LF:23
LH:18
BRDA:46,0,0,0
BRDA:52,1,0,0
BRDA:52,2,0,0
BRDA:52,2,1,0
BRDA:52,3,0,0
BRDA:52,3,1,0
BRDA:57,4,0,0
BRDA:58,5,0,0
BRDA:58,5,1,0
BRDA:58,6,0,0
BRDA:58,6,1,0
BRDA:65,7,0,1
BRF:12
BRH:1
end_of_record
TN:
SF:src\api\v2\controllers\MealController.ts
FN:51,(anonymous_8)
FN:56,(anonymous_9)
FN:91,(anonymous_13)
FN:99,(anonymous_17)
FN:106,(anonymous_21)
FN:113,(anonymous_25)
FNF:6
FNH:5
FNDA:5,(anonymous_8)
FNDA:2,(anonymous_9)
FNDA:2,(anonymous_13)
FNDA:0,(anonymous_17)
FNDA:3,(anonymous_21)
FNDA:2,(anonymous_25)
DA:2,5
DA:4,5
DA:5,5
DA:6,5
DA:7,5
DA:8,5
DA:12,5
DA:13,5
DA:16,5
DA:51,5
DA:52,5
DA:53,5
DA:69,2
DA:71,2
DA:83,2
DA:87,2
DA:88,2
DA:92,2
DA:93,2
DA:94,2
DA:95,2
DA:96,1
DA:100,0
DA:101,0
DA:102,0
DA:103,0
DA:107,3
DA:108,3
DA:109,3
DA:110,2
DA:114,2
DA:115,2
DA:116,2
DA:117,1
LF:34
LH:30
BRDA:83,0,0,1
BRDA:83,0,1,1
BRDA:87,1,0,0
BRDA:95,2,0,1
BRDA:101,3,0,0
BRDA:109,4,0,1
BRDA:116,5,0,1
BRF:7
BRH:5
end_of_record
TN:
SF:src\api\v2\controllers\OrderController.ts
FN:49,(anonymous_8)
FN:54,(anonymous_9)
FN:89,(anonymous_13)
FN:96,(anonymous_17)
FN:104,(anonymous_21)
FN:111,(anonymous_25)
FNF:6
FNH:2
FNDA:5,(anonymous_8)
FNDA:1,(anonymous_9)
FNDA:0,(anonymous_13)
FNDA:0,(anonymous_17)
FNDA:0,(anonymous_21)
FNDA:0,(anonymous_25)
DA:2,5
DA:4,5
DA:5,5
DA:7,5
DA:8,5
DA:9,5
DA:11,5
DA:12,5
DA:14,5
DA:49,5
DA:50,5
DA:51,5
DA:67,1
DA:69,1
DA:81,1
DA:85,1
DA:86,1
DA:90,0
DA:91,0
DA:92,0
DA:93,0
DA:97,0
DA:98,0
DA:99,0
DA:100,0
DA:101,0
DA:105,0
DA:106,0
DA:107,0
DA:108,0
DA:112,0
DA:113,0
DA:114,0
DA:115,0
LF:34
LH:17
BRDA:81,0,0,0
BRDA:81,0,1,1
BRDA:85,1,0,0
BRDA:91,2,0,0
BRDA:100,3,0,0
BRDA:107,4,0,0
BRDA:114,5,0,0
BRF:7
BRH:1
end_of_record
TN:
SF:src\api\v2\controllers\RestaurantController.ts
FN:50,(anonymous_8)
FN:55,(anonymous_9)
FN:80,(anonymous_13)
FN:91,(anonymous_17)
FN:98,(anonymous_21)
FN:105,(anonymous_25)
FNF:6
FNH:6
FNDA:6,(anonymous_8)
FNDA:6,(anonymous_9)
FNDA:4,(anonymous_13)
FNDA:3,(anonymous_17)
FNDA:6,(anonymous_21)
FNDA:5,(anonymous_25)
DA:2,6
DA:5,6
DA:6,6
DA:7,6
DA:9,6
DA:10,6
DA:12,6
DA:13,6
DA:15,6
DA:50,6
DA:51,6
DA:52,6
DA:63,6
DA:65,6
DA:72,6
DA:76,6
DA:77,4
DA:84,4
DA:85,4
DA:86,4
DA:87,4
DA:88,2
DA:92,3
DA:93,3
DA:94,2
DA:95,2
DA:99,6
DA:100,6
DA:101,6
DA:102,3
DA:106,5
DA:107,5
DA:108,5
DA:109,2
LF:34
LH:34
BRDA:72,0,0,3
BRDA:72,0,1,3
BRDA:76,1,0,2
BRDA:87,2,0,2
BRDA:93,3,0,1
BRDA:101,4,0,3
BRDA:108,5,0,3
BRF:7
BRH:7
end_of_record
TN:
SF:src\api\v2\controllers\UserController.ts
FN:71,(anonymous_8)
FN:77,(anonymous_9)
FN:88,(anonymous_13)
FN:95,(anonymous_17)
FN:103,(anonymous_21)
FN:110,(anonymous_25)
FN:117,(anonymous_29)
FN:140,(anonymous_33)
FNF:8
FNH:7
FNDA:5,(anonymous_8)
FNDA:3,(anonymous_9)
FNDA:1,(anonymous_13)
FNDA:2,(anonymous_17)
FNDA:3,(anonymous_21)
FNDA:2,(anonymous_25)
FNDA:0,(anonymous_29)
FNDA:3,(anonymous_33)
DA:2,5
DA:4,5
DA:5,5
DA:7,5
DA:8,5
DA:9,5
DA:10,5
DA:15,5
DA:19,5
DA:20,5
DA:22,5
DA:71,5
DA:72,5
DA:73,5
DA:78,3
DA:80,3
DA:84,3
DA:85,2
DA:89,1
DA:90,1
DA:91,1
DA:92,1
DA:96,2
DA:97,2
DA:98,2
DA:99,2
DA:100,1
DA:104,3
DA:105,3
DA:106,3
DA:107,2
DA:111,2
DA:112,2
DA:113,2
DA:114,1
DA:121,0
DA:122,0
DA:125,0
DA:131,0
DA:132,0
DA:135,0
DA:136,0
DA:141,3
DA:142,3
DA:144,3
DA:145,3
DA:147,2
DA:148,1
DA:152,1
DA:153,1
LF:50
LH:43
BRDA:80,0,0,2
BRDA:80,0,1,1
BRDA:84,1,0,1
BRDA:90,2,0,0
BRDA:99,3,0,1
BRDA:106,4,0,1
BRDA:113,5,0,1
BRDA:121,6,0,0
BRDA:121,7,0,0
BRDA:121,7,1,0
BRDA:121,7,2,0
BRDA:132,8,0,0
BRDA:145,9,0,1
BRDA:147,10,0,1
BRF:14
BRH:8
end_of_record
TN:
SF:src\api\v2\controllers\index.ts
FNF:0
FNH:0
DA:1,5
DA:2,5
DA:3,5
DA:4,5
DA:5,5
DA:6,5
DA:9,5
DA:10,5
DA:11,5
DA:12,5
DA:13,5
DA:14,5
LF:12
LH:12
BRF:0
BRH:0
end_of_record
TN:
SF:src\api\v2\controllers\base\HttpController.ts
FN:6,(anonymous_1)
FN:13,(anonymous_2)
FN:14,(anonymous_3)
FN:16,(anonymous_4)
FN:23,(anonymous_5)
FN:30,(anonymous_6)
FN:35,(anonymous_7)
FN:50,(anonymous_8)
FN:51,(anonymous_9)
FNF:9
FNH:9
FNDA:31,(anonymous_1)
FNDA:30,(anonymous_2)
FNDA:160,(anonymous_3)
FNDA:55,(anonymous_4)
FNDA:6,(anonymous_5)
FNDA:30,(anonymous_6)
FNDA:21,(anonymous_7)
FNDA:26,(anonymous_8)
FNDA:130,(anonymous_9)
DA:1,6
DA:4,6
DA:6,6
DA:11,31
DA:14,30
DA:15,160
DA:16,40
DA:17,55
DA:20,160
DA:23,6
DA:27,30
DA:31,30
DA:32,15
DA:43,21
DA:51,26
DA:53,130
DA:54,130
LF:17
LH:17
BRDA:15,0,0,40
BRDA:22,1,0,160
BRDA:22,1,1,60
BRDA:31,2,0,15
BRDA:31,3,0,30
BRDA:31,3,1,27
BRDA:32,4,0,15
BRDA:32,4,1,15
BRDA:37,5,0,0
BRF:9
BRH:8
end_of_record
TN:
SF:src\api\v2\interfaces\types\index.ts
FN:4,(anonymous_0)
FN:16,(anonymous_1)
FN:45,(anonymous_2)
FNF:3
FNH:3
FNDA:13,(anonymous_0)
FNDA:13,(anonymous_1)
FNDA:13,(anonymous_2)
DA:4,13
DA:5,13
DA:6,13
DA:7,13
DA:8,13
DA:9,13
DA:10,13
DA:11,13
DA:12,13
DA:13,13
DA:16,13
DA:17,13
DA:18,13
DA:19,13
DA:20,13
DA:21,13
DA:22,13
DA:23,13
DA:24,13
DA:25,13
DA:26,13
DA:27,13
DA:28,13
DA:29,13
DA:30,13
DA:45,13
DA:46,13
DA:47,13
DA:48,13
DA:49,13
DA:50,13
DA:51,13
DA:52,13
DA:53,13
DA:54,13
DA:55,13
LF:36
LH:36
BRDA:4,0,0,13
BRDA:4,0,1,13
BRDA:16,1,0,13
BRDA:16,1,1,13
BRDA:45,2,0,13
BRDA:45,2,1,13
BRF:6
BRH:6
end_of_record
TN:
SF:src\api\v2\lib\cloudinary.ts
FNF:0
FNH:0
DA:1,13
DA:3,13
DA:9,13
DA:16,13
LF:4
LH:4
BRF:0
BRH:0
end_of_record
TN:
SF:src\api\v2\lib\index.ts
FNF:0
FNH:0
DA:1,13
DA:2,13
DA:4,13
LF:3
LH:3
BRF:0
BRH:0
end_of_record
TN:
SF:src\api\v2\lib\passport.ts
FN:16,(anonymous_8)
FN:24,(anonymous_9)
FN:24,(anonymous_10)
FN:57,(anonymous_11)
FN:57,(anonymous_12)
FN:83,(anonymous_13)
FN:83,(anonymous_14)
FN:105,(anonymous_15)
FN:109,(anonymous_16)
FN:109,(anonymous_17)
FNF:10
FNH:0
FNDA:0,(anonymous_8)
FNDA:0,(anonymous_9)
FNDA:0,(anonymous_10)
FNDA:0,(anonymous_11)
FNDA:0,(anonymous_12)
FNDA:0,(anonymous_13)
FNDA:0,(anonymous_14)
FNDA:0,(anonymous_15)
FNDA:0,(anonymous_16)
FNDA:0,(anonymous_17)
DA:2,13
DA:3,13
DA:4,13
DA:5,13
DA:7,13
DA:8,13
DA:16,13
DA:17,0
DA:24,0
DA:25,0
DA:26,0
DA:28,0
DA:29,0
DA:40,0
DA:42,0
DA:48,0
DA:57,0
DA:58,0
DA:59,0
DA:60,0
DA:61,0
DA:72,0
DA:74,0
DA:80,0
DA:83,0
DA:84,0
DA:85,0
DA:86,0
DA:88,0
DA:90,0
DA:94,0
DA:95,0
DA:96,0
DA:97,0
DA:99,0
DA:105,0
DA:106,0
DA:109,0
DA:110,0
DA:111,0
DA:115,13
LF:41
LH:8
BRDA:25,0,0,0
BRDA:25,0,1,0
BRDA:25,1,0,0
BRDA:25,1,1,0
BRDA:26,2,0,0
BRDA:32,3,0,0
BRDA:32,3,1,0
BRDA:32,4,0,0
BRDA:32,4,1,0
BRDA:33,5,0,0
BRDA:33,5,1,0
BRDA:33,6,0,0
BRDA:33,6,1,0
BRDA:34,7,0,0
BRDA:34,7,1,0
BRDA:34,8,0,0
BRDA:34,8,1,0
BRDA:58,9,0,0
BRDA:58,9,1,0
BRDA:58,10,0,0
BRDA:58,10,1,0
BRDA:59,11,0,0
BRDA:64,12,0,0
BRDA:64,12,1,0
BRDA:64,13,0,0
BRDA:64,13,1,0
BRDA:65,14,0,0
BRDA:65,14,1,0
BRDA:65,15,0,0
BRDA:65,15,1,0
BRDA:66,16,0,0
BRDA:66,16,1,0
BRDA:66,17,0,0
BRDA:66,17,1,0
BRDA:85,18,0,0
BRDA:88,19,0,0
BRDA:95,20,0,0
BRF:37
BRH:0
end_of_record
TN:
SF:src\api\v2\middlewares\index.ts
FNF:0
FNH:0
DA:1,6
DA:2,6
DA:3,6
DA:5,6
LF:4
LH:4
BRF:0
BRH:0
end_of_record
TN:
SF:src\api\v2\middlewares\multer.ts
FN:5,(anonymous_1)
FNF:1
FNH:0
FNDA:0,(anonymous_1)
DA:1,6
DA:3,6
DA:6,0
DA:7,0
DA:9,0
LF:5
LH:2
BRDA:6,0,0,0
BRF:1
BRH:0
end_of_record
TN:
SF:src\api\v2\middlewares\user.ts
FN:3,(anonymous_0)
FN:10,(anonymous_1)
FN:21,(anonymous_2)
FN:32,(anonymous_3)
FNF:4
FNH:1
FNDA:0,(anonymous_0)
FNDA:4,(anonymous_1)
FNDA:0,(anonymous_2)
FNDA:0,(anonymous_3)
DA:3,6
DA:4,0
DA:5,0
DA:7,0
DA:10,6
DA:15,4
DA:16,0
DA:18,4
DA:21,6
DA:26,0
DA:27,0
DA:29,0
DA:32,6
DA:37,0
DA:38,0
DA:40,0
LF:16
LH:6
BRDA:4,0,0,0
BRDA:4,1,0,0
BRDA:4,1,1,0
BRDA:4,2,0,0
BRDA:4,2,1,0
BRDA:15,3,0,0
BRDA:15,4,0,4
BRDA:15,4,1,0
BRDA:15,5,0,4
BRDA:15,5,1,4
BRDA:26,6,0,0
BRDA:37,7,0,0
BRF:12
BRH:3
end_of_record
TN:
SF:src\api\v2\middlewares\validator.ts
FN:5,(anonymous_7)
FN:15,(anonymous_8)
FN:16,(anonymous_9)
FN:16,(anonymous_10)
FN:17,(anonymous_11)
FNF:5
FNH:5
FNDA:42,(anonymous_7)
FNDA:105,(anonymous_8)
FNDA:48,(anonymous_9)
FNDA:48,(anonymous_10)
FNDA:270,(anonymous_11)
DA:2,6
DA:4,6
DA:6,42
DA:15,6
DA:16,105
DA:17,270
DA:18,48
DA:19,48
DA:20,17
DA:24,31
LF:10
LH:10
BRDA:19,0,0,17
BRF:1
BRH:1
end_of_record
TN:
SF:src\api\v2\models\index.ts
FNF:0
FNH:0
DA:1,13
DA:2,13
DA:3,13
DA:4,13
DA:6,13
LF:5
LH:5
BRF:0
BRH:0
end_of_record
TN:
SF:src\api\v2\models\meal.ts
FN:46,(anonymous_8)
FN:52,(anonymous_10)
FN:52,(anonymous_11)
FN:62,(anonymous_12)
FN:71,(anonymous_14)
FN:71,(anonymous_15)
FNF:6
FNH:2
FNDA:18,(anonymous_8)
FNDA:0,(anonymous_10)
FNDA:0,(anonymous_11)
FNDA:3,(anonymous_12)
FNDA:0,(anonymous_14)
FNDA:0,(anonymous_15)
DA:1,13
DA:2,13
DA:5,13
DA:6,13
DA:8,13
DA:10,13
DA:46,13
DA:47,18
DA:48,18
DA:50,18
DA:51,18
DA:52,0
DA:53,0
DA:54,0
DA:55,0
DA:59,18
DA:62,13
DA:63,3
DA:65,3
DA:66,0
DA:69,3
DA:70,0
DA:71,0
DA:72,0
DA:73,0
DA:74,0
DA:79,3
DA:81,1
DA:82,0
DA:83,0
DA:84,0
DA:87,1
DA:88,1
DA:90,1
DA:93,13
LF:35
LH:22
BRDA:47,0,0,0
BRDA:47,0,1,18
BRDA:47,1,0,18
BRDA:47,1,1,18
BRDA:48,2,0,0
BRDA:48,2,1,18
BRDA:48,3,0,18
BRDA:48,3,1,18
BRDA:54,4,0,0
BRDA:65,5,0,0
BRDA:65,6,0,3
BRDA:65,6,1,0
BRDA:65,7,0,3
BRDA:65,7,1,3
BRDA:65,8,0,0
BRDA:65,8,1,3
BRDA:65,9,0,3
BRDA:65,9,1,3
BRDA:69,10,0,0
BRDA:69,11,0,3
BRDA:69,11,1,0
BRDA:69,12,0,0
BRDA:69,12,1,3
BRDA:69,13,0,3
BRDA:69,13,1,3
BRDA:69,14,0,0
BRDA:69,14,1,0
BRDA:69,15,0,0
BRDA:69,15,1,0
BRDA:69,16,0,0
BRDA:69,16,1,0
BRDA:69,17,0,0
BRDA:69,17,1,0
BRDA:73,18,0,0
BRDA:79,19,0,2
BRDA:79,20,0,0
BRDA:79,20,1,3
BRDA:79,21,0,3
BRDA:79,21,1,3
BRDA:81,22,0,0
BRDA:81,23,0,0
BRDA:81,23,1,1
BRDA:81,24,0,1
BRDA:81,24,1,1
BRF:44
BRH:23
end_of_record
TN:
SF:src\api\v2\models\order.ts
FN:38,(anonymous_7)
FN:40,(anonymous_8)
FN:48,(anonymous_9)
FN:49,(anonymous_11)
FN:49,(anonymous_12)
FN:58,(anonymous_13)
FN:71,(anonymous_15)
FN:76,(anonymous_16)
FN:76,(anonymous_17)
FNF:9
FNH:5
FNDA:1,(anonymous_7)
FNDA:1,(anonymous_8)
FNDA:16,(anonymous_9)
FNDA:16,(anonymous_11)
FNDA:16,(anonymous_12)
FNDA:0,(anonymous_13)
FNDA:0,(anonymous_15)
FNDA:0,(anonymous_16)
FNDA:0,(anonymous_17)
DA:1,13
DA:3,13
DA:7,13
DA:38,13
DA:39,1
DA:40,1
DA:41,1
DA:42,1
DA:45,1
DA:48,13
DA:49,16
DA:50,16
DA:51,16
DA:52,1
DA:55,1
DA:58,13
DA:59,0
DA:60,0
DA:61,0
DA:63,0
DA:64,0
DA:67,0
DA:69,0
DA:71,0
DA:72,0
DA:73,0
DA:76,0
DA:77,0
DA:78,0
DA:79,0
DA:82,0
DA:85,13
LF:32
LH:17
BRDA:51,0,0,15
BRDA:60,1,0,0
BRDA:60,1,1,0
BRDA:60,2,0,0
BRDA:60,2,1,0
BRDA:61,3,0,0
BRDA:61,3,1,0
BRDA:61,4,0,0
BRDA:61,4,1,0
BRDA:63,5,0,0
BRDA:63,6,0,0
BRDA:63,6,1,0
BRDA:63,7,0,0
BRDA:63,7,1,0
BRDA:63,8,0,0
BRDA:63,8,1,0
BRDA:63,9,0,0
BRDA:63,9,1,0
BRDA:67,10,0,0
BRDA:69,11,0,0
BRDA:69,12,0,0
BRDA:69,12,1,0
BRDA:78,13,0,0
BRF:23
BRH:1
end_of_record
TN:
SF:src\api\v2\models\restaurant.ts
FNF:0
FNH:0
DA:1,13
DA:5,13
DA:12,13
LF:3
LH:3
BRF:0
BRH:0
end_of_record
TN:
SF:src\api\v2\models\user.ts
FN:21,(anonymous_0)
FNF:1
FNH:1
FNDA:3,(anonymous_0)
DA:1,13
DA:6,13
DA:21,13
DA:22,3
DA:29,13
LF:5
LH:5
BRF:0
BRH:0
end_of_record
TN:
SF:src\api\v2\repositories\MealRepository.ts
FN:6,(anonymous_1)
FNF:1
FNH:1
FNDA:6,(anonymous_1)
DA:1,13
DA:2,13
DA:5,13
DA:7,6
LF:4
LH:4
BRF:0
BRH:0
end_of_record
TN:
SF:src\api\v2\repositories\OrderRepository.ts
FN:6,(anonymous_1)
FNF:1
FNH:1
FNDA:6,(anonymous_1)
DA:1,13
DA:3,13
DA:5,13
DA:7,6
LF:4
LH:4
BRF:0
BRH:0
end_of_record
TN:
SF:src\api\v2\repositories\RestaurantRepository.ts
FN:6,(anonymous_1)
FNF:1
FNH:1
FNDA:7,(anonymous_1)
DA:2,13
DA:3,13
DA:5,13
DA:7,7
LF:4
LH:4
BRF:0
BRH:0
end_of_record
TN:
SF:src\api\v2\repositories\UserRepository.ts
FN:8,(anonymous_1)
FNF:1
FNH:1
FNDA:6,(anonymous_1)
DA:3,13
DA:4,13
DA:7,13
DA:9,6
LF:4
LH:4
BRF:0
BRH:0
end_of_record
TN:
SF:src\api\v2\repositories\index.ts
FNF:0
FNH:0
DA:1,11
DA:2,11
DA:3,11
DA:4,11
DA:7,11
DA:8,11
DA:9,11
DA:10,11
LF:8
LH:8
BRF:0
BRH:0
end_of_record
TN:
SF:src\api\v2\repositories\base\BaseRepository.ts
FN:8,(anonymous_8)
FN:10,(anonymous_9)
FN:17,(anonymous_11)
FN:24,(anonymous_13)
FN:35,(anonymous_15)
FN:39,(anonymous_17)
FN:46,(anonymous_19)
FN:50,(anonymous_21)
FNF:8
FNH:8
FNDA:25,(anonymous_8)
FNDA:8,(anonymous_9)
FNDA:17,(anonymous_11)
FNDA:8,(anonymous_13)
FNDA:5,(anonymous_15)
FNDA:18,(anonymous_17)
FNDA:14,(anonymous_19)
FNDA:33,(anonymous_21)
DA:1,13
DA:5,13
DA:8,25
DA:11,8
DA:21,17
DA:29,8
DA:36,5
DA:43,18
DA:47,14
DA:51,33
LF:10
LH:10
BRDA:13,0,0,8
BRDA:13,0,1,8
BRDA:14,1,0,8
BRDA:14,1,1,8
BRDA:31,2,0,8
BRDA:31,2,1,8
BRDA:32,3,0,8
BRDA:32,3,1,8
BRF:8
BRH:8
end_of_record
TN:
SF:src\api\v2\routes\index.ts
FN:53,(anonymous_0)
FNF:1
FNH:0
FNDA:0,(anonymous_0)
DA:1,5
DA:3,5
DA:11,5
DA:18,5
DA:24,5
DA:26,5
DA:29,5
DA:33,5
DA:37,5
DA:40,5
DA:42,5
DA:44,5
DA:46,5
DA:47,5
DA:48,5
DA:49,5
DA:50,5
DA:51,5
DA:53,5
DA:54,0
DA:57,5
LF:21
LH:20
BRF:0
BRH:0
end_of_record
TN:
SF:src\api\v2\services\ImageService.ts
FN:8,(anonymous_7)
FN:10,(anonymous_8)
FN:26,(anonymous_10)
FN:35,(anonymous_12)
FN:77,(anonymous_14)
FNF:5
FNH:3
FNDA:18,(anonymous_7)
FNDA:1,(anonymous_8)
FNDA:2,(anonymous_10)
FNDA:0,(anonymous_12)
FNDA:0,(anonymous_14)
DA:5,13
DA:7,13
DA:8,18
DA:11,1
DA:12,1
DA:13,1
DA:15,0
DA:27,2
DA:28,2
DA:29,1
DA:31,1
DA:39,0
DA:40,0
DA:44,0
DA:46,0
DA:81,0
DA:82,0
DA:86,0
DA:87,0
DA:95,0
DA:97,0
LF:21
LH:10
BRDA:86,0,0,0
BRF:1
BRH:0
end_of_record
TN:
SF:src\api\v2\services\MealService.ts
FN:10,(anonymous_8)
FN:12,(anonymous_9)
FN:39,(anonymous_11)
FN:61,(anonymous_13)
FN:122,(anonymous_15)
FN:138,(anonymous_17)
FN:167,(anonymous_19)
FNF:7
FNH:6
FNDA:5,(anonymous_8)
FNDA:2,(anonymous_9)
FNDA:1,(anonymous_11)
FNDA:1,(anonymous_13)
FNDA:0,(anonymous_15)
FNDA:3,(anonymous_17)
FNDA:2,(anonymous_19)
DA:6,7
DA:7,7
DA:9,7
DA:10,5
DA:13,2
DA:14,2
DA:15,2
DA:16,2
DA:17,1
DA:25,1
DA:27,0
DA:43,1
DA:44,1
DA:48,1
DA:50,0
DA:76,1
DA:91,1
DA:92,0
DA:95,1
DA:96,0
DA:99,1
DA:100,0
DA:103,1
DA:104,1
DA:109,1
DA:111,0
DA:123,0
DA:124,0
DA:125,0
DA:127,0
DA:142,3
DA:143,3
DA:144,3
DA:145,3
DA:146,1
DA:154,2
DA:156,0
DA:168,2
DA:169,2
DA:170,2
DA:171,2
DA:172,1
DA:180,1
DA:182,0
LF:44
LH:32
BRDA:15,0,0,2
BRDA:15,0,1,0
BRDA:15,1,0,2
BRDA:15,1,1,2
BRDA:16,2,0,1
BRDA:45,3,0,1
BRDA:45,3,1,1
BRDA:45,4,0,1
BRDA:45,4,1,0
BRDA:45,5,0,1
BRDA:45,5,1,1
BRDA:46,6,0,1
BRDA:46,6,1,0
BRDA:46,7,0,1
BRDA:46,7,1,1
BRDA:78,8,0,1
BRDA:78,8,1,1
BRDA:79,9,0,1
BRDA:79,9,1,1
BRDA:81,10,0,1
BRDA:81,10,1,0
BRDA:82,11,0,1
BRDA:82,11,1,1
BRDA:82,12,0,1
BRDA:82,12,1,0
BRDA:82,13,0,1
BRDA:82,13,1,1
BRDA:84,14,0,1
BRDA:84,14,1,1
BRDA:87,15,0,1
BRDA:87,15,1,1
BRDA:91,16,0,0
BRDA:91,17,0,1
BRDA:91,17,1,0
BRDA:92,18,0,0
BRDA:92,18,1,0
BRDA:92,19,0,0
BRDA:92,19,1,0
BRDA:92,20,0,0
BRDA:92,20,1,0
BRDA:95,21,0,0
BRDA:99,22,0,0
BRDA:106,23,0,1
BRDA:106,23,1,1
BRDA:106,24,0,1
BRDA:106,24,1,0
BRDA:106,25,0,1
BRDA:106,25,1,1
BRDA:107,26,0,1
BRDA:107,26,1,0
BRDA:107,27,0,1
BRDA:107,27,1,1
BRDA:145,28,0,1
BRDA:171,29,0,1
BRF:54
BRH:37
end_of_record
TN:
SF:src\api\v2\services\OrderService.ts
FN:10,(anonymous_8)
FN:12,(anonymous_9)
FN:31,(anonymous_11)
FN:57,(anonymous_13)
FN:111,(anonymous_15)
FN:132,(anonymous_17)
FN:161,(anonymous_19)
FNF:7
FNH:2
FNDA:5,(anonymous_8)
FNDA:1,(anonymous_9)
FNDA:0,(anonymous_11)
FNDA:0,(anonymous_13)
FNDA:0,(anonymous_15)
FNDA:0,(anonymous_17)
FNDA:0,(anonymous_19)
DA:6,7
DA:7,7
DA:9,7
DA:10,5
DA:16,1
DA:17,1
DA:18,1
DA:20,0
DA:32,0
DA:33,0
DA:34,0
DA:35,0
DA:36,0
DA:44,0
DA:46,0
DA:72,0
DA:81,0
DA:82,0
DA:83,0
DA:84,0
DA:85,0
DA:88,0
DA:89,0
DA:92,0
DA:93,0
DA:98,0
DA:100,0
DA:112,0
DA:113,0
DA:119,0
DA:121,0
DA:136,0
DA:137,0
DA:138,0
DA:139,0
DA:140,0
DA:148,0
DA:150,0
DA:162,0
DA:163,0
DA:164,0
DA:165,0
DA:166,0
DA:174,0
DA:176,0
LF:45
LH:7
BRDA:17,0,0,1
BRDA:17,0,1,1
BRDA:17,1,0,1
BRDA:17,1,1,0
BRDA:17,2,0,1
BRDA:17,2,1,1
BRDA:34,3,0,0
BRDA:34,3,1,0
BRDA:34,4,0,0
BRDA:34,4,1,0
BRDA:35,5,0,0
BRDA:73,6,0,0
BRDA:73,6,1,0
BRDA:75,7,0,0
BRDA:75,7,1,0
BRDA:76,8,0,0
BRDA:76,8,1,0
BRDA:78,9,0,0
BRDA:78,9,1,0
BRDA:78,10,0,0
BRDA:78,10,1,0
BRDA:78,11,0,0
BRDA:78,11,1,0
BRDA:81,12,0,0
BRDA:82,13,0,0
BRDA:83,14,0,0
BRDA:84,15,0,0
BRDA:84,16,0,0
BRDA:84,16,1,0
BRDA:88,17,0,0
BRDA:89,18,0,0
BRDA:95,19,0,0
BRDA:95,19,1,0
BRDA:96,20,0,0
BRDA:96,20,1,0
BRDA:96,21,0,0
BRDA:96,21,1,0
BRDA:139,22,0,0
BRDA:165,23,0,0
BRF:39
BRH:5
end_of_record
TN:
SF:src\api\v2\services\RestaurantService.ts
FN:10,(anonymous_8)
FN:12,(anonymous_9)
FN:34,(anonymous_11)
FN:66,(anonymous_13)
FN:100,(anonymous_15)
FN:116,(anonymous_17)
FN:145,(anonymous_19)
FNF:7
FNH:7
FNDA:6,(anonymous_8)
FNDA:3,(anonymous_9)
FNDA:4,(anonymous_11)
FNDA:3,(anonymous_13)
FNDA:3,(anonymous_15)
FNDA:6,(anonymous_17)
FNDA:5,(anonymous_19)
DA:6,7
DA:7,7
DA:9,7
DA:10,6
DA:16,3
DA:17,3
DA:21,2
DA:23,1
DA:38,4
DA:39,4
DA:40,4
DA:44,3
DA:45,1
DA:53,2
DA:55,1
DA:71,3
DA:79,3
DA:81,3
DA:82,3
DA:87,2
DA:89,1
DA:101,3
DA:102,3
DA:103,2
DA:105,1
DA:120,6
DA:121,6
DA:122,6
DA:123,5
DA:124,2
DA:132,3
DA:134,1
DA:146,5
DA:147,5
DA:148,5
DA:149,4
DA:150,2
DA:158,2
DA:160,1
LF:39
LH:39
BRDA:18,0,0,3
BRDA:18,0,1,3
BRDA:18,1,0,3
BRDA:18,1,1,0
BRDA:18,2,0,3
BRDA:18,2,1,3
BRDA:19,3,0,3
BRDA:19,3,1,0
BRDA:19,4,0,3
BRDA:19,4,1,3
BRDA:42,5,0,4
BRDA:42,5,1,0
BRDA:42,6,0,4
BRDA:42,6,1,4
BRDA:44,7,0,1
BRDA:72,8,0,3
BRDA:72,8,1,3
BRDA:73,9,0,3
BRDA:73,9,1,3
BRDA:75,10,0,3
BRDA:75,10,1,1
BRDA:79,11,0,1
BRDA:84,12,0,3
BRDA:84,12,1,3
BRDA:85,13,0,3
BRDA:85,13,1,0
BRDA:85,14,0,3
BRDA:85,14,1,3
BRDA:123,15,0,2
BRDA:149,16,0,2
BRF:30
BRH:26
end_of_record
TN:
SF:src\api\v2\services\UserService.ts
FN:11,(anonymous_8)
FN:13,(anonymous_9)
FN:30,(anonymous_11)
FN:56,(anonymous_13)
FN:84,(anonymous_15)
FN:114,(anonymous_17)
FN:143,(anonymous_19)
FNF:7
FNH:7
FNDA:5,(anonymous_8)
FNDA:1,(anonymous_9)
FNDA:5,(anonymous_11)
FNDA:2,(anonymous_13)
FNDA:1,(anonymous_15)
FNDA:4,(anonymous_17)
FNDA:2,(anonymous_19)
DA:2,7
DA:6,7
DA:7,7
DA:8,7
DA:10,7
DA:11,5
DA:14,1
DA:15,1
DA:17,1
DA:19,0
DA:31,5
DA:32,5
DA:33,5
DA:34,5
DA:35,2
DA:43,3
DA:45,0
DA:60,2
DA:61,2
DA:62,2
DA:63,1
DA:71,1
DA:73,0
DA:85,1
DA:86,1
DA:87,1
DA:97,1
DA:99,1
DA:100,1
DA:101,1
DA:103,0
DA:118,4
DA:119,4
DA:120,4
DA:121,4
DA:122,1
DA:130,3
DA:132,0
DA:144,2
DA:145,2
DA:146,2
DA:147,2
DA:148,1
DA:156,1
DA:158,0
LF:45
LH:39
BRDA:15,0,0,1
BRDA:15,0,1,1
BRDA:15,1,0,1
BRDA:15,1,1,0
BRDA:15,2,0,1
BRDA:15,2,1,1
BRDA:33,3,0,5
BRDA:33,3,1,0
BRDA:33,4,0,5
BRDA:33,4,1,5
BRDA:34,5,0,2
BRDA:61,6,0,2
BRDA:61,6,1,0
BRDA:61,7,0,2
BRDA:61,7,1,2
BRDA:62,8,0,1
BRDA:121,9,0,1
BRDA:147,10,0,1
BRF:18
BRH:15
end_of_record
TN:
SF:src\api\v2\services\index.ts
FNF:0
FNH:0
DA:1,7
DA:2,7
DA:3,7
DA:4,7
DA:5,7
DA:8,7
DA:9,7
DA:10,7
DA:11,7
DA:12,7
LF:10
LH:10
BRF:0
BRH:0
end_of_record
TN:
SF:src\api\v2\utils\HttpError.ts
FN:6,(anonymous_0)
FN:21,(anonymous_1)
FN:25,(anonymous_2)
FN:29,(anonymous_3)
FN:33,(anonymous_4)
FN:37,(anonymous_5)
FNF:6
FNH:3
FNDA:29,(anonymous_0)
FNDA:0,(anonymous_1)
FNDA:58,(anonymous_2)
FNDA:29,(anonymous_3)
FNDA:0,(anonymous_4)
FNDA:0,(anonymous_5)
DA:3,14
DA:7,29
DA:8,29
DA:9,29
DA:10,29
DA:13,29
DA:14,29
DA:15,0
DA:17,29
DA:22,0
DA:26,58
DA:30,29
DA:34,0
DA:38,0
LF:14
LH:10
BRDA:10,0,0,29
BRDA:11,1,0,29
BRDA:14,2,0,0
BRDA:14,2,1,29
BRF:4
BRH:3
end_of_record
TN:
SF:src\api\v2\utils\index.ts
FN:5,(anonymous_1)
FN:6,(anonymous_2)
FN:9,(anonymous_3)
FN:10,(anonymous_4)
FNF:4
FNH:4
FNDA:11,(anonymous_1)
FNDA:41,(anonymous_2)
FNDA:2,(anonymous_3)
FNDA:3,(anonymous_4)
DA:1,14
DA:3,14
DA:5,14
DA:6,41
DA:9,14
DA:10,3
LF:6
LH:6
BRDA:10,0,0,3
BRDA:10,0,1,3
BRF:2
BRH:2
end_of_record
TN:
SF:src\api\v2\validators\index.ts
FNF:0
FNH:0
DA:1,6
DA:2,6
DA:3,6
DA:4,6
DA:6,6
LF:5
LH:5
BRF:0
BRH:0
end_of_record
TN:
SF:src\api\v2\validators\mealValidator.ts
FN:72,(anonymous_7)
FN:72,(anonymous_8)
FN:93,(anonymous_9)
FN:93,(anonymous_10)
FN:216,(anonymous_11)
FN:216,(anonymous_12)
FN:236,(anonymous_13)
FN:236,(anonymous_14)
FN:332,(anonymous_15)
FN:333,(anonymous_16)
FNF:10
FNH:4
FNDA:3,(anonymous_7)
FNDA:3,(anonymous_8)
FNDA:0,(anonymous_9)
FNDA:0,(anonymous_10)
FNDA:0,(anonymous_11)
FNDA:0,(anonymous_12)
FNDA:0,(anonymous_13)
FNDA:0,(anonymous_14)
FNDA:1,(anonymous_15)
FNDA:1,(anonymous_16)
DA:3,6
DA:6,6
DA:7,6
DA:8,6
DA:10,6
DA:19,6
DA:72,3
DA:73,3
DA:74,3
DA:75,0
DA:93,0
DA:94,0
DA:95,0
DA:96,0
DA:97,0
DA:98,0
DA:99,0
DA:154,6
DA:216,0
DA:217,0
DA:218,0
DA:219,0
DA:236,0
DA:237,0
DA:238,0
DA:239,0
DA:240,0
DA:241,0
DA:242,0
DA:296,6
DA:333,1
DA:334,1
DA:335,1
DA:338,0
DA:344,6
LF:35
LH:15
BRDA:74,0,0,3
BRDA:94,1,0,0
BRDA:94,2,0,0
BRDA:94,2,1,0
BRDA:98,3,0,0
BRDA:218,4,0,0
BRDA:237,5,0,0
BRDA:237,6,0,0
BRDA:237,6,1,0
BRDA:241,7,0,0
BRDA:334,8,0,1
BRF:11
BRH:2
end_of_record
TN:
SF:src\api\v2\validators\orderValidator.ts
FN:51,(anonymous_7)
FN:51,(anonymous_8)
FN:53,(anonymous_9)
FN:108,(anonymous_10)
FN:108,(anonymous_11)
FN:136,(anonymous_12)
FN:136,(anonymous_13)
FN:167,(anonymous_14)
FN:167,(anonymous_15)
FN:193,(anonymous_16)
FN:193,(anonymous_17)
FN:234,(anonymous_18)
FNF:12
FNH:0
FNDA:0,(anonymous_7)
FNDA:0,(anonymous_8)
FNDA:0,(anonymous_9)
FNDA:0,(anonymous_10)
FNDA:0,(anonymous_11)
FNDA:0,(anonymous_12)
FNDA:0,(anonymous_13)
FNDA:0,(anonymous_14)
FNDA:0,(anonymous_15)
FNDA:0,(anonymous_16)
FNDA:0,(anonymous_17)
FNDA:0,(anonymous_18)
DA:3,6
DA:4,6
DA:6,6
DA:15,6
DA:51,0
DA:52,0
DA:54,0
DA:55,0
DA:56,0
DA:60,0
DA:61,0
DA:62,0
DA:89,6
DA:108,0
DA:109,0
DA:110,0
DA:111,0
DA:136,0
DA:137,0
DA:138,0
DA:139,0
DA:149,6
DA:167,0
DA:168,0
DA:169,0
DA:170,0
DA:193,0
DA:194,0
DA:195,0
DA:196,0
DA:235,0
DA:236,0
DA:237,0
DA:254,6
LF:34
LH:7
BRDA:54,0,0,0
BRDA:60,1,0,0
BRDA:110,2,0,0
BRDA:138,3,0,0
BRDA:169,4,0,0
BRDA:195,5,0,0
BRDA:236,6,0,0
BRF:7
BRH:0
end_of_record
TN:
SF:src\api\v2\validators\restaurantValidator.ts
FNF:0
FNH:0
DA:3,6
DA:12,6
DA:50,6
DA:81,6
DA:119,6
LF:5
LH:5
BRF:0
BRH:0
end_of_record
TN:
SF:src\api\v2\validators\userValidator.ts
FN:39,(anonymous_7)
FN:39,(anonymous_8)
FN:95,(anonymous_9)
FN:95,(anonymous_10)
FNF:4
FNH:2
FNDA:2,(anonymous_7)
FNDA:2,(anonymous_8)
FNDA:0,(anonymous_9)
FNDA:0,(anonymous_10)
DA:3,6
DA:6,6
DA:15,6
DA:39,2
DA:40,2
DA:41,2
DA:42,2
DA:65,6
DA:95,0
DA:96,0
DA:99,0
DA:100,0
DA:140,6
DA:148,6
LF:14
LH:10
BRDA:41,0,0,0
BRDA:99,1,0,0
BRF:2
BRH:0
end_of_record
TN:
SF:src\config\Database.ts
FN:7,(anonymous_8)
FN:12,(anonymous_9)
FN:22,(anonymous_11)
FNF:3
FNH:3
FNDA:4,(anonymous_8)
FNDA:4,(anonymous_9)
FNDA:4,(anonymous_11)
DA:1,4
DA:2,4
DA:4,4
DA:6,4
DA:8,4
DA:9,4
DA:13,4
DA:14,4
DA:15,4
DA:17,0
DA:18,0
DA:23,4
LF:12
LH:10
BRF:0
BRH:0
end_of_record
TN:
SF:src\config\Logger.ts
FN:8,(anonymous_0)
FN:15,(anonymous_1)
FN:19,(anonymous_2)
FN:23,(anonymous_3)
FN:30,(anonymous_4)
FNF:5
FNH:3
FNDA:9,(anonymous_0)
FNDA:0,(anonymous_1)
FNDA:0,(anonymous_2)
FNDA:4,(anonymous_3)
FNDA:4,(anonymous_4)
DA:3,5
DA:4,9
DA:9,9
DA:16,0
DA:20,0
DA:24,4
DA:25,4
DA:26,4
DA:27,4
DA:31,4
LF:10
LH:8
BRDA:25,0,0,4
BRDA:25,0,1,0
BRDA:26,1,0,4
BRDA:26,1,1,0
BRF:4
BRH:2
end_of_record
TN:
SF:src\config\Mailer.ts
FN:31,(anonymous_8)
FN:42,(anonymous_9)
FN:46,(anonymous_11)
FNF:3
FNH:0
FNDA:0,(anonymous_8)
FNDA:0,(anonymous_9)
FNDA:0,(anonymous_11)
DA:1,5
DA:2,5
DA:6,5
DA:8,5
DA:9,0
DA:17,0
DA:32,0
DA:33,0
DA:34,0
DA:36,0
DA:39,0
DA:43,0
DA:47,0
DA:48,0
DA:57,0
LF:15
LH:4
BRF:0
BRH:0
end_of_record
TN:
SF:src\config\constants.ts
FN:7,(anonymous_0)
FNF:1
FNH:1
FNDA:13,(anonymous_0)
DA:1,13
DA:7,13
DA:8,13
DA:9,0
DA:11,13
DA:12,0
DA:14,13
DA:18,13
DA:30,13
DA:31,13
LF:10
LH:8
BRDA:8,0,0,0
BRDA:9,1,0,0
BRDA:9,1,1,0
BRDA:11,2,0,0
BRDA:12,3,0,0
BRDA:12,3,1,0
BRDA:14,4,0,13
BRDA:14,4,1,0
BRDA:30,5,0,13
BRDA:30,5,1,0
BRF:10
BRH:2
end_of_record
TN:
SF:src\config\docs\basicInfo.ts
FNF:0
FNH:0
DA:1,5
LF:1
LH:1
BRF:0
BRH:0
end_of_record
TN:
SF:src\config\docs\components.ts
FNF:0
FNH:0
DA:1,5
DA:3,5
LF:2
LH:2
BRF:0
BRH:0
end_of_record
TN:
SF:src\config\docs\index.ts
FNF:0
FNH:0
DA:1,5
DA:2,5
DA:3,5
DA:4,5
DA:5,5
DA:6,5
DA:7,5
DA:8,5
DA:9,5
DA:10,5
DA:12,5
LF:11
LH:11
BRF:0
BRH:0
end_of_record
TN:
SF:src\config\docs\server.ts
FNF:0
FNH:0
DA:1,5
LF:1
LH:1
BRF:0
BRH:0
end_of_record
TN:
SF:src\config\docs\tags.ts
FNF:0
FNH:0
DA:1,5
LF:1
LH:1
BRF:0
BRH:0
end_of_record
TN:
SF:src\config\docs\endpoints\auth.ts
FNF:0
FNH:0
DA:1,5
LF:1
LH:1
BRF:0
BRH:0
end_of_record
TN:
SF:src\config\docs\endpoints\images.ts
FNF:0
FNH:0
DA:1,5
LF:1
LH:1
BRF:0
BRH:0
end_of_record
TN:
SF:src\config\docs\endpoints\meals.ts
FNF:0
FNH:0
DA:1,5
LF:1
LH:1
BRF:0
BRH:0
end_of_record
TN:
SF:src\config\docs\endpoints\orders.ts
FNF:0
FNH:0
DA:1,5
LF:1
LH:1
BRF:0
BRH:0
end_of_record
TN:
SF:src\config\docs\endpoints\restaurants.ts
FNF:0
FNH:0
DA:1,5
LF:1
LH:1
BRF:0
BRH:0
end_of_record
TN:
SF:src\config\docs\endpoints\users.ts
FNF:0
FNH:0
DA:1,5
LF:1
LH:1
BRF:0
BRH:0
end_of_record
